;  LST file generated by mikroListExporter - v.2.0 
; Date/Time: 15/09/2021 20:13:02
;----------------------------------------------

;Address Opcode 	ASM
0x0000	0xF005EF20  	GOTO        2624
0x0004	0x0000      	NOP
0x0006	0x0000      	NOP
0x0008	0xF000EF00  	GOTO        0
0x000C	0x0000      	NOP
0x000E	0x0000      	NOP
0x0010	0x0000      	NOP
0x0012	0x0000      	NOP
0x0014	0x0000      	NOP
0x0016	0x0000      	NOP
0x0018	0xD7F3      	BRA         0
_Delay_1us:
;__Lib_Delays.c,7 :: 		void Delay_1us() {
;__Lib_Delays.c,8 :: 		Delay_us(1);
0x001C	0x0000      	NOP
0x001E	0x0000      	NOP
;__Lib_Delays.c,9 :: 		}
L_end_Delay_1us:
0x0020	0x0012      	RETURN      0
; end of _Delay_1us
_Delay_5500us:
;__Lib_Delays.c,31 :: 		void Delay_5500us() {
;__Lib_Delays.c,32 :: 		Delay_us(5500);
0x0022	0x0E0F      	MOVLW       15
0x0024	0x6E0C      	MOVWF       R12, 0
0x0026	0x0E47      	MOVLW       71
0x0028	0x6E0D      	MOVWF       R13, 0
L_Delay_5500us5:
0x002A	0x2E0D      	DECFSZ      R13, 1, 0
0x002C	0xD7FE      	BRA         L_Delay_5500us5
0x002E	0x2E0C      	DECFSZ      R12, 1, 0
0x0030	0xD7FC      	BRA         L_Delay_5500us5
0x0032	0x0000      	NOP
0x0034	0x0000      	NOP
;__Lib_Delays.c,33 :: 		}
L_end_Delay_5500us:
0x0036	0x0012      	RETURN      0
; end of _Delay_5500us
_Delay_50us:
;__Lib_Delays.c,19 :: 		void Delay_50us() {
;__Lib_Delays.c,20 :: 		Delay_us(50);
0x0038	0x0E21      	MOVLW       33
0x003A	0x6E0D      	MOVWF       R13, 0
L_Delay_50us2:
0x003C	0x2E0D      	DECFSZ      R13, 1, 0
0x003E	0xD7FE      	BRA         L_Delay_50us2
;__Lib_Delays.c,21 :: 		}
L_end_Delay_50us:
0x0040	0x0012      	RETURN      0
; end of _Delay_50us
_FIXSIGN32:
;__Lib_MathDouble.c,117 :: 		
;__Lib_MathDouble.c,121 :: 		
0x0042	0xAE0A      	BTFSS       R10, 7, 0
;__Lib_MathDouble.c,122 :: 		
0x0044	0x9E02      	BCF         R2, 7, 0
;__Lib_MathDouble.c,123 :: 		
0x0046	0x0E00      	MOVLW       0
;__Lib_MathDouble.c,125 :: 		
L_end_FIXSIGN32:
0x0048	0x0012      	RETURN      0
; end of _FIXSIGN32
_SETFUN32:
;__Lib_MathDouble.c,144 :: 		
;__Lib_MathDouble.c,152 :: 		
0x004A	0x840B      	BSF         R11, 2, 0
;__Lib_MathDouble.c,153 :: 		
0x004C	0xAE0B      	BTFSS       R11, 7, 0
;__Lib_MathDouble.c,154 :: 		
0x004E	0xF000EF30  	GOTO        SETFUN32EEE
;__Lib_MathDouble.c,156 :: 		
0x0052	0x0E01      	MOVLW       1
;__Lib_MathDouble.c,157 :: 		
0x0054	0x6E03      	MOVWF       R3, 0
;__Lib_MathDouble.c,158 :: 		
0x0056	0x6A02      	CLRF        R2, 0
;__Lib_MathDouble.c,159 :: 		
0x0058	0x6A01      	CLRF        R1, 0
;__Lib_MathDouble.c,160 :: 		
0x005A	0x6A00      	CLRF        R0, 0
;__Lib_MathDouble.c,161 :: 		
0x005C	0x360A      	RLCF        R10, 1, 0
;__Lib_MathDouble.c,162 :: 		
0x005E	0x3202      	RRCF        R2, 1, 0
;__Lib_MathDouble.c,163 :: 		
SETFUN32EEE:
;__Lib_MathDouble.c,164 :: 		
0x0060	0x0EFF      	MOVLW       255
;__Lib_MathDouble.c,166 :: 		
L_end_SETFUN32:
0x0062	0x0012      	RETURN      0
; end of _SETFUN32
_RES032:
;__Lib_MathDouble.c,128 :: 		
;__Lib_MathDouble.c,134 :: 		
0x0064	0x6A02      	CLRF        R2, 0
;__Lib_MathDouble.c,135 :: 		
0x0066	0x6A01      	CLRF        R1, 0
;__Lib_MathDouble.c,136 :: 		
0x0068	0x6A00      	CLRF        R0, 0
;__Lib_MathDouble.c,137 :: 		
0x006A	0x6A08      	CLRF        R8, 0
;__Lib_MathDouble.c,138 :: 		
0x006C	0x6A03      	CLRF        R3, 0
;__Lib_MathDouble.c,139 :: 		
0x006E	0x0E00      	MOVLW       0
;__Lib_MathDouble.c,141 :: 		
L_end_RES032:
0x0070	0x0012      	RETURN      0
; end of _RES032
_Lcd_Cmd:
;__Lib_Lcd.c,18 :: 		
;__Lib_Lcd.c,20 :: 		
0x0072	0xBE6C      	BTFSC       FARG_Lcd_Cmd_out_char, 7 
0x0074	0xD002      	BRA         L__Lcd_Cmd21
0x0076	0x9E83      	BCF         lcd_d7, BitPos(lcd_d7+0) 
0x0078	0xD001      	BRA         L__Lcd_Cmd22
L__Lcd_Cmd21:
0x007A	0x8E83      	BSF         lcd_d7, BitPos(lcd_d7+0) 
L__Lcd_Cmd22:
;__Lib_Lcd.c,21 :: 		
0x007C	0xBC6C      	BTFSC       FARG_Lcd_Cmd_out_char, 6 
0x007E	0xD002      	BRA         L__Lcd_Cmd23
0x0080	0x9C83      	BCF         lcd_d6, BitPos(lcd_d6+0) 
0x0082	0xD001      	BRA         L__Lcd_Cmd24
L__Lcd_Cmd23:
0x0084	0x8C83      	BSF         lcd_d6, BitPos(lcd_d6+0) 
L__Lcd_Cmd24:
;__Lib_Lcd.c,22 :: 		
0x0086	0xBA6C      	BTFSC       FARG_Lcd_Cmd_out_char, 5 
0x0088	0xD002      	BRA         L__Lcd_Cmd25
0x008A	0x9A83      	BCF         lcd_d5, BitPos(lcd_d5+0) 
0x008C	0xD001      	BRA         L__Lcd_Cmd26
L__Lcd_Cmd25:
0x008E	0x8A83      	BSF         lcd_d5, BitPos(lcd_d5+0) 
L__Lcd_Cmd26:
;__Lib_Lcd.c,23 :: 		
0x0090	0xB86C      	BTFSC       FARG_Lcd_Cmd_out_char, 4 
0x0092	0xD002      	BRA         L__Lcd_Cmd27
0x0094	0x9883      	BCF         lcd_d4, BitPos(lcd_d4+0) 
0x0096	0xD001      	BRA         L__Lcd_Cmd28
L__Lcd_Cmd27:
0x0098	0x8883      	BSF         lcd_d4, BitPos(lcd_d4+0) 
L__Lcd_Cmd28:
;__Lib_Lcd.c,25 :: 		
0x009A	0xB059      	BTFSC       __Lib_Lcd_cmd_status, BitPos(__Lib_Lcd_cmd_status+0) 
0x009C	0xD002      	BRA         L__Lcd_Cmd29
0x009E	0x8084      	BSF         lcd_rs, BitPos(lcd_rs+0) 
0x00A0	0xD001      	BRA         L__Lcd_Cmd30
L__Lcd_Cmd29:
0x00A2	0x9084      	BCF         lcd_rs, BitPos(lcd_rs+0) 
L__Lcd_Cmd30:
;__Lib_Lcd.c,28 :: 		
0x00A4	0x8484      	BSF         lcd_en, BitPos(lcd_en+0) 
;__Lib_Lcd.c,29 :: 		
0x00A6	0xDFBA      	RCALL       _Delay_1us
;__Lib_Lcd.c,30 :: 		
0x00A8	0x9484      	BCF         lcd_en, BitPos(lcd_en+0) 
;__Lib_Lcd.c,33 :: 		
0x00AA	0xB66C      	BTFSC       FARG_Lcd_Cmd_out_char, 3 
0x00AC	0xD002      	BRA         L__Lcd_Cmd31
0x00AE	0x9E83      	BCF         lcd_d7, BitPos(lcd_d7+0) 
0x00B0	0xD001      	BRA         L__Lcd_Cmd32
L__Lcd_Cmd31:
0x00B2	0x8E83      	BSF         lcd_d7, BitPos(lcd_d7+0) 
L__Lcd_Cmd32:
;__Lib_Lcd.c,34 :: 		
0x00B4	0xB46C      	BTFSC       FARG_Lcd_Cmd_out_char, 2 
0x00B6	0xD002      	BRA         L__Lcd_Cmd33
0x00B8	0x9C83      	BCF         lcd_d6, BitPos(lcd_d6+0) 
0x00BA	0xD001      	BRA         L__Lcd_Cmd34
L__Lcd_Cmd33:
0x00BC	0x8C83      	BSF         lcd_d6, BitPos(lcd_d6+0) 
L__Lcd_Cmd34:
;__Lib_Lcd.c,35 :: 		
0x00BE	0xB26C      	BTFSC       FARG_Lcd_Cmd_out_char, 1 
0x00C0	0xD002      	BRA         L__Lcd_Cmd35
0x00C2	0x9A83      	BCF         lcd_d5, BitPos(lcd_d5+0) 
0x00C4	0xD001      	BRA         L__Lcd_Cmd36
L__Lcd_Cmd35:
0x00C6	0x8A83      	BSF         lcd_d5, BitPos(lcd_d5+0) 
L__Lcd_Cmd36:
;__Lib_Lcd.c,36 :: 		
0x00C8	0xB06C      	BTFSC       FARG_Lcd_Cmd_out_char, 0 
0x00CA	0xD002      	BRA         L__Lcd_Cmd37
0x00CC	0x9883      	BCF         lcd_d4, BitPos(lcd_d4+0) 
0x00CE	0xD001      	BRA         L__Lcd_Cmd38
L__Lcd_Cmd37:
0x00D0	0x8883      	BSF         lcd_d4, BitPos(lcd_d4+0) 
L__Lcd_Cmd38:
;__Lib_Lcd.c,38 :: 		
0x00D2	0xB059      	BTFSC       __Lib_Lcd_cmd_status, BitPos(__Lib_Lcd_cmd_status+0) 
0x00D4	0xD002      	BRA         L__Lcd_Cmd39
0x00D6	0x8084      	BSF         lcd_rs, BitPos(lcd_rs+0) 
0x00D8	0xD001      	BRA         L__Lcd_Cmd40
L__Lcd_Cmd39:
0x00DA	0x9084      	BCF         lcd_rs, BitPos(lcd_rs+0) 
L__Lcd_Cmd40:
;__Lib_Lcd.c,40 :: 		
0x00DC	0x8484      	BSF         lcd_en, BitPos(lcd_en+0) 
;__Lib_Lcd.c,41 :: 		
0x00DE	0xDF9E      	RCALL       _Delay_1us
;__Lib_Lcd.c,42 :: 		
0x00E0	0x9484      	BCF         lcd_en, BitPos(lcd_en+0) 
;__Lib_Lcd.c,44 :: 		
0x00E2	0xA059      	BTFSS       __Lib_Lcd_cmd_status, BitPos(__Lib_Lcd_cmd_status+0) 
0x00E4	0xD002      	BRA         L_Lcd_Cmd0
;__Lib_Lcd.c,45 :: 		
0x00E6	0xDF9D      	RCALL       _Delay_5500us
0x00E8	0xD001      	BRA         L_Lcd_Cmd1
L_Lcd_Cmd0:
;__Lib_Lcd.c,47 :: 		
0x00EA	0xDFA6      	RCALL       _Delay_50us
L_Lcd_Cmd1:
;__Lib_Lcd.c,48 :: 		
L_end_Lcd_Cmd:
0x00EC	0x0012      	RETURN      0
; end of _Lcd_Cmd
_SETFOV32:
;__Lib_MathDouble.c,82 :: 		
;__Lib_MathDouble.c,90 :: 		
0x00EE	0x820B      	BSF         R11, 1, 0
;__Lib_MathDouble.c,91 :: 		
0x00F0	0xAE0B      	BTFSS       R11, 7, 0
;__Lib_MathDouble.c,92 :: 		
0x00F2	0xF000EF81  	GOTO        SETFOV32EEE
;__Lib_MathDouble.c,94 :: 		
0x00F6	0x6803      	SETF        R3, 0
;__Lib_MathDouble.c,95 :: 		
0x00F8	0x6802      	SETF        R2, 0
;__Lib_MathDouble.c,96 :: 		
0x00FA	0x6801      	SETF        R1, 0
;__Lib_MathDouble.c,97 :: 		
0x00FC	0x6800      	SETF        R0, 0
;__Lib_MathDouble.c,98 :: 		
0x00FE	0x360A      	RLCF        R10, 1, 0
;__Lib_MathDouble.c,99 :: 		
0x0100	0x3202      	RRCF        R2, 1, 0
;__Lib_MathDouble.c,100 :: 		
SETFOV32EEE:
;__Lib_MathDouble.c,101 :: 		
0x0102	0x0EFF      	MOVLW       255
;__Lib_MathDouble.c,103 :: 		
L_end_SETFOV32:
0x0104	0x0012      	RETURN      0
; end of _SETFOV32
_NRM3232:
;__Lib_MathDouble.c,455 :: 		
;__Lib_MathDouble.c,463 :: 		
0x0106	0x6A0C      	CLRF        R12, 0
;__Lib_MathDouble.c,464 :: 		
0x0108	0x6A0E      	CLRF        R14, 0
;__Lib_MathDouble.c,465 :: 		
0x010A	0x5002      	MOVF        R2, 0, 0
;__Lib_MathDouble.c,466 :: 		
0x010C	0xA4D8      	BTFSS       STATUS, 2, 0
;__Lib_MathDouble.c,467 :: 		
0x010E	0xF000EF9C  	GOTO        NORM3232
;__Lib_MathDouble.c,468 :: 		
0x0112	0xF002C001  	MOVFF       R1, R2
;__Lib_MathDouble.c,469 :: 		
0x0116	0xF001C000  	MOVFF       R0, R1
;__Lib_MathDouble.c,470 :: 		
0x011A	0x6A00      	CLRF        R0, 0
;__Lib_MathDouble.c,471 :: 		
0x011C	0x860E      	BSF         R14, 3, 0
;__Lib_MathDouble.c,473 :: 		
0x011E	0x5002      	MOVF        R2, 0, 0
;__Lib_MathDouble.c,474 :: 		
0x0120	0xA4D8      	BTFSS       STATUS, 2, 0
;__Lib_MathDouble.c,475 :: 		
0x0122	0xF000EF9C  	GOTO        NORM3232
;__Lib_MathDouble.c,476 :: 		
0x0126	0xF002C001  	MOVFF       R1, R2
;__Lib_MathDouble.c,477 :: 		
0x012A	0x6A01      	CLRF        R1, 0
;__Lib_MathDouble.c,478 :: 		
0x012C	0x960E      	BCF         R14, 3, 0
;__Lib_MathDouble.c,479 :: 		
0x012E	0x880E      	BSF         R14, 4, 0
;__Lib_MathDouble.c,481 :: 		
0x0130	0x5002      	MOVF        R2, 0, 0
;__Lib_MathDouble.c,482 :: 		
0x0132	0xB4D8      	BTFSC       STATUS, 2, 0
;__Lib_MathDouble.c,483 :: 		
0x0134	0xF000EFAE  	GOTO        JPNRES032
;__Lib_MathDouble.c,484 :: 		
NORM3232:
;__Lib_MathDouble.c,485 :: 		
0x0138	0x500E      	MOVF        R14, 0, 0
;__Lib_MathDouble.c,486 :: 		
0x013A	0x5E03      	SUBWF       R3, 1, 0
;__Lib_MathDouble.c,487 :: 		
0x013C	0xA4D8      	BTFSS       STATUS, 2, 0
;__Lib_MathDouble.c,488 :: 		
0x013E	0xA0D8      	BTFSS       STATUS, 0, 0
;__Lib_MathDouble.c,489 :: 		
0x0140	0xF000EFB3  	GOTO        JPNSETFUN32
;__Lib_MathDouble.c,490 :: 		
0x0144	0x90D8      	BCF         STATUS, 0, 0
;__Lib_MathDouble.c,491 :: 		
NORM3232A:
;__Lib_MathDouble.c,492 :: 		
0x0146	0xBE02      	BTFSC       R2, 7, 0
;__Lib_MathDouble.c,493 :: 		
0x0148	0xF000EFB8  	GOTO        JMPNFIXSIGN32
;__Lib_MathDouble.c,494 :: 		
0x014C	0x3600      	RLCF        R0, 1, 0
;__Lib_MathDouble.c,495 :: 		
0x014E	0x3601      	RLCF        R1, 1, 0
;__Lib_MathDouble.c,496 :: 		
0x0150	0x3602      	RLCF        R2, 1, 0
;__Lib_MathDouble.c,497 :: 		
0x0152	0x2E03      	DECFSZ      R3, 1, 0
;__Lib_MathDouble.c,498 :: 		
0x0154	0xF000EFA3  	GOTO        NORM3232A
;__Lib_MathDouble.c,499 :: 		
0x0158	0xF000EFB3  	GOTO        JPNSETFUN32
;__Lib_MathDouble.c,500 :: 		
JPNRES032:
;__Lib_MathDouble.c,501 :: 		
0x015C	0x0E01      	MOVLW       1
;__Lib_MathDouble.c,502 :: 		
0x015E	0x6E0C      	MOVWF       R12, 0
;__Lib_MathDouble.c,504 :: 		
0x0160	0xDF81      	RCALL       _RES032
;__Lib_MathDouble.c,506 :: 		
0x0162	0xF000EFBB  	GOTO        NORM32EEE
;__Lib_MathDouble.c,507 :: 		
JPNSETFUN32:
;__Lib_MathDouble.c,508 :: 		
0x0166	0x0E02      	MOVLW       2
;__Lib_MathDouble.c,509 :: 		
0x0168	0x6E0C      	MOVWF       R12, 0
;__Lib_MathDouble.c,511 :: 		
0x016A	0xDF6F      	RCALL       _SETFUN32
;__Lib_MathDouble.c,513 :: 		
0x016C	0xF000EFBB  	GOTO        NORM32EEE
;__Lib_MathDouble.c,514 :: 		
JMPNFIXSIGN32:
;__Lib_MathDouble.c,515 :: 		
0x0170	0x0E04      	MOVLW       4
;__Lib_MathDouble.c,516 :: 		
0x0172	0x6E0C      	MOVWF       R12, 0
;__Lib_MathDouble.c,518 :: 		
0x0174	0xDF66      	RCALL       _FIXSIGN32
;__Lib_MathDouble.c,520 :: 		
NORM32EEE:
;__Lib_MathDouble.c,527 :: 		
L_end_NRM3232:
0x0176	0x0012      	RETURN      0
; end of _NRM3232
_strcpy:
;__Lib_CString.c,126 :: 		
;__Lib_CString.c,129 :: 		
0x0178	0xF004C068  	MOVFF       FARG_strcpy_to, R4
0x017C	0xF005C069  	MOVFF       FARG_strcpy_to+1, R5
;__Lib_CString.c,130 :: 		
L_strcpy34:
0x0180	0xF002C004  	MOVFF       R4, R2
0x0184	0xF003C005  	MOVFF       R5, R3
0x0188	0x4A04      	INFSNZ      R4, 1 
0x018A	0x2A05      	INCF        R5, 1 
0x018C	0xF000C06A  	MOVFF       FARG_strcpy_from, R0
0x0190	0xF001C06B  	MOVFF       FARG_strcpy_from+1, R1
0x0194	0x4A6A      	INFSNZ      FARG_strcpy_from, 1 
0x0196	0x2A6B      	INCF        FARG_strcpy_from+1, 1 
0x0198	0xFFE9C000  	MOVFF       R0, FSR0L
0x019C	0xFFEAC001  	MOVFF       R1, FSR0H
0x01A0	0xFFE1C002  	MOVFF       R2, FSR1L
0x01A4	0xFFE2C003  	MOVFF       R3, FSR1H
0x01A8	0xFFE6CFEE  	MOVFF       POSTINC0, POSTINC1
0x01AC	0xFFE9C002  	MOVFF       R2, FSR0L
0x01B0	0xFFEAC003  	MOVFF       R3, FSR0H
0x01B4	0x52EE      	MOVF        POSTINC0, 1 
0x01B6	0xE001      	BZ          L_strcpy35
;__Lib_CString.c,131 :: 		
0x01B8	0xD7E3      	BRA         L_strcpy34
L_strcpy35:
;__Lib_CString.c,132 :: 		
0x01BA	0xF000C068  	MOVFF       FARG_strcpy_to, R0
0x01BE	0xF001C069  	MOVFF       FARG_strcpy_to+1, R1
;__Lib_CString.c,133 :: 		
L_end_strcpy:
0x01C2	0x0012      	RETURN      0
; end of _strcpy
_Div_8X8_S:
;__Lib_Math.c,326 :: 		
;__Lib_Math.c,335 :: 		
0x01C4	0x6A0D      	CLRF        R13, 0
;__Lib_Math.c,336 :: 		
0x01C6	0x6A08      	CLRF        R8, 0
;__Lib_Math.c,337 :: 		
0x01C8	0x5000      	MOVF        R0, 0, 0
;__Lib_Math.c,338 :: 		
0x01CA	0xB4D8      	BTFSC       STATUS, 2, 0
;__Lib_Math.c,339 :: 		
0x01CC	0x0C00      	RETLW       0
;__Lib_Math.c,340 :: 		
0x01CE	0x1804      	XORWF       R4, 0, 0
;__Lib_Math.c,341 :: 		
0x01D0	0x6E0A      	MOVWF       R10, 0
;__Lib_Math.c,342 :: 		
0x01D2	0xBE0A      	BTFSC       R10, 7, 0
;__Lib_Math.c,343 :: 		
0x01D4	0x1E0D      	COMF        R13, 1, 0
;__Lib_Math.c,344 :: 		
0x01D6	0x6A0B      	CLRF        R11, 0
;__Lib_Math.c,345 :: 		
0x01D8	0xAE04      	BTFSS       R4, 7, 0
;__Lib_Math.c,346 :: 		
0x01DA	0xD002      	BRA         $+6
;__Lib_Math.c,347 :: 		
0x01DC	0x1E04      	COMF        R4, 1, 0
;__Lib_Math.c,348 :: 		
0x01DE	0x2A04      	INCF        R4, 1, 0
;__Lib_Math.c,349 :: 		
0x01E0	0xAE00      	BTFSS       R0, 7, 0
;__Lib_Math.c,350 :: 		
0x01E2	0xD002      	BRA         $+6
;__Lib_Math.c,351 :: 		
0x01E4	0x1E00      	COMF        R0, 1, 0
;__Lib_Math.c,352 :: 		
0x01E6	0x2A00      	INCF        R0, 1, 0
;__Lib_Math.c,353 :: 		
0x01E8	0x5000      	MOVF        R0, 0, 0
;__Lib_Math.c,354 :: 		
0x01EA	0x1004      	IORWF       R4, 0, 0
;__Lib_Math.c,355 :: 		
0x01EC	0x6E0A      	MOVWF       R10, 0
;__Lib_Math.c,356 :: 		
0x01EE	0xBE0A      	BTFSC       R10, 7, 0
;__Lib_Math.c,357 :: 		
0x01F0	0xD01F      	BRA         $+64
;__Lib_Math.c,358 :: 		
0x01F2	0x5004      	MOVF        R4, 0, 0
;__Lib_Math.c,359 :: 		
0x01F4	0x5E08      	SUBWF       R8, 1, 0
;__Lib_Math.c,360 :: 		
0x01F6	0x3600      	RLCF        R0, 1, 0
;__Lib_Math.c,361 :: 		
0x01F8	0x3400      	RLCF        R0, 0, 0
;__Lib_Math.c,362 :: 		
0x01FA	0x3608      	RLCF        R8, 1, 0
;__Lib_Math.c,363 :: 		
0x01FC	0x5004      	MOVF        R4, 0, 0
;__Lib_Math.c,364 :: 		
0x01FE	0x2608      	ADDWF       R8, 1, 0
;__Lib_Math.c,365 :: 		
0x0200	0x3600      	RLCF        R0, 1, 0
;__Lib_Math.c,366 :: 		
0x0202	0x0E06      	MOVLW       6
;__Lib_Math.c,367 :: 		
0x0204	0x6E0C      	MOVWF       R12, 0
;__Lib_Math.c,368 :: 		
0x0206	0x3400      	RLCF        R0, 0, 0
;__Lib_Math.c,369 :: 		
0x0208	0x3608      	RLCF        R8, 1, 0
;__Lib_Math.c,370 :: 		
0x020A	0x5004      	MOVF        R4, 0, 0
;__Lib_Math.c,371 :: 		
0x020C	0xB000      	BTFSC       R0, 0, 0
;__Lib_Math.c,372 :: 		
0x020E	0x5E08      	SUBWF       R8, 1, 0
;__Lib_Math.c,373 :: 		
0x0210	0xA000      	BTFSS       R0, 0, 0
;__Lib_Math.c,374 :: 		
0x0212	0x2608      	ADDWF       R8, 1, 0
;__Lib_Math.c,375 :: 		
0x0214	0x3600      	RLCF        R0, 1, 0
;__Lib_Math.c,376 :: 		
0x0216	0x2E0C      	DECFSZ      R12, 1, 0
;__Lib_Math.c,377 :: 		
0x0218	0xD7F6      	BRA         $-18
;__Lib_Math.c,378 :: 		
0x021A	0xA000      	BTFSS       R0, 0, 0
;__Lib_Math.c,379 :: 		
0x021C	0x2608      	ADDWF       R8, 1, 0
;__Lib_Math.c,380 :: 		
0x021E	0xB00B      	BTFSC       R11, 0, 0
;__Lib_Math.c,381 :: 		
0x0220	0xD015      	BRA         $+44
;__Lib_Math.c,382 :: 		
0x0222	0xAE0D      	BTFSS       R13, 7, 0
;__Lib_Math.c,383 :: 		
0x0224	0x0C00      	RETLW       0
;__Lib_Math.c,384 :: 		
0x0226	0x1E00      	COMF        R0, 1, 0
;__Lib_Math.c,385 :: 		
0x0228	0x2A00      	INCF        R0, 1, 0
;__Lib_Math.c,386 :: 		
0x022A	0x1E08      	COMF        R8, 1, 0
;__Lib_Math.c,387 :: 		
0x022C	0x2A08      	INCF        R8, 1, 0
;__Lib_Math.c,388 :: 		
0x022E	0x0C00      	RETLW       0
;__Lib_Math.c,389 :: 		
0x0230	0xAE04      	BTFSS       R4, 7, 0
;__Lib_Math.c,390 :: 		
0x0232	0xD009      	BRA         $+20
;__Lib_Math.c,391 :: 		
0x0234	0xBE00      	BTFSC       R0, 7, 0
;__Lib_Math.c,392 :: 		
0x0236	0xD004      	BRA         $+10
;__Lib_Math.c,393 :: 		
0x0238	0x5000      	MOVF        R0, 0, 0
;__Lib_Math.c,394 :: 		
0x023A	0x6E08      	MOVWF       R8, 0
;__Lib_Math.c,395 :: 		
0x023C	0x6A00      	CLRF        R0, 0
;__Lib_Math.c,396 :: 		
0x023E	0xD7F1      	BRA         $-28
;__Lib_Math.c,397 :: 		
0x0240	0x6A00      	CLRF        R0, 0
;__Lib_Math.c,398 :: 		
0x0242	0x2A00      	INCF        R0, 1, 0
;__Lib_Math.c,399 :: 		
0x0244	0x0C00      	RETLW       0
;__Lib_Math.c,400 :: 		
0x0246	0x1E00      	COMF        R0, 1, 0
;__Lib_Math.c,401 :: 		
0x0248	0x2A0B      	INCF        R11, 1, 0
;__Lib_Math.c,402 :: 		
0x024A	0xD7D3      	BRA         $-88
;__Lib_Math.c,403 :: 		
0x024C	0x2A08      	INCF        R8, 1, 0
;__Lib_Math.c,404 :: 		
0x024E	0x5004      	MOVF        R4, 0, 0
;__Lib_Math.c,405 :: 		
0x0250	0x5C08      	SUBWF       R8, 0, 0
;__Lib_Math.c,406 :: 		
0x0252	0xA4D8      	BTFSS       STATUS, 2, 0
;__Lib_Math.c,407 :: 		
0x0254	0xD7E6      	BRA         $-50
;__Lib_Math.c,408 :: 		
0x0256	0x6A08      	CLRF        R8, 0
;__Lib_Math.c,409 :: 		
0x0258	0x2A00      	INCF        R0, 1, 0
;__Lib_Math.c,410 :: 		
0x025A	0xAE00      	BTFSS       R0, 7, 0
;__Lib_Math.c,411 :: 		
0x025C	0xD7E2      	BRA         $-58
;__Lib_Math.c,412 :: 		
0x025E	0x0CFF      	RETLW       255
;__Lib_Math.c,414 :: 		
L_end_Div_8X8_S:
0x0260	0x0012      	RETURN      0
; end of _Div_8X8_S
_Mul_32x32_FP:
;__Lib_MathDouble.c,1130 :: 		
;__Lib_MathDouble.c,1148 :: 		
0x0262	0x6A08      	CLRF        R8, 0
;__Lib_MathDouble.c,1149 :: 		
0x0264	0x6A09      	CLRF        R9, 0
;__Lib_MathDouble.c,1151 :: 		
0x0266	0x0E00      	MOVLW       0
;__Lib_MathDouble.c,1152 :: 		
0x0268	0x6207      	CPFSEQ      R7, 0
;__Lib_MathDouble.c,1153 :: 		
0x026A	0x6403      	CPFSGT      R3, 0
;__Lib_MathDouble.c,1154 :: 		
0x026C	0xF001EFB6  	GOTO        MULJPRES032
;__Lib_MathDouble.c,1157 :: 		
0x0270	0x5002      	MOVF        R2, 0, 0
;__Lib_MathDouble.c,1158 :: 		
0x0272	0x1806      	XORWF       R6, 0, 0
;__Lib_MathDouble.c,1159 :: 		
0x0274	0x6E0A      	MOVWF       R10, 0
;__Lib_MathDouble.c,1161 :: 		
0x0276	0x5007      	MOVF        R7, 0, 0
;__Lib_MathDouble.c,1162 :: 		
0x0278	0x2603      	ADDWF       R3, 1, 0
;__Lib_MathDouble.c,1163 :: 		
0x027A	0x0E7E      	MOVLW       126
;__Lib_MathDouble.c,1164 :: 		
0x027C	0xA0D8      	BTFSS       STATUS, 0, 0
;__Lib_MathDouble.c,1165 :: 		
0x027E	0xF001EF47  	GOTO        MTUN32
;__Lib_MathDouble.c,1167 :: 		
0x0282	0x5E03      	SUBWF       R3, 1, 0
;__Lib_MathDouble.c,1168 :: 		
0x0284	0xB0D8      	BTFSC       STATUS, 0, 0
;__Lib_MathDouble.c,1169 :: 		
0x0286	0xF001EFBA  	GOTO        MULJPSETFOV32
;__Lib_MathDouble.c,1170 :: 		
0x028A	0xF001EF4B  	GOTO        MOK32
;__Lib_MathDouble.c,1172 :: 		
MTUN32:
;__Lib_MathDouble.c,1173 :: 		
0x028E	0x5E03      	SUBWF       R3, 1, 0
;__Lib_MathDouble.c,1174 :: 		
0x0290	0xA0D8      	BTFSS       STATUS, 0, 0
;__Lib_MathDouble.c,1175 :: 		
0x0292	0xF001EFBE  	GOTO        MULJPSETFUN32
;__Lib_MathDouble.c,1177 :: 		
MOK32:
;__Lib_MathDouble.c,1178 :: 		
0x0296	0x8E02      	BSF         R2, 7, 0
;__Lib_MathDouble.c,1179 :: 		
0x0298	0x8E06      	BSF         R6, 7, 0
;__Lib_MathDouble.c,1181 :: 		
0x029A	0xF00EC002  	MOVFF       R2, R14
;__Lib_MathDouble.c,1182 :: 		
0x029E	0xF00BC001  	MOVFF       R1, R11
;__Lib_MathDouble.c,1183 :: 		
0x02A2	0xF00DC000  	MOVFF       R0, R13
;__Lib_MathDouble.c,1185 :: 		
0x02A6	0x5000      	MOVF        R0, 0, 0
;__Lib_MathDouble.c,1186 :: 		
0x02A8	0x0204      	MULWF       R4, 0
;__Lib_MathDouble.c,1187 :: 		
0x02AA	0xF00CCFF4  	MOVFF       PRODH, R12
;__Lib_MathDouble.c,1189 :: 		
0x02AE	0x5001      	MOVF        R1, 0, 0
;__Lib_MathDouble.c,1190 :: 		
0x02B0	0x0205      	MULWF       R5, 0
;__Lib_MathDouble.c,1191 :: 		
0x02B2	0xF000CFF4  	MOVFF       PRODH, R0
;__Lib_MathDouble.c,1192 :: 		
0x02B6	0xF008CFF3  	MOVFF       PRODL, R8
;__Lib_MathDouble.c,1194 :: 		
0x02BA	0x0204      	MULWF       R4, 0
;__Lib_MathDouble.c,1195 :: 		
0x02BC	0x50F3      	MOVF        PRODL, 0, 0
;__Lib_MathDouble.c,1196 :: 		
0x02BE	0x260C      	ADDWF       R12, 1, 0
;__Lib_MathDouble.c,1197 :: 		
0x02C0	0x50F4      	MOVF        PRODH, 0, 0
;__Lib_MathDouble.c,1198 :: 		
0x02C2	0x2208      	ADDWFC      R8, 1, 0
;__Lib_MathDouble.c,1199 :: 		
0x02C4	0x0E00      	MOVLW       0
;__Lib_MathDouble.c,1200 :: 		
0x02C6	0x2200      	ADDWFC      R0, 1, 0
;__Lib_MathDouble.c,1202 :: 		
0x02C8	0x500D      	MOVF        R13, 0, 0
;__Lib_MathDouble.c,1203 :: 		
0x02CA	0x0205      	MULWF       R5, 0
;__Lib_MathDouble.c,1204 :: 		
0x02CC	0x50F3      	MOVF        PRODL, 0, 0
;__Lib_MathDouble.c,1205 :: 		
0x02CE	0x260C      	ADDWF       R12, 1, 0
;__Lib_MathDouble.c,1206 :: 		
0x02D0	0x50F4      	MOVF        PRODH, 0, 0
;__Lib_MathDouble.c,1207 :: 		
0x02D2	0x2208      	ADDWFC      R8, 1, 0
;__Lib_MathDouble.c,1208 :: 		
0x02D4	0x0E00      	MOVLW       0
;__Lib_MathDouble.c,1209 :: 		
0x02D6	0x2200      	ADDWFC      R0, 1, 0
;__Lib_MathDouble.c,1211 :: 		
0x02D8	0x5002      	MOVF        R2, 0, 0
;__Lib_MathDouble.c,1212 :: 		
0x02DA	0x0204      	MULWF       R4, 0
;__Lib_MathDouble.c,1213 :: 		
0x02DC	0x50F3      	MOVF        PRODL, 0, 0
;__Lib_MathDouble.c,1214 :: 		
0x02DE	0x2608      	ADDWF       R8, 1, 0
;__Lib_MathDouble.c,1215 :: 		
0x02E0	0x50F4      	MOVF        PRODH, 0, 0
;__Lib_MathDouble.c,1216 :: 		
0x02E2	0x2200      	ADDWFC      R0, 1, 0
;__Lib_MathDouble.c,1217 :: 		
0x02E4	0x5002      	MOVF        R2, 0, 0
;__Lib_MathDouble.c,1218 :: 		
0x02E6	0x0205      	MULWF       R5, 0
;__Lib_MathDouble.c,1219 :: 		
0x02E8	0x6A01      	CLRF        R1, 0
;__Lib_MathDouble.c,1220 :: 		
0x02EA	0x0E00      	MOVLW       0
;__Lib_MathDouble.c,1221 :: 		
0x02EC	0x2201      	ADDWFC      R1, 1, 0
;__Lib_MathDouble.c,1222 :: 		
0x02EE	0x50F3      	MOVF        PRODL, 0, 0
;__Lib_MathDouble.c,1223 :: 		
0x02F0	0x2600      	ADDWF       R0, 1, 0
;__Lib_MathDouble.c,1224 :: 		
0x02F2	0x50F4      	MOVF        PRODH, 0, 0
;__Lib_MathDouble.c,1225 :: 		
0x02F4	0x2201      	ADDWFC      R1, 1, 0
;__Lib_MathDouble.c,1227 :: 		
0x02F6	0x500D      	MOVF        R13, 0, 0
;__Lib_MathDouble.c,1228 :: 		
0x02F8	0x0206      	MULWF       R6, 0
;__Lib_MathDouble.c,1229 :: 		
0x02FA	0x50F3      	MOVF        PRODL, 0, 0
;__Lib_MathDouble.c,1230 :: 		
0x02FC	0x2608      	ADDWF       R8, 1, 0
;__Lib_MathDouble.c,1231 :: 		
0x02FE	0x50F4      	MOVF        PRODH, 0, 0
;__Lib_MathDouble.c,1232 :: 		
0x0300	0x2200      	ADDWFC      R0, 1, 0
;__Lib_MathDouble.c,1233 :: 		
0x0302	0x6A02      	CLRF        R2, 0
;__Lib_MathDouble.c,1234 :: 		
0x0304	0x0E00      	MOVLW       0
;__Lib_MathDouble.c,1235 :: 		
0x0306	0x2201      	ADDWFC      R1, 1, 0
;__Lib_MathDouble.c,1236 :: 		
0x0308	0x2202      	ADDWFC      R2, 1, 0
;__Lib_MathDouble.c,1238 :: 		
0x030A	0x500B      	MOVF        R11, 0, 0
;__Lib_MathDouble.c,1239 :: 		
0x030C	0x0206      	MULWF       R6, 0
;__Lib_MathDouble.c,1240 :: 		
0x030E	0x50F3      	MOVF        PRODL, 0, 0
;__Lib_MathDouble.c,1241 :: 		
0x0310	0x2600      	ADDWF       R0, 1, 0
;__Lib_MathDouble.c,1242 :: 		
0x0312	0x50F4      	MOVF        PRODH, 0, 0
;__Lib_MathDouble.c,1243 :: 		
0x0314	0x2201      	ADDWFC      R1, 1, 0
;__Lib_MathDouble.c,1244 :: 		
0x0316	0x0E00      	MOVLW       0
;__Lib_MathDouble.c,1245 :: 		
0x0318	0x2202      	ADDWFC      R2, 1, 0
;__Lib_MathDouble.c,1247 :: 		
0x031A	0x500E      	MOVF        R14, 0, 0
;__Lib_MathDouble.c,1248 :: 		
0x031C	0x0206      	MULWF       R6, 0
;__Lib_MathDouble.c,1249 :: 		
0x031E	0x50F3      	MOVF        PRODL, 0, 0
;__Lib_MathDouble.c,1250 :: 		
0x0320	0x2601      	ADDWF       R1, 1, 0
;__Lib_MathDouble.c,1251 :: 		
0x0322	0x50F4      	MOVF        PRODH, 0, 0
;__Lib_MathDouble.c,1252 :: 		
0x0324	0x2202      	ADDWFC      R2, 1, 0
;__Lib_MathDouble.c,1254 :: 		
0x0326	0xBE02      	BTFSC       R2, 7, 0
;__Lib_MathDouble.c,1255 :: 		
0x0328	0xF001EF9E  	GOTO        MROUND32
;__Lib_MathDouble.c,1256 :: 		
0x032C	0x3608      	RLCF        R8, 1, 0
;__Lib_MathDouble.c,1257 :: 		
0x032E	0x3600      	RLCF        R0, 1, 0
;__Lib_MathDouble.c,1258 :: 		
0x0330	0x3601      	RLCF        R1, 1, 0
;__Lib_MathDouble.c,1259 :: 		
0x0332	0x3602      	RLCF        R2, 1, 0
;__Lib_MathDouble.c,1260 :: 		
0x0334	0x0603      	DECF        R3, 1, 0
;__Lib_MathDouble.c,1261 :: 		
0x0336	0xB4D8      	BTFSC       STATUS, 2, 0
;__Lib_MathDouble.c,1262 :: 		
0x0338	0xF001EFBE  	GOTO        MULJPSETFUN32
;__Lib_MathDouble.c,1264 :: 		
MROUND32:
;__Lib_MathDouble.c,1267 :: 		
0x033C	0xF001EFB1  	GOTO        MUL32OK
;__Lib_MathDouble.c,1268 :: 		
0x0340	0x80D8      	BSF         STATUS, 0, 0
;__Lib_MathDouble.c,1269 :: 		
0x0342	0x0E80      	MOVLW       128
;__Lib_MathDouble.c,1270 :: 		
0x0344	0x6408      	CPFSGT      R8, 0
;__Lib_MathDouble.c,1271 :: 		
0x0346	0x3000      	RRCF        R0, 0, 0
;__Lib_MathDouble.c,1272 :: 		
0x0348	0x0E00      	MOVLW       0
;__Lib_MathDouble.c,1273 :: 		
0x034A	0x2200      	ADDWFC      R0, 1, 0
;__Lib_MathDouble.c,1274 :: 		
0x034C	0x2201      	ADDWFC      R1, 1, 0
;__Lib_MathDouble.c,1275 :: 		
0x034E	0x2202      	ADDWFC      R2, 1, 0
;__Lib_MathDouble.c,1277 :: 		
0x0350	0xA0D8      	BTFSS       STATUS, 0, 0
;__Lib_MathDouble.c,1278 :: 		
0x0352	0xF001EFB1  	GOTO        MUL32OK
;__Lib_MathDouble.c,1279 :: 		
0x0356	0x3202      	RRCF        R2, 1, 0
;__Lib_MathDouble.c,1280 :: 		
0x0358	0x3201      	RRCF        R1, 1, 0
;__Lib_MathDouble.c,1281 :: 		
0x035A	0x3200      	RRCF        R0, 1, 0
;__Lib_MathDouble.c,1282 :: 		
0x035C	0x4A03      	INFSNZ      R3, 1, 0
;__Lib_MathDouble.c,1283 :: 		
0x035E	0xF001EFBA  	GOTO        MULJPSETFOV32
;__Lib_MathDouble.c,1285 :: 		
MUL32OK:
;__Lib_MathDouble.c,1286 :: 		
0x0362	0xAE0A      	BTFSS       R10, 7, 0
;__Lib_MathDouble.c,1287 :: 		
0x0364	0x9E02      	BCF         R2, 7, 0
;__Lib_MathDouble.c,1289 :: 		
0x0366	0x0E00      	MOVLW       0
;__Lib_MathDouble.c,1290 :: 		
0x0368	0xF001EFC0  	GOTO        MULEEE
;__Lib_MathDouble.c,1291 :: 		
MULJPRES032:
;__Lib_MathDouble.c,1292 :: 		
0x036C	0x0E01      	MOVLW       1
;__Lib_MathDouble.c,1295 :: 		
0x036E	0xDE7A      	RCALL       _RES032
;__Lib_MathDouble.c,1297 :: 		
0x0370	0xF001EFC0  	GOTO        MULEEE
;__Lib_MathDouble.c,1298 :: 		
MULJPSETFOV32:
;__Lib_MathDouble.c,1299 :: 		
0x0374	0x0E02      	MOVLW       2
;__Lib_MathDouble.c,1302 :: 		
0x0376	0xDEBB      	RCALL       _SETFOV32
;__Lib_MathDouble.c,1304 :: 		
0x0378	0xF001EFC0  	GOTO        MULEEE
;__Lib_MathDouble.c,1305 :: 		
MULJPSETFUN32:
;__Lib_MathDouble.c,1306 :: 		
0x037C	0x0E04      	MOVLW       4
;__Lib_MathDouble.c,1309 :: 		
0x037E	0xDE65      	RCALL       _SETFUN32
;__Lib_MathDouble.c,1311 :: 		
MULEEE:
;__Lib_MathDouble.c,1318 :: 		
L_end_Mul_32x32_FP:
0x0380	0x0012      	RETURN      0
; end of _Mul_32x32_FP
_Compare_Double:
;__Lib_MathDouble.c,2518 :: 		
;__Lib_MathDouble.c,2529 :: 		
0x0382	0x6A0A      	CLRF        R10, 0
;__Lib_MathDouble.c,2530 :: 		
0x0384	0x5003      	MOVF        R3, 0, 0
;__Lib_MathDouble.c,2531 :: 		
0x0386	0xA4D8      	BTFSS       STATUS, 2, 0
;__Lib_MathDouble.c,2532 :: 		
0x0388	0x800A      	BSF         R10, 0, 0
;__Lib_MathDouble.c,2533 :: 		
0x038A	0x5007      	MOVF        R7, 0, 0
;__Lib_MathDouble.c,2534 :: 		
0x038C	0xA4D8      	BTFSS       STATUS, 2, 0
;__Lib_MathDouble.c,2535 :: 		
0x038E	0x820A      	BSF         R10, 1, 0
;__Lib_MathDouble.c,2537 :: 		
0x0390	0x500A      	MOVF        R10, 0, 0
;__Lib_MathDouble.c,2538 :: 		
0x0392	0xB4D8      	BTFSC       STATUS, 2, 0
;__Lib_MathDouble.c,2539 :: 		
0x0394	0xF002EF24  	GOTO        COMPARE_EQU
;__Lib_MathDouble.c,2540 :: 		
0x0398	0x0A03      	XORLW       3
;__Lib_MathDouble.c,2541 :: 		
0x039A	0xB4D8      	BTFSC       STATUS, 2, 0
;__Lib_MathDouble.c,2542 :: 		
0x039C	0xF001EFDD  	GOTO        COMPARE_NOTZERO
;__Lib_MathDouble.c,2544 :: 		
0x03A0	0xB00A      	BTFSC       R10, 0, 0
;__Lib_MathDouble.c,2545 :: 		
0x03A2	0xF001EFD8  	GOTO        COMPARE_XNOTZERO
;__Lib_MathDouble.c,2547 :: 		
0x03A6	0xAE06      	BTFSS       R6, 7, 0
;__Lib_MathDouble.c,2548 :: 		
0x03A8	0xF002EF22  	GOTO        COMPARE_LT
;__Lib_MathDouble.c,2549 :: 		
0x03AC	0xF002EF20  	GOTO        COMPARE_GT
;__Lib_MathDouble.c,2550 :: 		
COMPARE_XNOTZERO:
;__Lib_MathDouble.c,2551 :: 		
0x03B0	0xAE02      	BTFSS       R2, 7, 0
;__Lib_MathDouble.c,2552 :: 		
0x03B2	0xF002EF20  	GOTO        COMPARE_GT
;__Lib_MathDouble.c,2553 :: 		
0x03B6	0xF002EF22  	GOTO        COMPARE_LT
;__Lib_MathDouble.c,2555 :: 		
COMPARE_NOTZERO:
;__Lib_MathDouble.c,2556 :: 		
0x03BA	0x5002      	MOVF        R2, 0, 0
;__Lib_MathDouble.c,2557 :: 		
0x03BC	0x0B80      	ANDLW       128
;__Lib_MathDouble.c,2558 :: 		
0x03BE	0x6E0A      	MOVWF       R10, 0
;__Lib_MathDouble.c,2559 :: 		
0x03C0	0x9E02      	BCF         R2, 7, 0
;__Lib_MathDouble.c,2561 :: 		
0x03C2	0x5006      	MOVF        R6, 0, 0
;__Lib_MathDouble.c,2562 :: 		
0x03C4	0x0B80      	ANDLW       128
;__Lib_MathDouble.c,2563 :: 		
0x03C6	0x9E06      	BCF         R6, 7, 0
;__Lib_MathDouble.c,2565 :: 		
0x03C8	0x180A      	XORWF       R10, 0, 0
;__Lib_MathDouble.c,2566 :: 		
0x03CA	0xB4D8      	BTFSC       STATUS, 2, 0
;__Lib_MathDouble.c,2567 :: 		
0x03CC	0xF001EFEE  	GOTO        COMPARE_TESTALL
;__Lib_MathDouble.c,2569 :: 		
0x03D0	0x500A      	MOVF        R10, 0, 0
;__Lib_MathDouble.c,2570 :: 		
0x03D2	0xB4D8      	BTFSC       STATUS, 2, 0
;__Lib_MathDouble.c,2571 :: 		
0x03D4	0xF002EF20  	GOTO        COMPARE_GT
;__Lib_MathDouble.c,2572 :: 		
0x03D8	0xF002EF22  	GOTO        COMPARE_LT
;__Lib_MathDouble.c,2574 :: 		
COMPARE_TESTALL:
;__Lib_MathDouble.c,2575 :: 		
0x03DC	0x5007      	MOVF        R7, 0, 0
;__Lib_MathDouble.c,2576 :: 		
0x03DE	0x5C03      	SUBWF       R3, 0, 0
;__Lib_MathDouble.c,2577 :: 		
0x03E0	0xB4D8      	BTFSC       STATUS, 2, 0
;__Lib_MathDouble.c,2578 :: 		
0x03E2	0xF001EFF8  	GOTO        COMPARE_C1
;__Lib_MathDouble.c,2579 :: 		
0x03E6	0xA0D8      	BTFSS       STATUS, 0, 0
;__Lib_MathDouble.c,2580 :: 		
0x03E8	0xF002EF14  	GOTO        GT_FALSE
;__Lib_MathDouble.c,2581 :: 		
0x03EC	0xF002EF1A  	GOTO        GT_TRUE
;__Lib_MathDouble.c,2582 :: 		
COMPARE_C1:
;__Lib_MathDouble.c,2583 :: 		
0x03F0	0x5006      	MOVF        R6, 0, 0
;__Lib_MathDouble.c,2584 :: 		
0x03F2	0x5C02      	SUBWF       R2, 0, 0
;__Lib_MathDouble.c,2585 :: 		
0x03F4	0xB4D8      	BTFSC       STATUS, 2, 0
;__Lib_MathDouble.c,2586 :: 		
0x03F6	0xF002EF02  	GOTO        COMPARE_C2
;__Lib_MathDouble.c,2587 :: 		
0x03FA	0xA0D8      	BTFSS       STATUS, 0, 0
;__Lib_MathDouble.c,2588 :: 		
0x03FC	0xF002EF14  	GOTO        GT_FALSE
;__Lib_MathDouble.c,2589 :: 		
0x0400	0xF002EF1A  	GOTO        GT_TRUE
;__Lib_MathDouble.c,2590 :: 		
COMPARE_C2:
;__Lib_MathDouble.c,2591 :: 		
0x0404	0x5005      	MOVF        R5, 0, 0
;__Lib_MathDouble.c,2592 :: 		
0x0406	0x5C01      	SUBWF       R1, 0, 0
;__Lib_MathDouble.c,2593 :: 		
0x0408	0xB4D8      	BTFSC       STATUS, 2, 0
;__Lib_MathDouble.c,2594 :: 		
0x040A	0xF002EF0C  	GOTO        COMPARE_C3
;__Lib_MathDouble.c,2595 :: 		
0x040E	0xA0D8      	BTFSS       STATUS, 0, 0
;__Lib_MathDouble.c,2596 :: 		
0x0410	0xF002EF14  	GOTO        GT_FALSE
;__Lib_MathDouble.c,2597 :: 		
0x0414	0xF002EF1A  	GOTO        GT_TRUE
;__Lib_MathDouble.c,2598 :: 		
COMPARE_C3:
;__Lib_MathDouble.c,2599 :: 		
0x0418	0x5004      	MOVF        R4, 0, 0
;__Lib_MathDouble.c,2600 :: 		
0x041A	0x5C00      	SUBWF       R0, 0, 0
;__Lib_MathDouble.c,2601 :: 		
0x041C	0xB4D8      	BTFSC       STATUS, 2, 0
;__Lib_MathDouble.c,2602 :: 		
0x041E	0xF002EF24  	GOTO        COMPARE_EQU
;__Lib_MathDouble.c,2603 :: 		
0x0422	0xB0D8      	BTFSC       STATUS, 0, 0
;__Lib_MathDouble.c,2604 :: 		
0x0424	0xF002EF1A  	GOTO        GT_TRUE
;__Lib_MathDouble.c,2606 :: 		
GT_FALSE:
;__Lib_MathDouble.c,2607 :: 		
0x0428	0x520A      	MOVF        R10, 1, 0
;__Lib_MathDouble.c,2608 :: 		
0x042A	0xB4D8      	BTFSC       STATUS, 2, 0
;__Lib_MathDouble.c,2609 :: 		
0x042C	0xF002EF22  	GOTO        COMPARE_LT
;__Lib_MathDouble.c,2610 :: 		
0x0430	0xF002EF20  	GOTO        COMPARE_GT
;__Lib_MathDouble.c,2611 :: 		
GT_TRUE:
;__Lib_MathDouble.c,2612 :: 		
0x0434	0x520A      	MOVF        R10, 1, 0
;__Lib_MathDouble.c,2613 :: 		
0x0436	0xB4D8      	BTFSC       STATUS, 2, 0
;__Lib_MathDouble.c,2614 :: 		
0x0438	0xF002EF20  	GOTO        COMPARE_GT
;__Lib_MathDouble.c,2615 :: 		
0x043C	0xF002EF22  	GOTO        COMPARE_LT
;__Lib_MathDouble.c,2617 :: 		
COMPARE_GT:
;__Lib_MathDouble.c,2620 :: 		
0x0440	0x80D8      	BSF         STATUS, 0, 0
;__Lib_MathDouble.c,2621 :: 		
0x0442	0x0012      	RETURN      0
;__Lib_MathDouble.c,2622 :: 		
COMPARE_LT:
;__Lib_MathDouble.c,2625 :: 		
0x0444	0x90D8      	BCF         STATUS, 0, 0
;__Lib_MathDouble.c,2626 :: 		
0x0446	0x0012      	RETURN      0
;__Lib_MathDouble.c,2627 :: 		
COMPARE_EQU:
;__Lib_MathDouble.c,2630 :: 		
0x0448	0x80D8      	BSF         STATUS, 0, 0
;__Lib_MathDouble.c,2631 :: 		
0x044A	0x84D8      	BSF         STATUS, 2, 0
;__Lib_MathDouble.c,2632 :: 		
0x044C	0x0012      	RETURN      0
;__Lib_MathDouble.c,2634 :: 		
L_end_Compare_Double:
0x044E	0x0012      	RETURN      0
; end of _Compare_Double
_Lcd_Chr_CP:
;__Lib_Lcd.c,50 :: 		
;__Lib_Lcd.c,52 :: 		
0x0450	0x9059      	BCF         __Lib_Lcd_cmd_status, BitPos(__Lib_Lcd_cmd_status+0) 
;__Lib_Lcd.c,53 :: 		
0x0452	0xF06CC068  	MOVFF       FARG_Lcd_Chr_CP_out_char, FARG_Lcd_Cmd_out_char
0x0456	0xDE0D      	RCALL       _Lcd_Cmd
;__Lib_Lcd.c,54 :: 		
0x0458	0x8059      	BSF         __Lib_Lcd_cmd_status, BitPos(__Lib_Lcd_cmd_status+0) 
;__Lib_Lcd.c,55 :: 		
L_end_Lcd_Chr_CP:
0x045A	0x0012      	RETURN      0
; end of _Lcd_Chr_CP
_Delay_22us:
;__Lib_Delays.c,15 :: 		void Delay_22us() {
;__Lib_Delays.c,16 :: 		Delay_us(22);
0x045C	0x0E0E      	MOVLW       14
0x045E	0x6E0D      	MOVWF       R13, 0
L_Delay_22us1:
0x0460	0x2E0D      	DECFSZ      R13, 1, 0
0x0462	0xD7FE      	BRA         L_Delay_22us1
0x0464	0x0000      	NOP
;__Lib_Delays.c,17 :: 		}
L_end_Delay_22us:
0x0466	0x0012      	RETURN      0
; end of _Delay_22us
_ADC_Init:
;__Lib_ADC_A_D.c,13 :: 		
;__Lib_ADC_A_D.c,14 :: 		
0x0468	0x0EFF      	MOVLW       _ADC_Get_Sample
0x046A	0x6E3D      	MOVWF       _ADC_Get_Sample_Ptr 
0x046C	0x0EFF      	MOVLW       hi_addr(_ADC_Get_Sample)
0x046E	0x6E3E      	MOVWF       _ADC_Get_Sample_Ptr+1 
0x0470	0x0EFF      	MOVLW       FARG_ADC_Get_Sample_channel
0x0472	0x6E3F      	MOVWF       _ADC_Get_Sample_Ptr+2 
0x0474	0x0EFF      	MOVLW       hi_addr(FARG_ADC_Get_Sample_channel)
0x0476	0x6E40      	MOVWF       _ADC_Get_Sample_Ptr+3 
;__Lib_ADC_A_D.c,16 :: 		
0x0478	0x6AC2      	CLRF        ADCON0 
;__Lib_ADC_A_D.c,17 :: 		
0x047A	0x1C15      	COMF        _vref_mask, 0 
0x047C	0x6E00      	MOVWF       R0 
0x047E	0x5000      	MOVF        R0, 0 
0x0480	0x16C1      	ANDWF       ADCON1, 1 
;__Lib_ADC_A_D.c,18 :: 		
0x0482	0x0E07      	MOVLW       7
0x0484	0x12C0      	IORWF       ADCON2, 1 
;__Lib_ADC_A_D.c,19 :: 		
0x0486	0x8EC0      	BSF         ADCON2, 7 
;__Lib_ADC_A_D.c,20 :: 		
0x0488	0x80C2      	BSF         ADCON0, 0 
;__Lib_ADC_A_D.c,21 :: 		
L_end_ADC_Init:
0x048A	0x0012      	RETURN      0
; end of _ADC_Init
_Lcd_Init:
;__Lib_Lcd.c,84 :: 		
;__Lib_Lcd.c,86 :: 		
0x048C	0x9496      	BCF         lcd_en_direction, BitPos(lcd_en_direction+0) 
;__Lib_Lcd.c,87 :: 		
0x048E	0x9096      	BCF         lcd_rs_direction, BitPos(lcd_rs_direction+0) 
;__Lib_Lcd.c,88 :: 		
0x0490	0x9895      	BCF         lcd_d4_direction, BitPos(lcd_d4_direction+0) 
;__Lib_Lcd.c,89 :: 		
0x0492	0x9A95      	BCF         lcd_d5_direction, BitPos(lcd_d5_direction+0) 
;__Lib_Lcd.c,90 :: 		
0x0494	0x9C95      	BCF         lcd_d6_direction, BitPos(lcd_d6_direction+0) 
;__Lib_Lcd.c,91 :: 		
0x0496	0x9E95      	BCF         lcd_d7_direction, BitPos(lcd_d7_direction+0) 
;__Lib_Lcd.c,93 :: 		
0x0498	0x9484      	BCF         lcd_en, BitPos(lcd_en+0) 
;__Lib_Lcd.c,94 :: 		
0x049A	0x9084      	BCF         lcd_rs, BitPos(lcd_rs+0) 
;__Lib_Lcd.c,95 :: 		
0x049C	0x9E83      	BCF         lcd_d7, BitPos(lcd_d7+0) 
;__Lib_Lcd.c,96 :: 		
0x049E	0x9C83      	BCF         lcd_d6, BitPos(lcd_d6+0) 
;__Lib_Lcd.c,97 :: 		
0x04A0	0x9A83      	BCF         lcd_d5, BitPos(lcd_d5+0) 
;__Lib_Lcd.c,98 :: 		
0x04A2	0x9883      	BCF         lcd_d4, BitPos(lcd_d4+0) 
;__Lib_Lcd.c,100 :: 		
0x04A4	0xDDBE      	RCALL       _Delay_5500us
;__Lib_Lcd.c,101 :: 		
0x04A6	0xDDBD      	RCALL       _Delay_5500us
;__Lib_Lcd.c,102 :: 		
0x04A8	0xDDBC      	RCALL       _Delay_5500us
;__Lib_Lcd.c,105 :: 		
0x04AA	0x8A83      	BSF         lcd_d5, BitPos(lcd_d5+0) 
;__Lib_Lcd.c,106 :: 		
0x04AC	0x8883      	BSF         lcd_d4, BitPos(lcd_d4+0) 
;__Lib_Lcd.c,107 :: 		
0x04AE	0x8484      	BSF         lcd_en, BitPos(lcd_en+0) 
;__Lib_Lcd.c,108 :: 		
0x04B0	0xDDB5      	RCALL       _Delay_1us
;__Lib_Lcd.c,109 :: 		
0x04B2	0x9484      	BCF         lcd_en, BitPos(lcd_en+0) 
;__Lib_Lcd.c,110 :: 		
0x04B4	0xDDB6      	RCALL       _Delay_5500us
;__Lib_Lcd.c,112 :: 		
0x04B6	0x8484      	BSF         lcd_en, BitPos(lcd_en+0) 
;__Lib_Lcd.c,113 :: 		
0x04B8	0xDDB1      	RCALL       _Delay_1us
;__Lib_Lcd.c,114 :: 		
0x04BA	0x9484      	BCF         lcd_en, BitPos(lcd_en+0) 
;__Lib_Lcd.c,115 :: 		
0x04BC	0xDDB2      	RCALL       _Delay_5500us
;__Lib_Lcd.c,117 :: 		
0x04BE	0x8484      	BSF         lcd_en, BitPos(lcd_en+0) 
;__Lib_Lcd.c,118 :: 		
0x04C0	0xDDAD      	RCALL       _Delay_1us
;__Lib_Lcd.c,119 :: 		
0x04C2	0x9484      	BCF         lcd_en, BitPos(lcd_en+0) 
;__Lib_Lcd.c,120 :: 		
0x04C4	0xDDAE      	RCALL       _Delay_5500us
;__Lib_Lcd.c,123 :: 		
0x04C6	0x9883      	BCF         lcd_d4, BitPos(lcd_d4+0) 
;__Lib_Lcd.c,124 :: 		
0x04C8	0x8484      	BSF         lcd_en, BitPos(lcd_en+0) 
;__Lib_Lcd.c,125 :: 		
0x04CA	0xDDA8      	RCALL       _Delay_1us
;__Lib_Lcd.c,126 :: 		
0x04CC	0x9484      	BCF         lcd_en, BitPos(lcd_en+0) 
;__Lib_Lcd.c,127 :: 		
0x04CE	0xDDA9      	RCALL       _Delay_5500us
;__Lib_Lcd.c,130 :: 		
0x04D0	0x8484      	BSF         lcd_en, BitPos(lcd_en+0) 
;__Lib_Lcd.c,131 :: 		
0x04D2	0xDDA4      	RCALL       _Delay_1us
;__Lib_Lcd.c,132 :: 		
0x04D4	0x9484      	BCF         lcd_en, BitPos(lcd_en+0) 
;__Lib_Lcd.c,134 :: 		
0x04D6	0x9A83      	BCF         lcd_d5, BitPos(lcd_d5+0) 
;__Lib_Lcd.c,135 :: 		
0x04D8	0x8E83      	BSF         lcd_d7, BitPos(lcd_d7+0) 
;__Lib_Lcd.c,136 :: 		
0x04DA	0x8484      	BSF         lcd_en, BitPos(lcd_en+0) 
;__Lib_Lcd.c,137 :: 		
0x04DC	0xDD9F      	RCALL       _Delay_1us
;__Lib_Lcd.c,138 :: 		
0x04DE	0x9484      	BCF         lcd_en, BitPos(lcd_en+0) 
;__Lib_Lcd.c,139 :: 		
0x04E0	0xDDA0      	RCALL       _Delay_5500us
;__Lib_Lcd.c,142 :: 		
0x04E2	0x9E83      	BCF         lcd_d7, BitPos(lcd_d7+0) 
;__Lib_Lcd.c,143 :: 		
0x04E4	0x8883      	BSF         lcd_d4, BitPos(lcd_d4+0) 
;__Lib_Lcd.c,144 :: 		
0x04E6	0x8484      	BSF         lcd_en, BitPos(lcd_en+0) 
;__Lib_Lcd.c,145 :: 		
0x04E8	0xDD99      	RCALL       _Delay_1us
;__Lib_Lcd.c,146 :: 		
0x04EA	0x9484      	BCF         lcd_en, BitPos(lcd_en+0) 
;__Lib_Lcd.c,148 :: 		
0x04EC	0x9883      	BCF         lcd_d4, BitPos(lcd_d4+0) 
;__Lib_Lcd.c,149 :: 		
0x04EE	0x8484      	BSF         lcd_en, BitPos(lcd_en+0) 
;__Lib_Lcd.c,150 :: 		
0x04F0	0xDD95      	RCALL       _Delay_1us
;__Lib_Lcd.c,151 :: 		
0x04F2	0x9484      	BCF         lcd_en, BitPos(lcd_en+0) 
;__Lib_Lcd.c,152 :: 		
0x04F4	0xDD96      	RCALL       _Delay_5500us
;__Lib_Lcd.c,155 :: 		
0x04F6	0x8484      	BSF         lcd_en, BitPos(lcd_en+0) 
;__Lib_Lcd.c,156 :: 		
0x04F8	0xDD91      	RCALL       _Delay_1us
;__Lib_Lcd.c,157 :: 		
0x04FA	0x9484      	BCF         lcd_en, BitPos(lcd_en+0) 
;__Lib_Lcd.c,159 :: 		
0x04FC	0x8883      	BSF         lcd_d4, BitPos(lcd_d4+0) 
;__Lib_Lcd.c,160 :: 		
0x04FE	0x8484      	BSF         lcd_en, BitPos(lcd_en+0) 
;__Lib_Lcd.c,161 :: 		
0x0500	0xDD8D      	RCALL       _Delay_1us
;__Lib_Lcd.c,162 :: 		
0x0502	0x9484      	BCF         lcd_en, BitPos(lcd_en+0) 
;__Lib_Lcd.c,163 :: 		
0x0504	0xDD8E      	RCALL       _Delay_5500us
;__Lib_Lcd.c,166 :: 		
0x0506	0x9883      	BCF         lcd_d4, BitPos(lcd_d4+0) 
;__Lib_Lcd.c,167 :: 		
0x0508	0x8484      	BSF         lcd_en, BitPos(lcd_en+0) 
;__Lib_Lcd.c,168 :: 		
0x050A	0xDD88      	RCALL       _Delay_1us
;__Lib_Lcd.c,169 :: 		
0x050C	0x9484      	BCF         lcd_en, BitPos(lcd_en+0) 
;__Lib_Lcd.c,171 :: 		
0x050E	0x8E83      	BSF         lcd_d7, BitPos(lcd_d7+0) 
;__Lib_Lcd.c,172 :: 		
0x0510	0x8C83      	BSF         lcd_d6, BitPos(lcd_d6+0) 
;__Lib_Lcd.c,173 :: 		
0x0512	0x8A83      	BSF         lcd_d5, BitPos(lcd_d5+0) 
;__Lib_Lcd.c,174 :: 		
0x0514	0x8883      	BSF         lcd_d4, BitPos(lcd_d4+0) 
;__Lib_Lcd.c,175 :: 		
0x0516	0x8484      	BSF         lcd_en, BitPos(lcd_en+0) 
;__Lib_Lcd.c,176 :: 		
0x0518	0xDD81      	RCALL       _Delay_1us
;__Lib_Lcd.c,177 :: 		
0x051A	0x9484      	BCF         lcd_en, BitPos(lcd_en+0) 
;__Lib_Lcd.c,179 :: 		
0x051C	0xDD82      	RCALL       _Delay_5500us
;__Lib_Lcd.c,181 :: 		
0x051E	0x8059      	BSF         __Lib_Lcd_cmd_status, BitPos(__Lib_Lcd_cmd_status+0) 
;__Lib_Lcd.c,182 :: 		
L_end_Lcd_Init:
0x0520	0x0012      	RETURN      0
; end of _Lcd_Init
_config_io:
;AD_TENSAO.c,20 :: 		void config_io()
;AD_TENSAO.c,22 :: 		ADCON1=0x0E; // Configura o Pino (RA0) como canal analógico e o restante com digital
0x0522	0x0E0E      	MOVLW       14
0x0524	0x6EC1      	MOVWF       ADCON1 
;AD_TENSAO.c,23 :: 		TRISE=0x00; // Configura como Pinos de saída Digital
0x0526	0x6A96      	CLRF        TRISE 
;AD_TENSAO.c,24 :: 		TRISD=0x00; // Configura como Pinos de saída Digital
0x0528	0x6A95      	CLRF        TRISD 
;AD_TENSAO.c,25 :: 		TRISC=0X00; // Configura como Pinos de saída Digital
0x052A	0x6A94      	CLRF        TRISC 
;AD_TENSAO.c,26 :: 		PORTE.RE1=0; // Seleciona como '0' o pino RE1 (R/W do display de lCD)
0x052C	0x9284      	BCF         PORTE, 1 
;AD_TENSAO.c,27 :: 		PORTD=0x00; // Seleciona como '0' os pinos D0, D1, D2 E D3 para limpar o PORTD (pinos do display de LCD)
0x052E	0x6A83      	CLRF        PORTD 
;AD_TENSAO.c,28 :: 		PORTC=0xFF; // Limpa o PORTC
0x0530	0x0EFF      	MOVLW       255
0x0532	0x6E82      	MOVWF       PORTC 
;AD_TENSAO.c,29 :: 		}
L_end_config_io:
0x0534	0x0012      	RETURN      0
; end of _config_io
___CC2DW:
;__Lib_System.c,21 :: 		
;__Lib_System.c,23 :: 		
_CC2DL_Loop1:
;__Lib_System.c,24 :: 		
0x0536	0x0009      	TBLRD*+
;__Lib_System.c,25 :: 		
0x0538	0xFFE6CFF5  	MOVFF       TABLAT, POSTINC1
;__Lib_System.c,26 :: 		
0x053C	0x0600      	DECF        R0, 1, 0
;__Lib_System.c,27 :: 		
0x053E	0xE1FB      	BNZ         _CC2DL_Loop1
;__Lib_System.c,28 :: 		
0x0540	0x0601      	DECF        R1, 1, 0
;__Lib_System.c,29 :: 		
0x0542	0xE1F9      	BNZ         _CC2DL_Loop1
;__Lib_System.c,31 :: 		
L_end___CC2DW:
0x0544	0x0012      	RETURN      0
; end of ___CC2DW
_word2double:
;__Lib_MathDouble.c,2335 :: 		
;__Lib_MathDouble.c,2344 :: 		
0x0546	0x5000      	MOVF        R0, 0, 0
;__Lib_MathDouble.c,2345 :: 		
0x0548	0x6E08      	MOVWF       R8, 0
;__Lib_MathDouble.c,2346 :: 		
0x054A	0x5001      	MOVF        R1, 0, 0
;__Lib_MathDouble.c,2347 :: 		
0x054C	0x6E00      	MOVWF       R0, 0
;__Lib_MathDouble.c,2348 :: 		
0x054E	0x6A01      	CLRF        R1, 0
;__Lib_MathDouble.c,2349 :: 		
0x0550	0x6A02      	CLRF        R2, 0
;__Lib_MathDouble.c,2350 :: 		
0x0552	0x6A03      	CLRF        R3, 0
;__Lib_MathDouble.c,2353 :: 		
0x0554	0x6A0B      	CLRF        R11, 0
;__Lib_MathDouble.c,2354 :: 		
0x0556	0x6A0C      	CLRF        R12, 0
;__Lib_MathDouble.c,2356 :: 		
0x0558	0x0E96      	MOVLW       150
;__Lib_MathDouble.c,2357 :: 		
0x055A	0x6E03      	MOVWF       R3, 0
;__Lib_MathDouble.c,2358 :: 		
0x055C	0x6A0A      	CLRF        R10, 0
;__Lib_MathDouble.c,2360 :: 		
0x055E	0xF001C000  	MOVFF       R0, R1
;__Lib_MathDouble.c,2361 :: 		
0x0562	0xF000C008  	MOVFF       R8, R0
;__Lib_MathDouble.c,2362 :: 		
0x0566	0x6A08      	CLRF        R8, 0
;__Lib_MathDouble.c,2363 :: 		
0x0568	0x6A02      	CLRF        R2, 0
;__Lib_MathDouble.c,2365 :: 		
0x056A	0xDDCD      	RCALL       _NRM3232
;__Lib_MathDouble.c,2366 :: 		
L_end_word2double:
0x056C	0x0012      	RETURN      0
; end of _word2double
_FloatToStr:
;__Lib_Conversions.c,521 :: 		
;__Lib_Conversions.c,523 :: 		
0x056E	0x6A66      	CLRF        FloatToStr_bpoint_L0 
0x0570	0x6A67      	CLRF        FloatToStr_dexpon_L0 
;__Lib_Conversions.c,528 :: 		
0x0572	0xF062C05A  	MOVFF       FARG_FloatToStr_fnum, FloatToStr_un_L0
0x0576	0xF063C05B  	MOVFF       FARG_FloatToStr_fnum+1, FloatToStr_un_L0+1
0x057A	0xF064C05C  	MOVFF       FARG_FloatToStr_fnum+2, FloatToStr_un_L0+2
0x057E	0xF065C05D  	MOVFF       FARG_FloatToStr_fnum+3, FloatToStr_un_L0+3
;__Lib_Conversions.c,529 :: 		
0x0582	0x5065      	MOVF        FloatToStr_un_L0+3, 0 
0x0584	0x0AFF      	XORLW       255
0x0586	0xE108      	BNZ         L__FloatToStr417
0x0588	0x5064      	MOVF        FloatToStr_un_L0+2, 0 
0x058A	0x0AFF      	XORLW       255
0x058C	0xE105      	BNZ         L__FloatToStr417
0x058E	0x5063      	MOVF        FloatToStr_un_L0+1, 0 
0x0590	0x0AFF      	XORLW       255
0x0592	0xE102      	BNZ         L__FloatToStr417
0x0594	0x5062      	MOVF        FloatToStr_un_L0, 0 
0x0596	0x0AFF      	XORLW       255
L__FloatToStr417:
0x0598	0xE10C      	BNZ         L_FloatToStr90
;__Lib_Conversions.c,530 :: 		
0x059A	0xF068C05E  	MOVFF       FARG_FloatToStr_str, FARG_strcpy_to
0x059E	0xF069C05F  	MOVFF       FARG_FloatToStr_str+1, FARG_strcpy_to+1
0x05A2	0x0E21      	MOVLW       ?lstr1___Lib_Conversions
0x05A4	0x6E6A      	MOVWF       FARG_strcpy_from 
0x05A6	0x0E00      	MOVLW       hi_addr(?lstr1___Lib_Conversions)
0x05A8	0x6E6B      	MOVWF       FARG_strcpy_from+1 
0x05AA	0xDDE6      	RCALL       _strcpy
;__Lib_Conversions.c,531 :: 		
0x05AC	0x0E03      	MOVLW       3
0x05AE	0x6E00      	MOVWF       R0 
0x05B0	0xD1E9      	BRA         L_end_FloatToStr
;__Lib_Conversions.c,532 :: 		
L_FloatToStr90:
;__Lib_Conversions.c,533 :: 		
0x05B2	0x0E01      	MOVLW       1
0x05B4	0x6E60      	MOVWF       FloatToStr_i_L0 
;__Lib_Conversions.c,534 :: 		
0x05B6	0xAE64      	BTFSS       FloatToStr_un_L0+2, 7 
0x05B8	0xD00E      	BRA         L_FloatToStr91
;__Lib_Conversions.c,535 :: 		
0x05BA	0x0E80      	MOVLW       128
0x05BC	0x1864      	XORWF       FloatToStr_un_L0+2, 0 
0x05BE	0x6E00      	MOVWF       R0 
0x05C0	0xF064C000  	MOVFF       R0, FloatToStr_un_L0+2
;__Lib_Conversions.c,536 :: 		
0x05C4	0x2A60      	INCF        FloatToStr_i_L0, 1 
;__Lib_Conversions.c,537 :: 		
0x05C6	0xFFE1C05E  	MOVFF       FARG_FloatToStr_str, FSR1L
0x05CA	0xFFE2C05F  	MOVFF       FARG_FloatToStr_str+1, FSR1H
0x05CE	0x0E2D      	MOVLW       45
0x05D0	0x6EE6      	MOVWF       POSTINC1 
0x05D2	0x4A5E      	INFSNZ      FARG_FloatToStr_str, 1 
0x05D4	0x2A5F      	INCF        FARG_FloatToStr_str+1, 1 
;__Lib_Conversions.c,538 :: 		
L_FloatToStr91:
;__Lib_Conversions.c,539 :: 		
0x05D6	0x0E00      	MOVLW       0
0x05D8	0x6E00      	MOVWF       R0 
0x05DA	0x1865      	XORWF       FloatToStr_un_L0+3, 0 
0x05DC	0xE108      	BNZ         L__FloatToStr418
0x05DE	0x5000      	MOVF        R0, 0 
0x05E0	0x1864      	XORWF       FloatToStr_un_L0+2, 0 
0x05E2	0xE105      	BNZ         L__FloatToStr418
0x05E4	0x5000      	MOVF        R0, 0 
0x05E6	0x1863      	XORWF       FloatToStr_un_L0+1, 0 
0x05E8	0xE102      	BNZ         L__FloatToStr418
0x05EA	0x5062      	MOVF        FloatToStr_un_L0, 0 
0x05EC	0x0A00      	XORLW       0
L__FloatToStr418:
0x05EE	0xE10B      	BNZ         L_FloatToStr92
;__Lib_Conversions.c,540 :: 		
0x05F0	0xF068C05E  	MOVFF       FARG_FloatToStr_str, FARG_strcpy_to
0x05F4	0xF069C05F  	MOVFF       FARG_FloatToStr_str+1, FARG_strcpy_to+1
0x05F8	0x0E1F      	MOVLW       ?lstr2___Lib_Conversions
0x05FA	0x6E6A      	MOVWF       FARG_strcpy_from 
0x05FC	0x0E00      	MOVLW       hi_addr(?lstr2___Lib_Conversions)
0x05FE	0x6E6B      	MOVWF       FARG_strcpy_from+1 
0x0600	0xDDBB      	RCALL       _strcpy
;__Lib_Conversions.c,541 :: 		
0x0602	0x6A00      	CLRF        R0 
0x0604	0xD1BF      	BRA         L_end_FloatToStr
;__Lib_Conversions.c,542 :: 		
L_FloatToStr92:
;__Lib_Conversions.c,543 :: 		
0x0606	0x5065      	MOVF        FloatToStr_un_L0+3, 0 
0x0608	0x0AFF      	XORLW       255
0x060A	0xE108      	BNZ         L__FloatToStr419
0x060C	0x5064      	MOVF        FloatToStr_un_L0+2, 0 
0x060E	0x0A00      	XORLW       0
0x0610	0xE105      	BNZ         L__FloatToStr419
0x0612	0x5063      	MOVF        FloatToStr_un_L0+1, 0 
0x0614	0x0A00      	XORLW       0
0x0616	0xE102      	BNZ         L__FloatToStr419
0x0618	0x5062      	MOVF        FloatToStr_un_L0, 0 
0x061A	0x0A00      	XORLW       0
L__FloatToStr419:
0x061C	0xE10C      	BNZ         L_FloatToStr93
;__Lib_Conversions.c,544 :: 		
0x061E	0xF068C05E  	MOVFF       FARG_FloatToStr_str, FARG_strcpy_to
0x0622	0xF069C05F  	MOVFF       FARG_FloatToStr_str+1, FARG_strcpy_to+1
0x0626	0x0E39      	MOVLW       ?lstr3___Lib_Conversions
0x0628	0x6E6A      	MOVWF       FARG_strcpy_from 
0x062A	0x0E00      	MOVLW       hi_addr(?lstr3___Lib_Conversions)
0x062C	0x6E6B      	MOVWF       FARG_strcpy_from+1 
0x062E	0xDDA4      	RCALL       _strcpy
;__Lib_Conversions.c,545 :: 		
0x0630	0xF000C060  	MOVFF       FloatToStr_i_L0, R0
0x0634	0xD1A7      	BRA         L_end_FloatToStr
;__Lib_Conversions.c,546 :: 		
L_FloatToStr93:
;__Lib_Conversions.c,554 :: 		
L_FloatToStr94:
0x0636	0x0E00      	MOVLW       0
0x0638	0x6E04      	MOVWF       R4 
0x063A	0x0E00      	MOVLW       0
0x063C	0x6E05      	MOVWF       R5 
0x063E	0x0E00      	MOVLW       0
0x0640	0x6E06      	MOVWF       R6 
0x0642	0x0E7F      	MOVLW       127
0x0644	0x6E07      	MOVWF       R7 
0x0646	0xF000C062  	MOVFF       FloatToStr_un_L0, R0
0x064A	0xF001C063  	MOVFF       FloatToStr_un_L0+1, R1
0x064E	0xF002C064  	MOVFF       FloatToStr_un_L0+2, R2
0x0652	0xF003C065  	MOVFF       FloatToStr_un_L0+3, R3
0x0656	0xDE95      	RCALL       _Compare_Double
0x0658	0x0E01      	MOVLW       1
0x065A	0xB0D8      	BTFSC       STATUS, 0 
0x065C	0x0E00      	MOVLW       0
0x065E	0x6E00      	MOVWF       R0 
0x0660	0x5200      	MOVF        R0, 1 
0x0662	0xE01B      	BZ          L_FloatToStr95
;__Lib_Conversions.c,555 :: 		
0x0664	0xF000C062  	MOVFF       FloatToStr_un_L0, R0
0x0668	0xF001C063  	MOVFF       FloatToStr_un_L0+1, R1
0x066C	0xF002C064  	MOVFF       FloatToStr_un_L0+2, R2
0x0670	0xF003C065  	MOVFF       FloatToStr_un_L0+3, R3
0x0674	0x0E00      	MOVLW       0
0x0676	0x6E04      	MOVWF       R4 
0x0678	0x0E00      	MOVLW       0
0x067A	0x6E05      	MOVWF       R5 
0x067C	0x0E20      	MOVLW       32
0x067E	0x6E06      	MOVWF       R6 
0x0680	0x0E82      	MOVLW       130
0x0682	0x6E07      	MOVWF       R7 
0x0684	0xDDEE      	RCALL       _Mul_32x32_FP
0x0686	0xF062C000  	MOVFF       R0, FloatToStr_un_L0
0x068A	0xF063C001  	MOVFF       R1, FloatToStr_un_L0+1
0x068E	0xF064C002  	MOVFF       R2, FloatToStr_un_L0+2
0x0692	0xF065C003  	MOVFF       R3, FloatToStr_un_L0+3
;__Lib_Conversions.c,556 :: 		
0x0696	0x0667      	DECF        FloatToStr_dexpon_L0, 1 
;__Lib_Conversions.c,557 :: 		
0x0698	0xD7CE      	BRA         L_FloatToStr94
L_FloatToStr95:
;__Lib_Conversions.c,562 :: 		
L_FloatToStr96:
0x069A	0x0E00      	MOVLW       0
0x069C	0x6E04      	MOVWF       R4 
0x069E	0x0E00      	MOVLW       0
0x06A0	0x6E05      	MOVWF       R5 
0x06A2	0x0E20      	MOVLW       32
0x06A4	0x6E06      	MOVWF       R6 
0x06A6	0x0E82      	MOVLW       130
0x06A8	0x6E07      	MOVWF       R7 
0x06AA	0xF000C062  	MOVFF       FloatToStr_un_L0, R0
0x06AE	0xF001C063  	MOVFF       FloatToStr_un_L0+1, R1
0x06B2	0xF002C064  	MOVFF       FloatToStr_un_L0+2, R2
0x06B6	0xF003C065  	MOVFF       FloatToStr_un_L0+3, R3
0x06BA	0xDE63      	RCALL       _Compare_Double
0x06BC	0x0E00      	MOVLW       0
0x06BE	0xB0D8      	BTFSC       STATUS, 0 
0x06C0	0x0E01      	MOVLW       1
0x06C2	0x6E00      	MOVWF       R0 
0x06C4	0x5200      	MOVF        R0, 1 
0x06C6	0xE01B      	BZ          L_FloatToStr97
;__Lib_Conversions.c,563 :: 		
0x06C8	0xF000C062  	MOVFF       FloatToStr_un_L0, R0
0x06CC	0xF001C063  	MOVFF       FloatToStr_un_L0+1, R1
0x06D0	0xF002C064  	MOVFF       FloatToStr_un_L0+2, R2
0x06D4	0xF003C065  	MOVFF       FloatToStr_un_L0+3, R3
0x06D8	0x0ECD      	MOVLW       205
0x06DA	0x6E04      	MOVWF       R4 
0x06DC	0x0ECC      	MOVLW       204
0x06DE	0x6E05      	MOVWF       R5 
0x06E0	0x0E4C      	MOVLW       76
0x06E2	0x6E06      	MOVWF       R6 
0x06E4	0x0E7B      	MOVLW       123
0x06E6	0x6E07      	MOVWF       R7 
0x06E8	0xDDBC      	RCALL       _Mul_32x32_FP
0x06EA	0xF062C000  	MOVFF       R0, FloatToStr_un_L0
0x06EE	0xF063C001  	MOVFF       R1, FloatToStr_un_L0+1
0x06F2	0xF064C002  	MOVFF       R2, FloatToStr_un_L0+2
0x06F6	0xF065C003  	MOVFF       R3, FloatToStr_un_L0+3
;__Lib_Conversions.c,564 :: 		
0x06FA	0x2A67      	INCF        FloatToStr_dexpon_L0, 1 
;__Lib_Conversions.c,565 :: 		
0x06FC	0xD7CE      	BRA         L_FloatToStr96
L_FloatToStr97:
;__Lib_Conversions.c,574 :: 		
0x06FE	0x0EFF      	MOVLW       255
0x0700	0x1462      	ANDWF       FloatToStr_un_L0, 0 
0x0702	0x6E08      	MOVWF       R8 
0x0704	0x0EFF      	MOVLW       255
0x0706	0x1463      	ANDWF       FloatToStr_un_L0+1, 0 
0x0708	0x6E09      	MOVWF       R9 
0x070A	0x0E7F      	MOVLW       127
0x070C	0x1464      	ANDWF       FloatToStr_un_L0+2, 0 
0x070E	0x6E0A      	MOVWF       R10 
0x0710	0x0E00      	MOVLW       0
0x0712	0x1465      	ANDWF       FloatToStr_un_L0+3, 0 
0x0714	0x6E0B      	MOVWF       R11 
;__Lib_Conversions.c,575 :: 		
0x0716	0xF004C008  	MOVFF       R8, R4
0x071A	0xF005C009  	MOVFF       R9, R5
0x071E	0xF006C00A  	MOVFF       R10, R6
0x0722	0xF007C00B  	MOVFF       R11, R7
0x0726	0x3604      	RLCF        R4, 1 
0x0728	0x9004      	BCF         R4, 0 
0x072A	0x3605      	RLCF        R5, 1 
0x072C	0x3606      	RLCF        R6, 1 
0x072E	0x3607      	RLCF        R7, 1 
;__Lib_Conversions.c,576 :: 		
0x0730	0x0E00      	MOVLW       0
0x0732	0x1462      	ANDWF       FloatToStr_un_L0, 0 
0x0734	0x6E00      	MOVWF       R0 
0x0736	0x0E00      	MOVLW       0
0x0738	0x1463      	ANDWF       FloatToStr_un_L0+1, 0 
0x073A	0x6E01      	MOVWF       R1 
0x073C	0x0E00      	MOVLW       0
0x073E	0x1464      	ANDWF       FloatToStr_un_L0+2, 0 
0x0740	0x6E02      	MOVWF       R2 
0x0742	0x0EFF      	MOVLW       255
0x0744	0x1465      	ANDWF       FloatToStr_un_L0+3, 0 
0x0746	0x6E03      	MOVWF       R3 
0x0748	0xF062C000  	MOVFF       R0, FloatToStr_un_L0
0x074C	0xF063C001  	MOVFF       R1, FloatToStr_un_L0+1
0x0750	0xF064C002  	MOVFF       R2, FloatToStr_un_L0+2
0x0754	0xF065C003  	MOVFF       R3, FloatToStr_un_L0+3
;__Lib_Conversions.c,577 :: 		
0x0758	0x5004      	MOVF        R4, 0 
0x075A	0x1062      	IORWF       FloatToStr_un_L0, 0 
0x075C	0x6E00      	MOVWF       R0 
0x075E	0x5005      	MOVF        R5, 0 
0x0760	0x1063      	IORWF       FloatToStr_un_L0+1, 0 
0x0762	0x6E01      	MOVWF       R1 
0x0764	0x5006      	MOVF        R6, 0 
0x0766	0x1064      	IORWF       FloatToStr_un_L0+2, 0 
0x0768	0x6E02      	MOVWF       R2 
0x076A	0x5007      	MOVF        R7, 0 
0x076C	0x1065      	IORWF       FloatToStr_un_L0+3, 0 
0x076E	0x6E03      	MOVWF       R3 
0x0770	0xF062C000  	MOVFF       R0, FloatToStr_un_L0
0x0774	0xF063C001  	MOVFF       R1, FloatToStr_un_L0+1
0x0778	0xF064C002  	MOVFF       R2, FloatToStr_un_L0+2
0x077C	0xF065C003  	MOVFF       R3, FloatToStr_un_L0+3
;__Lib_Conversions.c,579 :: 		
0x0780	0x0E7F      	MOVLW       127
0x0782	0x5C65      	SUBWF       FloatToStr_un_L0+3, 0 
0x0784	0x6E00      	MOVWF       R0 
0x0786	0xF061C000  	MOVFF       R0, FloatToStr_d_L0
;__Lib_Conversions.c,582 :: 		
0x078A	0x0E01      	MOVLW       1
0x078C	0x6E65      	MOVWF       FloatToStr_un_L0+3 
;__Lib_Conversions.c,583 :: 		
0x078E	0xF004C000  	MOVFF       R0, R4
0x0792	0xF000C062  	MOVFF       FloatToStr_un_L0, R0
0x0796	0xF001C063  	MOVFF       FloatToStr_un_L0+1, R1
0x079A	0xF002C064  	MOVFF       FloatToStr_un_L0+2, R2
0x079E	0xF003C065  	MOVFF       FloatToStr_un_L0+3, R3
0x07A2	0x5004      	MOVF        R4, 0 
L__FloatToStr420:
0x07A4	0xE007      	BZ          L__FloatToStr421
0x07A6	0x3600      	RLCF        R0, 1 
0x07A8	0x9000      	BCF         R0, 0 
0x07AA	0x3601      	RLCF        R1, 1 
0x07AC	0x3602      	RLCF        R2, 1 
0x07AE	0x3603      	RLCF        R3, 1 
0x07B0	0x0FFF      	ADDLW       255
0x07B2	0xD7F8      	BRA         L__FloatToStr420
L__FloatToStr421:
0x07B4	0xF062C000  	MOVFF       R0, FloatToStr_un_L0
0x07B8	0xF063C001  	MOVFF       R1, FloatToStr_un_L0+1
0x07BC	0xF064C002  	MOVFF       R2, FloatToStr_un_L0+2
0x07C0	0xF065C003  	MOVFF       R3, FloatToStr_un_L0+3
;__Lib_Conversions.c,584 :: 		
0x07C4	0xFFE1C05E  	MOVFF       FARG_FloatToStr_str, FSR1L
0x07C8	0xFFE2C05F  	MOVFF       FARG_FloatToStr_str+1, FSR1H
0x07CC	0x5065      	MOVF        FloatToStr_un_L0+3, 0 
0x07CE	0x0F30      	ADDLW       48
0x07D0	0x6EE6      	MOVWF       POSTINC1 
0x07D2	0x4A5E      	INFSNZ      FARG_FloatToStr_str, 1 
0x07D4	0x2A5F      	INCF        FARG_FloatToStr_str+1, 1 
;__Lib_Conversions.c,585 :: 		
0x07D6	0x0E80      	MOVLW       128
0x07D8	0x1867      	XORWF       FloatToStr_dexpon_L0, 0 
0x07DA	0x6E00      	MOVWF       R0 
0x07DC	0x0E80      	MOVLW       128
0x07DE	0x0A01      	XORLW       1
0x07E0	0x5C00      	SUBWF       R0, 0 
0x07E2	0xE308      	BNC         L__FloatToStr346
0x07E4	0x0E80      	MOVLW       128
0x07E6	0x0A06      	XORLW       6
0x07E8	0x6E00      	MOVWF       R0 
0x07EA	0x0E80      	MOVLW       128
0x07EC	0x1867      	XORWF       FloatToStr_dexpon_L0, 0 
0x07EE	0x5C00      	SUBWF       R0, 0 
0x07F0	0xE301      	BNC         L__FloatToStr346
0x07F2	0xD00A      	BRA         L_FloatToStr100
L__FloatToStr346:
;__Lib_Conversions.c,586 :: 		
0x07F4	0xFFE1C05E  	MOVFF       FARG_FloatToStr_str, FSR1L
0x07F8	0xFFE2C05F  	MOVFF       FARG_FloatToStr_str+1, FSR1H
0x07FC	0x0E2E      	MOVLW       46
0x07FE	0x6EE6      	MOVWF       POSTINC1 
0x0800	0x4A5E      	INFSNZ      FARG_FloatToStr_str, 1 
0x0802	0x2A5F      	INCF        FARG_FloatToStr_str+1, 1 
;__Lib_Conversions.c,587 :: 		
0x0804	0x0E01      	MOVLW       1
0x0806	0x6E66      	MOVWF       FloatToStr_bpoint_L0 
;__Lib_Conversions.c,588 :: 		
L_FloatToStr100:
;__Lib_Conversions.c,589 :: 		
0x0808	0x0E06      	MOVLW       6
0x080A	0x6E61      	MOVWF       FloatToStr_d_L0 
L_FloatToStr101:
0x080C	0x5061      	MOVF        FloatToStr_d_L0, 0 
0x080E	0x0A00      	XORLW       0
0x0810	0xE054      	BZ          L_FloatToStr102
;__Lib_Conversions.c,590 :: 		
0x0812	0x6A65      	CLRF        FloatToStr_un_L0+3 
;__Lib_Conversions.c,591 :: 		
0x0814	0xF000C062  	MOVFF       FloatToStr_un_L0, R0
0x0818	0xF001C063  	MOVFF       FloatToStr_un_L0+1, R1
0x081C	0xF002C064  	MOVFF       FloatToStr_un_L0+2, R2
0x0820	0xF003C065  	MOVFF       FloatToStr_un_L0+3, R3
0x0824	0x3600      	RLCF        R0, 1 
0x0826	0x9000      	BCF         R0, 0 
0x0828	0x3601      	RLCF        R1, 1 
0x082A	0x3602      	RLCF        R2, 1 
0x082C	0x3603      	RLCF        R3, 1 
0x082E	0x3600      	RLCF        R0, 1 
0x0830	0x9000      	BCF         R0, 0 
0x0832	0x3601      	RLCF        R1, 1 
0x0834	0x3602      	RLCF        R2, 1 
0x0836	0x3603      	RLCF        R3, 1 
0x0838	0x5062      	MOVF        FloatToStr_un_L0, 0 
0x083A	0x2600      	ADDWF       R0, 1 
0x083C	0x5063      	MOVF        FloatToStr_un_L0+1, 0 
0x083E	0x2201      	ADDWFC      R1, 1 
0x0840	0x5064      	MOVF        FloatToStr_un_L0+2, 0 
0x0842	0x2202      	ADDWFC      R2, 1 
0x0844	0x5065      	MOVF        FloatToStr_un_L0+3, 0 
0x0846	0x2203      	ADDWFC      R3, 1 
0x0848	0xF062C000  	MOVFF       R0, FloatToStr_un_L0
0x084C	0xF063C001  	MOVFF       R1, FloatToStr_un_L0+1
0x0850	0xF064C002  	MOVFF       R2, FloatToStr_un_L0+2
0x0854	0xF065C003  	MOVFF       R3, FloatToStr_un_L0+3
;__Lib_Conversions.c,592 :: 		
0x0858	0xF000C062  	MOVFF       FloatToStr_un_L0, R0
0x085C	0xF001C063  	MOVFF       FloatToStr_un_L0+1, R1
0x0860	0xF002C064  	MOVFF       FloatToStr_un_L0+2, R2
0x0864	0xF003C065  	MOVFF       FloatToStr_un_L0+3, R3
0x0868	0x3600      	RLCF        R0, 1 
0x086A	0x9000      	BCF         R0, 0 
0x086C	0x3601      	RLCF        R1, 1 
0x086E	0x3602      	RLCF        R2, 1 
0x0870	0x3603      	RLCF        R3, 1 
0x0872	0xF062C000  	MOVFF       R0, FloatToStr_un_L0
0x0876	0xF063C001  	MOVFF       R1, FloatToStr_un_L0+1
0x087A	0xF064C002  	MOVFF       R2, FloatToStr_un_L0+2
0x087E	0xF065C003  	MOVFF       R3, FloatToStr_un_L0+3
;__Lib_Conversions.c,593 :: 		
0x0882	0xFFE1C05E  	MOVFF       FARG_FloatToStr_str, FSR1L
0x0886	0xFFE2C05F  	MOVFF       FARG_FloatToStr_str+1, FSR1H
0x088A	0x5065      	MOVF        FloatToStr_un_L0+3, 0 
0x088C	0x0F30      	ADDLW       48
0x088E	0x6EE6      	MOVWF       POSTINC1 
0x0890	0x4A5E      	INFSNZ      FARG_FloatToStr_str, 1 
0x0892	0x2A5F      	INCF        FARG_FloatToStr_str+1, 1 
;__Lib_Conversions.c,594 :: 		
0x0894	0x5066      	MOVF        FloatToStr_bpoint_L0, 0 
0x0896	0x0A00      	XORLW       0
0x0898	0xE10E      	BNZ         L_FloatToStr104
;__Lib_Conversions.c,595 :: 		
0x089A	0x0667      	DECF        FloatToStr_dexpon_L0, 1 
0x089C	0x5067      	MOVF        FloatToStr_dexpon_L0, 0 
0x089E	0x0A00      	XORLW       0
0x08A0	0xE10A      	BNZ         L_FloatToStr105
;__Lib_Conversions.c,596 :: 		
0x08A2	0xFFE1C05E  	MOVFF       FARG_FloatToStr_str, FSR1L
0x08A6	0xFFE2C05F  	MOVFF       FARG_FloatToStr_str+1, FSR1H
0x08AA	0x0E2E      	MOVLW       46
0x08AC	0x6EE6      	MOVWF       POSTINC1 
0x08AE	0x4A5E      	INFSNZ      FARG_FloatToStr_str, 1 
0x08B0	0x2A5F      	INCF        FARG_FloatToStr_str+1, 1 
;__Lib_Conversions.c,597 :: 		
0x08B2	0x0E01      	MOVLW       1
0x08B4	0x6E66      	MOVWF       FloatToStr_bpoint_L0 
;__Lib_Conversions.c,598 :: 		
L_FloatToStr105:
L_FloatToStr104:
;__Lib_Conversions.c,589 :: 		
0x08B6	0x0661      	DECF        FloatToStr_d_L0, 1 
;__Lib_Conversions.c,599 :: 		
0x08B8	0xD7A9      	BRA         L_FloatToStr101
L_FloatToStr102:
;__Lib_Conversions.c,600 :: 		
L_FloatToStr106:
0x08BA	0x0EFF      	MOVLW       255
0x08BC	0x245E      	ADDWF       FARG_FloatToStr_str, 0 
0x08BE	0x6EE9      	MOVWF       FSR0L 
0x08C0	0x0EFF      	MOVLW       255
0x08C2	0x205F      	ADDWFC      FARG_FloatToStr_str+1, 0 
0x08C4	0x6EEA      	MOVWF       FSR0L+1 
0x08C6	0x50EE      	MOVF        POSTINC0, 0 
0x08C8	0x0A30      	XORLW       48
0x08CA	0xE105      	BNZ         L_FloatToStr107
;__Lib_Conversions.c,601 :: 		
0x08CC	0x0E01      	MOVLW       1
0x08CE	0x5E5E      	SUBWF       FARG_FloatToStr_str, 1 
0x08D0	0x0E00      	MOVLW       0
0x08D2	0x5A5F      	SUBWFB      FARG_FloatToStr_str+1, 1 
0x08D4	0xD7F2      	BRA         L_FloatToStr106
L_FloatToStr107:
;__Lib_Conversions.c,602 :: 		
0x08D6	0x0EFF      	MOVLW       255
0x08D8	0x245E      	ADDWF       FARG_FloatToStr_str, 0 
0x08DA	0x6EE9      	MOVWF       FSR0L 
0x08DC	0x0EFF      	MOVLW       255
0x08DE	0x205F      	ADDWFC      FARG_FloatToStr_str+1, 0 
0x08E0	0x6EEA      	MOVWF       FSR0L+1 
0x08E2	0x50EE      	MOVF        POSTINC0, 0 
0x08E4	0x0A2E      	XORLW       46
0x08E6	0xE104      	BNZ         L_FloatToStr108
;__Lib_Conversions.c,603 :: 		
0x08E8	0x0E01      	MOVLW       1
0x08EA	0x5E5E      	SUBWF       FARG_FloatToStr_str, 1 
0x08EC	0x0E00      	MOVLW       0
0x08EE	0x5A5F      	SUBWFB      FARG_FloatToStr_str+1, 1 
L_FloatToStr108:
;__Lib_Conversions.c,604 :: 		
0x08F0	0x5067      	MOVF        FloatToStr_dexpon_L0, 0 
0x08F2	0x0A00      	XORLW       0
0x08F4	0xE041      	BZ          L_FloatToStr109
;__Lib_Conversions.c,605 :: 		
0x08F6	0xFFE1C05E  	MOVFF       FARG_FloatToStr_str, FSR1L
0x08FA	0xFFE2C05F  	MOVFF       FARG_FloatToStr_str+1, FSR1H
0x08FE	0x0E65      	MOVLW       101
0x0900	0x6EE6      	MOVWF       POSTINC1 
0x0902	0x4A5E      	INFSNZ      FARG_FloatToStr_str, 1 
0x0904	0x2A5F      	INCF        FARG_FloatToStr_str+1, 1 
;__Lib_Conversions.c,606 :: 		
0x0906	0x0E80      	MOVLW       128
0x0908	0x1867      	XORWF       FloatToStr_dexpon_L0, 0 
0x090A	0x6E00      	MOVWF       R0 
0x090C	0x0E80      	MOVLW       128
0x090E	0x0A00      	XORLW       0
0x0910	0x5C00      	SUBWF       R0, 0 
0x0912	0xE20B      	BC          L_FloatToStr110
;__Lib_Conversions.c,607 :: 		
0x0914	0xFFE1C05E  	MOVFF       FARG_FloatToStr_str, FSR1L
0x0918	0xFFE2C05F  	MOVFF       FARG_FloatToStr_str+1, FSR1H
0x091C	0x0E2D      	MOVLW       45
0x091E	0x6EE6      	MOVWF       POSTINC1 
0x0920	0x4A5E      	INFSNZ      FARG_FloatToStr_str, 1 
0x0922	0x2A5F      	INCF        FARG_FloatToStr_str+1, 1 
;__Lib_Conversions.c,608 :: 		
0x0924	0x5067      	MOVF        FloatToStr_dexpon_L0, 0 
0x0926	0x0800      	SUBLW       0
0x0928	0x6E67      	MOVWF       FloatToStr_dexpon_L0 
;__Lib_Conversions.c,609 :: 		
L_FloatToStr110:
;__Lib_Conversions.c,610 :: 		
0x092A	0xF061C067  	MOVFF       FloatToStr_dexpon_L0, FloatToStr_d_L0
;__Lib_Conversions.c,611 :: 		
0x092E	0x0E80      	MOVLW       128
0x0930	0x0A09      	XORLW       9
0x0932	0x6E00      	MOVWF       R0 
0x0934	0x0E80      	MOVLW       128
0x0936	0x1867      	XORWF       FloatToStr_dexpon_L0, 0 
0x0938	0x5C00      	SUBWF       R0, 0 
0x093A	0xE20E      	BC          L_FloatToStr111
;__Lib_Conversions.c,612 :: 		
0x093C	0x0E0A      	MOVLW       10
0x093E	0x6E04      	MOVWF       R4 
0x0940	0xF000C061  	MOVFF       FloatToStr_d_L0, R0
0x0944	0xDC3F      	RCALL       _Div_8X8_S
0x0946	0xFFE1C05E  	MOVFF       FARG_FloatToStr_str, FSR1L
0x094A	0xFFE2C05F  	MOVFF       FARG_FloatToStr_str+1, FSR1H
0x094E	0x5000      	MOVF        R0, 0 
0x0950	0x0F30      	ADDLW       48
0x0952	0x6EE6      	MOVWF       POSTINC1 
0x0954	0x4A5E      	INFSNZ      FARG_FloatToStr_str, 1 
0x0956	0x2A5F      	INCF        FARG_FloatToStr_str+1, 1 
L_FloatToStr111:
;__Lib_Conversions.c,613 :: 		
0x0958	0x0E0A      	MOVLW       10
0x095A	0x6E04      	MOVWF       R4 
0x095C	0xF000C061  	MOVFF       FloatToStr_d_L0, R0
0x0960	0xDC31      	RCALL       _Div_8X8_S
0x0962	0xF000C008  	MOVFF       R8, R0
0x0966	0xFFE1C05E  	MOVFF       FARG_FloatToStr_str, FSR1L
0x096A	0xFFE2C05F  	MOVFF       FARG_FloatToStr_str+1, FSR1H
0x096E	0x5000      	MOVF        R0, 0 
0x0970	0x0F30      	ADDLW       48
0x0972	0x6EE6      	MOVWF       POSTINC1 
0x0974	0x4A5E      	INFSNZ      FARG_FloatToStr_str, 1 
0x0976	0x2A5F      	INCF        FARG_FloatToStr_str+1, 1 
;__Lib_Conversions.c,614 :: 		
L_FloatToStr109:
;__Lib_Conversions.c,615 :: 		
0x0978	0xFFE1C05E  	MOVFF       FARG_FloatToStr_str, FSR1L
0x097C	0xFFE2C05F  	MOVFF       FARG_FloatToStr_str+1, FSR1H
0x0980	0x6AE6      	CLRF        POSTINC1 
;__Lib_Conversions.c,616 :: 		
0x0982	0x6A00      	CLRF        R0 
;__Lib_Conversions.c,617 :: 		
L_end_FloatToStr:
0x0984	0x0012      	RETURN      0
; end of _FloatToStr
_Lcd_Out:
;__Lib_Lcd.c,184 :: 		
;__Lib_Lcd.c,187 :: 		
0x0986	0xD00F      	BRA         L_Lcd_Out11
;__Lib_Lcd.c,188 :: 		
L_Lcd_Out13:
0x0988	0x0E80      	MOVLW       128
0x098A	0x6E5A      	MOVWF       FARG_Lcd_Out_row 
0x098C	0xD019      	BRA         L_Lcd_Out12
;__Lib_Lcd.c,189 :: 		
L_Lcd_Out14:
0x098E	0x0EC0      	MOVLW       192
0x0990	0x6E5A      	MOVWF       FARG_Lcd_Out_row 
0x0992	0xD016      	BRA         L_Lcd_Out12
;__Lib_Lcd.c,190 :: 		
L_Lcd_Out15:
0x0994	0x0E94      	MOVLW       148
0x0996	0x6E5A      	MOVWF       FARG_Lcd_Out_row 
0x0998	0xD013      	BRA         L_Lcd_Out12
;__Lib_Lcd.c,191 :: 		
L_Lcd_Out16:
0x099A	0x0ED4      	MOVLW       212
0x099C	0x6E5A      	MOVWF       FARG_Lcd_Out_row 
0x099E	0xD010      	BRA         L_Lcd_Out12
;__Lib_Lcd.c,192 :: 		
L_Lcd_Out17:
0x09A0	0x0E80      	MOVLW       128
0x09A2	0x6E5A      	MOVWF       FARG_Lcd_Out_row 
;__Lib_Lcd.c,193 :: 		
0x09A4	0xD00D      	BRA         L_Lcd_Out12
L_Lcd_Out11:
0x09A6	0x505A      	MOVF        FARG_Lcd_Out_row, 0 
0x09A8	0x0A01      	XORLW       1
0x09AA	0xE0EE      	BZ          L_Lcd_Out13
0x09AC	0x505A      	MOVF        FARG_Lcd_Out_row, 0 
0x09AE	0x0A02      	XORLW       2
0x09B0	0xE0EE      	BZ          L_Lcd_Out14
0x09B2	0x505A      	MOVF        FARG_Lcd_Out_row, 0 
0x09B4	0x0A03      	XORLW       3
0x09B6	0xE0EE      	BZ          L_Lcd_Out15
0x09B8	0x505A      	MOVF        FARG_Lcd_Out_row, 0 
0x09BA	0x0A04      	XORLW       4
0x09BC	0xE0EE      	BZ          L_Lcd_Out16
0x09BE	0xD7F0      	BRA         L_Lcd_Out17
L_Lcd_Out12:
;__Lib_Lcd.c,194 :: 		
0x09C0	0x045B      	DECF        FARG_Lcd_Out_column, 0 
0x09C2	0x6E00      	MOVWF       R0 
0x09C4	0x505A      	MOVF        FARG_Lcd_Out_row, 0 
0x09C6	0x2600      	ADDWF       R0, 1 
0x09C8	0xF05AC000  	MOVFF       R0, FARG_Lcd_Out_row
;__Lib_Lcd.c,196 :: 		
0x09CC	0xF06CC000  	MOVFF       R0, FARG_Lcd_Cmd_out_char
0x09D0	0xF000EC39  	CALL        _Lcd_Cmd, 0
;__Lib_Lcd.c,197 :: 		
0x09D4	0x9059      	BCF         __Lib_Lcd_cmd_status, BitPos(__Lib_Lcd_cmd_status+0) 
;__Lib_Lcd.c,198 :: 		
0x09D6	0x6A5E      	CLRF        Lcd_Out_i_L0 
;__Lib_Lcd.c,199 :: 		
L_Lcd_Out18:
0x09D8	0x505E      	MOVF        Lcd_Out_i_L0, 0 
0x09DA	0x245C      	ADDWF       FARG_Lcd_Out_text, 0 
0x09DC	0x6EE9      	MOVWF       FSR0L 
0x09DE	0x0E00      	MOVLW       0
0x09E0	0x205D      	ADDWFC      FARG_Lcd_Out_text+1, 0 
0x09E2	0x6EEA      	MOVWF       FSR0L+1 
0x09E4	0x52EE      	MOVF        POSTINC0, 1 
0x09E6	0xE00B      	BZ          L_Lcd_Out19
;__Lib_Lcd.c,200 :: 		
0x09E8	0x505E      	MOVF        Lcd_Out_i_L0, 0 
0x09EA	0x245C      	ADDWF       FARG_Lcd_Out_text, 0 
0x09EC	0x6EE9      	MOVWF       FSR0L 
0x09EE	0x0E00      	MOVLW       0
0x09F0	0x205D      	ADDWFC      FARG_Lcd_Out_text+1, 0 
0x09F2	0x6EEA      	MOVWF       FSR0L+1 
0x09F4	0xF068CFEE  	MOVFF       POSTINC0, FARG_Lcd_Chr_CP_out_char
0x09F8	0xDD2B      	RCALL       _Lcd_Chr_CP
0x09FA	0x2A5E      	INCF        Lcd_Out_i_L0, 1 
0x09FC	0xD7ED      	BRA         L_Lcd_Out18
L_Lcd_Out19:
;__Lib_Lcd.c,201 :: 		
0x09FE	0x8059      	BSF         __Lib_Lcd_cmd_status, BitPos(__Lib_Lcd_cmd_status+0) 
;__Lib_Lcd.c,202 :: 		
L_end_Lcd_Out:
0x0A00	0x0012      	RETURN      0
; end of _Lcd_Out
_ADC_Read:
;__Lib_ADC_A_D.c,51 :: 		
;__Lib_ADC_A_D.c,54 :: 		
0x0A02	0x6AC2      	CLRF        ADCON0 
;__Lib_ADC_A_D.c,55 :: 		
0x0A04	0x1C15      	COMF        _vref_mask, 0 
0x0A06	0x6E00      	MOVWF       R0 
0x0A08	0x5000      	MOVF        R0, 0 
0x0A0A	0x16C1      	ANDWF       ADCON1, 1 
;__Lib_ADC_A_D.c,56 :: 		
0x0A0C	0x0E07      	MOVLW       7
0x0A0E	0x12C0      	IORWF       ADCON2, 1 
;__Lib_ADC_A_D.c,57 :: 		
0x0A10	0x8EC0      	BSF         ADCON2, 7 
;__Lib_ADC_A_D.c,58 :: 		
0x0A12	0xF000C05A  	MOVFF       FARG_ADC_Read_channel, R0
0x0A16	0x3600      	RLCF        R0, 1 
0x0A18	0x9000      	BCF         R0, 0 
0x0A1A	0x3600      	RLCF        R0, 1 
0x0A1C	0x9000      	BCF         R0, 0 
0x0A1E	0x5000      	MOVF        R0, 0 
0x0A20	0x12C2      	IORWF       ADCON0, 1 
;__Lib_ADC_A_D.c,59 :: 		
0x0A22	0x80C2      	BSF         ADCON0, 0 
;__Lib_ADC_A_D.c,60 :: 		
0x0A24	0xDD1B      	RCALL       _Delay_22us
;__Lib_ADC_A_D.c,61 :: 		
0x0A26	0x82C2      	BSF         ADCON0, 1 
;__Lib_ADC_A_D.c,62 :: 		
L_ADC_Read2:
0x0A28	0xA2C2      	BTFSS       ADCON0, 1 
0x0A2A	0xD001      	BRA         L_ADC_Read3
;__Lib_ADC_A_D.c,63 :: 		
0x0A2C	0xD7FD      	BRA         L_ADC_Read2
L_ADC_Read3:
;__Lib_ADC_A_D.c,64 :: 		
0x0A2E	0xF001CFC4  	MOVFF       ADRESH, R1
0x0A32	0x6A00      	CLRF        R0 
;__Lib_ADC_A_D.c,65 :: 		
0x0A34	0x50C3      	MOVF        ADRESL, 0 
0x0A36	0x1200      	IORWF       R0, 1 
0x0A38	0x0E00      	MOVLW       0
0x0A3A	0x1201      	IORWF       R1, 1 
;__Lib_ADC_A_D.c,66 :: 		
0x0A3C	0x90C2      	BCF         ADCON0, 0 
;__Lib_ADC_A_D.c,68 :: 		
;__Lib_ADC_A_D.c,69 :: 		
L_end_ADC_Read:
0x0A3E	0x0012      	RETURN      0
; end of _ADC_Read
_main:
0x0A40	0xF006EC38  	CALL        3184, 0
;AD_TENSAO.c,31 :: 		void main()
;AD_TENSAO.c,33 :: 		ADC_Init(); // Inicia o canal analógico
0x0A44	0xDD11      	RCALL       _ADC_Init
;AD_TENSAO.c,34 :: 		config_io(); // inicializa função de configuração dos pinos de IO
0x0A46	0xDD6D      	RCALL       _config_io
;AD_TENSAO.c,35 :: 		Lcd_Init(); // Inicia o LCD
0x0A48	0xDD21      	RCALL       _Lcd_Init
;AD_TENSAO.c,36 :: 		Lcd_Cmd(_LCD_CLEAR); // Limpa o Display de LCD
0x0A4A	0x0E01      	MOVLW       1
0x0A4C	0x6E6C      	MOVWF       FARG_Lcd_Cmd_out_char 
0x0A4E	0xF000EC39  	CALL        _Lcd_Cmd, 0
;AD_TENSAO.c,37 :: 		Lcd_Cmd(_LCD_CURSOR_OFF); // Desliga o cursor do LCD
0x0A52	0x0E0C      	MOVLW       12
0x0A54	0x6E6C      	MOVWF       FARG_Lcd_Cmd_out_char 
0x0A56	0xF000EC39  	CALL        _Lcd_Cmd, 0
;AD_TENSAO.c,39 :: 		LCD_Out(1,1,"AD - TENSAO");  // Texto inicial no display de lcd
0x0A5A	0x0E01      	MOVLW       1
0x0A5C	0x6E5A      	MOVWF       FARG_Lcd_Out_row 
0x0A5E	0x0E01      	MOVLW       1
0x0A60	0x6E5B      	MOVWF       FARG_Lcd_Out_column 
0x0A62	0x0E25      	MOVLW       ?lstr1_AD_TENSAO
0x0A64	0x6E5C      	MOVWF       FARG_Lcd_Out_text 
0x0A66	0x0E00      	MOVLW       hi_addr(?lstr1_AD_TENSAO)
0x0A68	0x6E5D      	MOVWF       FARG_Lcd_Out_text+1 
0x0A6A	0xDF8D      	RCALL       _Lcd_Out
;AD_TENSAO.c,41 :: 		while(1)
L_main0:
;AD_TENSAO.c,43 :: 		iAN0= ADC_Read(0);
0x0A6C	0x6A5A      	CLRF        FARG_ADC_Read_channel 
0x0A6E	0xDFC9      	RCALL       _ADC_Read
0x0A70	0xDD6A      	RCALL       _word2double
0x0A72	0xF041C000  	MOVFF       R0, _iAN0
0x0A76	0xF042C001  	MOVFF       R1, _iAN0+1
0x0A7A	0xF043C002  	MOVFF       R2, _iAN0+2
0x0A7E	0xF044C003  	MOVFF       R3, _iAN0+3
;AD_TENSAO.c,44 :: 		iTensao= iAN0 * 4.88e-3;
0x0A82	0x0E68      	MOVLW       104
0x0A84	0x6E04      	MOVWF       R4 
0x0A86	0x0EE8      	MOVLW       232
0x0A88	0x6E05      	MOVWF       R5 
0x0A8A	0x0E1F      	MOVLW       31
0x0A8C	0x6E06      	MOVWF       R6 
0x0A8E	0x0E77      	MOVLW       119
0x0A90	0x6E07      	MOVWF       R7 
0x0A92	0xF001EC31  	CALL        _Mul_32x32_FP, 0
0x0A96	0xF045C000  	MOVFF       R0, _iTensao
0x0A9A	0xF046C001  	MOVFF       R1, _iTensao+1
0x0A9E	0xF047C002  	MOVFF       R2, _iTensao+2
0x0AA2	0xF048C003  	MOVFF       R3, _iTensao+3
;AD_TENSAO.c,45 :: 		FloatToStr(iTensao,sTensao);
0x0AA6	0xF05AC000  	MOVFF       R0, FARG_FloatToStr_fnum
0x0AAA	0xF05BC001  	MOVFF       R1, FARG_FloatToStr_fnum+1
0x0AAE	0xF05CC002  	MOVFF       R2, FARG_FloatToStr_fnum+2
0x0AB2	0xF05DC003  	MOVFF       R3, FARG_FloatToStr_fnum+3
0x0AB6	0x0E49      	MOVLW       _sTensao
0x0AB8	0x6E5E      	MOVWF       FARG_FloatToStr_str 
0x0ABA	0x0E00      	MOVLW       hi_addr(_sTensao)
0x0ABC	0x6E5F      	MOVWF       FARG_FloatToStr_str+1 
0x0ABE	0xDD57      	RCALL       _FloatToStr
;AD_TENSAO.c,46 :: 		LCD_Out(2,1,"TENSAO:");
0x0AC0	0x0E02      	MOVLW       2
0x0AC2	0x6E5A      	MOVWF       FARG_Lcd_Out_row 
0x0AC4	0x0E01      	MOVLW       1
0x0AC6	0x6E5B      	MOVWF       FARG_Lcd_Out_column 
0x0AC8	0x0E31      	MOVLW       ?lstr2_AD_TENSAO
0x0ACA	0x6E5C      	MOVWF       FARG_Lcd_Out_text 
0x0ACC	0x0E00      	MOVLW       hi_addr(?lstr2_AD_TENSAO)
0x0ACE	0x6E5D      	MOVWF       FARG_Lcd_Out_text+1 
0x0AD0	0xDF5A      	RCALL       _Lcd_Out
;AD_TENSAO.c,47 :: 		LCD_Out(2,10,sTensao);
0x0AD2	0x0E02      	MOVLW       2
0x0AD4	0x6E5A      	MOVWF       FARG_Lcd_Out_row 
0x0AD6	0x0E0A      	MOVLW       10
0x0AD8	0x6E5B      	MOVWF       FARG_Lcd_Out_column 
0x0ADA	0x0E49      	MOVLW       _sTensao
0x0ADC	0x6E5C      	MOVWF       FARG_Lcd_Out_text 
0x0ADE	0x0E00      	MOVLW       hi_addr(_sTensao)
0x0AE0	0x6E5D      	MOVWF       FARG_Lcd_Out_text+1 
0x0AE2	0xDF51      	RCALL       _Lcd_Out
;AD_TENSAO.c,48 :: 		LCD_Out(2,14,"V       ");
0x0AE4	0x0E02      	MOVLW       2
0x0AE6	0x6E5A      	MOVWF       FARG_Lcd_Out_row 
0x0AE8	0x0E0E      	MOVLW       14
0x0AEA	0x6E5B      	MOVWF       FARG_Lcd_Out_column 
0x0AEC	0x0E16      	MOVLW       ?lstr3_AD_TENSAO
0x0AEE	0x6E5C      	MOVWF       FARG_Lcd_Out_text 
0x0AF0	0x0E00      	MOVLW       hi_addr(?lstr3_AD_TENSAO)
0x0AF2	0x6E5D      	MOVWF       FARG_Lcd_Out_text+1 
0x0AF4	0xDF48      	RCALL       _Lcd_Out
;AD_TENSAO.c,49 :: 		delay_ms(500);
0x0AF6	0x0E06      	MOVLW       6
0x0AF8	0x6E0B      	MOVWF       R11, 0
0x0AFA	0x0E13      	MOVLW       19
0x0AFC	0x6E0C      	MOVWF       R12, 0
0x0AFE	0x0EAD      	MOVLW       173
0x0B00	0x6E0D      	MOVWF       R13, 0
L_main2:
0x0B02	0x2E0D      	DECFSZ      R13, 1, 0
0x0B04	0xD7FE      	BRA         L_main2
0x0B06	0x2E0C      	DECFSZ      R12, 1, 0
0x0B08	0xD7FC      	BRA         L_main2
0x0B0A	0x2E0B      	DECFSZ      R11, 1, 0
0x0B0C	0xD7FA      	BRA         L_main2
0x0B0E	0x0000      	NOP
0x0B10	0x0000      	NOP
;AD_TENSAO.c,51 :: 		if(iTensao < 1.25)
0x0B12	0x0E00      	MOVLW       0
0x0B14	0x6E04      	MOVWF       R4 
0x0B16	0x0E00      	MOVLW       0
0x0B18	0x6E05      	MOVWF       R5 
0x0B1A	0x0E20      	MOVLW       32
0x0B1C	0x6E06      	MOVWF       R6 
0x0B1E	0x0E7F      	MOVLW       127
0x0B20	0x6E07      	MOVWF       R7 
0x0B22	0xF000C045  	MOVFF       _iTensao, R0
0x0B26	0xF001C046  	MOVFF       _iTensao+1, R1
0x0B2A	0xF002C047  	MOVFF       _iTensao+2, R2
0x0B2E	0xF003C048  	MOVFF       _iTensao+3, R3
0x0B32	0xDC27      	RCALL       _Compare_Double
0x0B34	0x0E01      	MOVLW       1
0x0B36	0xB0D8      	BTFSC       STATUS, 0 
0x0B38	0x0E00      	MOVLW       0
0x0B3A	0x6E00      	MOVWF       R0 
0x0B3C	0x5200      	MOVF        R0, 1 
0x0B3E	0xE003      	BZ          L_main3
;AD_TENSAO.c,53 :: 		PORTC=0XFF;
0x0B40	0x0EFF      	MOVLW       255
0x0B42	0x6E82      	MOVWF       PORTC 
;AD_TENSAO.c,54 :: 		}
0x0B44	0xD07F      	BRA         L_main4
L_main3:
;AD_TENSAO.c,55 :: 		else if(iTensao >= 1.25 && iTensao < 2.5)
0x0B46	0x0E00      	MOVLW       0
0x0B48	0x6E04      	MOVWF       R4 
0x0B4A	0x0E00      	MOVLW       0
0x0B4C	0x6E05      	MOVWF       R5 
0x0B4E	0x0E20      	MOVLW       32
0x0B50	0x6E06      	MOVWF       R6 
0x0B52	0x0E7F      	MOVLW       127
0x0B54	0x6E07      	MOVWF       R7 
0x0B56	0xF000C045  	MOVFF       _iTensao, R0
0x0B5A	0xF001C046  	MOVFF       _iTensao+1, R1
0x0B5E	0xF002C047  	MOVFF       _iTensao+2, R2
0x0B62	0xF003C048  	MOVFF       _iTensao+3, R3
0x0B66	0xDC0D      	RCALL       _Compare_Double
0x0B68	0x0E00      	MOVLW       0
0x0B6A	0xB0D8      	BTFSC       STATUS, 0 
0x0B6C	0x0E01      	MOVLW       1
0x0B6E	0x6E00      	MOVWF       R0 
0x0B70	0x5200      	MOVF        R0, 1 
0x0B72	0xE01B      	BZ          L_main7
0x0B74	0x0E00      	MOVLW       0
0x0B76	0x6E04      	MOVWF       R4 
0x0B78	0x0E00      	MOVLW       0
0x0B7A	0x6E05      	MOVWF       R5 
0x0B7C	0x0E20      	MOVLW       32
0x0B7E	0x6E06      	MOVWF       R6 
0x0B80	0x0E80      	MOVLW       128
0x0B82	0x6E07      	MOVWF       R7 
0x0B84	0xF000C045  	MOVFF       _iTensao, R0
0x0B88	0xF001C046  	MOVFF       _iTensao+1, R1
0x0B8C	0xF002C047  	MOVFF       _iTensao+2, R2
0x0B90	0xF003C048  	MOVFF       _iTensao+3, R3
0x0B94	0xF001ECC1  	CALL        _Compare_Double, 0
0x0B98	0x0E01      	MOVLW       1
0x0B9A	0xB0D8      	BTFSC       STATUS, 0 
0x0B9C	0x0E00      	MOVLW       0
0x0B9E	0x6E00      	MOVWF       R0 
0x0BA0	0x5200      	MOVF        R0, 1 
0x0BA2	0xE003      	BZ          L_main7
L__main15:
;AD_TENSAO.c,57 :: 		PORTC=0XFE;
0x0BA4	0x0EFE      	MOVLW       254
0x0BA6	0x6E82      	MOVWF       PORTC 
;AD_TENSAO.c,58 :: 		}
0x0BA8	0xD04D      	BRA         L_main8
L_main7:
;AD_TENSAO.c,59 :: 		else if(iTensao >= 2.5 && iTensao < 4.65)
0x0BAA	0x0E00      	MOVLW       0
0x0BAC	0x6E04      	MOVWF       R4 
0x0BAE	0x0E00      	MOVLW       0
0x0BB0	0x6E05      	MOVWF       R5 
0x0BB2	0x0E20      	MOVLW       32
0x0BB4	0x6E06      	MOVWF       R6 
0x0BB6	0x0E80      	MOVLW       128
0x0BB8	0x6E07      	MOVWF       R7 
0x0BBA	0xF000C045  	MOVFF       _iTensao, R0
0x0BBE	0xF001C046  	MOVFF       _iTensao+1, R1
0x0BC2	0xF002C047  	MOVFF       _iTensao+2, R2
0x0BC6	0xF003C048  	MOVFF       _iTensao+3, R3
0x0BCA	0xF001ECC1  	CALL        _Compare_Double, 0
0x0BCE	0x0E00      	MOVLW       0
0x0BD0	0xB0D8      	BTFSC       STATUS, 0 
0x0BD2	0x0E01      	MOVLW       1
0x0BD4	0x6E00      	MOVWF       R0 
0x0BD6	0x5200      	MOVF        R0, 1 
0x0BD8	0xE01B      	BZ          L_main11
0x0BDA	0x0ECD      	MOVLW       205
0x0BDC	0x6E04      	MOVWF       R4 
0x0BDE	0x0ECC      	MOVLW       204
0x0BE0	0x6E05      	MOVWF       R5 
0x0BE2	0x0E14      	MOVLW       20
0x0BE4	0x6E06      	MOVWF       R6 
0x0BE6	0x0E81      	MOVLW       129
0x0BE8	0x6E07      	MOVWF       R7 
0x0BEA	0xF000C045  	MOVFF       _iTensao, R0
0x0BEE	0xF001C046  	MOVFF       _iTensao+1, R1
0x0BF2	0xF002C047  	MOVFF       _iTensao+2, R2
0x0BF6	0xF003C048  	MOVFF       _iTensao+3, R3
0x0BFA	0xF001ECC1  	CALL        _Compare_Double, 0
0x0BFE	0x0E01      	MOVLW       1
0x0C00	0xB0D8      	BTFSC       STATUS, 0 
0x0C02	0x0E00      	MOVLW       0
0x0C04	0x6E00      	MOVWF       R0 
0x0C06	0x5200      	MOVF        R0, 1 
0x0C08	0xE003      	BZ          L_main11
L__main14:
;AD_TENSAO.c,61 :: 		PORTC=0XFC;
0x0C0A	0x0EFC      	MOVLW       252
0x0C0C	0x6E82      	MOVWF       PORTC 
;AD_TENSAO.c,62 :: 		}
0x0C0E	0xD01A      	BRA         L_main12
L_main11:
;AD_TENSAO.c,63 :: 		else if(iTensao >= 4.65)
0x0C10	0x0ECD      	MOVLW       205
0x0C12	0x6E04      	MOVWF       R4 
0x0C14	0x0ECC      	MOVLW       204
0x0C16	0x6E05      	MOVWF       R5 
0x0C18	0x0E14      	MOVLW       20
0x0C1A	0x6E06      	MOVWF       R6 
0x0C1C	0x0E81      	MOVLW       129
0x0C1E	0x6E07      	MOVWF       R7 
0x0C20	0xF000C045  	MOVFF       _iTensao, R0
0x0C24	0xF001C046  	MOVFF       _iTensao+1, R1
0x0C28	0xF002C047  	MOVFF       _iTensao+2, R2
0x0C2C	0xF003C048  	MOVFF       _iTensao+3, R3
0x0C30	0xF001ECC1  	CALL        _Compare_Double, 0
0x0C34	0x0E00      	MOVLW       0
0x0C36	0xB0D8      	BTFSC       STATUS, 0 
0x0C38	0x0E01      	MOVLW       1
0x0C3A	0x6E00      	MOVWF       R0 
0x0C3C	0x5200      	MOVF        R0, 1 
0x0C3E	0xE002      	BZ          L_main13
;AD_TENSAO.c,65 :: 		PORTC=0XF8;
0x0C40	0x0EF8      	MOVLW       248
0x0C42	0x6E82      	MOVWF       PORTC 
;AD_TENSAO.c,66 :: 		}
L_main13:
L_main12:
L_main8:
L_main4:
;AD_TENSAO.c,68 :: 		}
0x0C44	0xD713      	BRA         L_main0
;AD_TENSAO.c,69 :: 		}
L_end_main:
0x0C46	0xD7FF      	BRA         $+0
; end of _main
0x0C70	0xF015EE10  	LFSR        1, 21
0x0C74	0x0E28      	MOVLW       40
0x0C76	0x6E00      	MOVWF       R0 
0x0C78	0x0E01      	MOVLW       1
0x0C7A	0x6E01      	MOVWF       R1 
0x0C7C	0x0E48      	MOVLW       72
0x0C7E	0x6EF6      	MOVWF       TBLPTR 
0x0C80	0x0E0C      	MOVLW       12
0x0C82	0x6EF7      	MOVWF       TBLPTRH 
0x0C84	0x0E00      	MOVLW       0
0x0C86	0x6EF8      	MOVWF       TBLPTRU 
0x0C88	0xF002EC9B  	CALL        1334, 0
0x0C8C	0x0012      	RETURN      0
;__Lib_ADC_A_D.c,0 :: ?ICS_vref_mask
0x0C48	0x30 ;?ICS_vref_mask+0
; end of ?ICS_vref_mask
;AD_TENSAO.c,0 :: ?ICS?lstr3_AD_TENSAO
0x0C49	0x2056 ;?ICS?lstr3_AD_TENSAO+0
0x0C4B	0x2020 ;?ICS?lstr3_AD_TENSAO+2
0x0C4D	0x2020 ;?ICS?lstr3_AD_TENSAO+4
0x0C4F	0x2020 ;?ICS?lstr3_AD_TENSAO+6
0x0C51	0x00 ;?ICS?lstr3_AD_TENSAO+8
; end of ?ICS?lstr3_AD_TENSAO
;__Lib_Conversions.c,0 :: ?ICS?lstr2___Lib_Conversions
0x0C52	0x0030 ;?ICS?lstr2___Lib_Conversions+0
; end of ?ICS?lstr2___Lib_Conversions
;__Lib_Conversions.c,0 :: ?ICS?lstr1___Lib_Conversions
0x0C54	0x614E ;?ICS?lstr1___Lib_Conversions+0
0x0C56	0x004E ;?ICS?lstr1___Lib_Conversions+2
; end of ?ICS?lstr1___Lib_Conversions
;AD_TENSAO.c,0 :: ?ICS?lstr1_AD_TENSAO
0x0C58	0x4441 ;?ICS?lstr1_AD_TENSAO+0
0x0C5A	0x2D20 ;?ICS?lstr1_AD_TENSAO+2
0x0C5C	0x5420 ;?ICS?lstr1_AD_TENSAO+4
0x0C5E	0x4E45 ;?ICS?lstr1_AD_TENSAO+6
0x0C60	0x4153 ;?ICS?lstr1_AD_TENSAO+8
0x0C62	0x004F ;?ICS?lstr1_AD_TENSAO+10
; end of ?ICS?lstr1_AD_TENSAO
;AD_TENSAO.c,0 :: ?ICS?lstr2_AD_TENSAO
0x0C64	0x4554 ;?ICS?lstr2_AD_TENSAO+0
0x0C66	0x534E ;?ICS?lstr2_AD_TENSAO+2
0x0C68	0x4F41 ;?ICS?lstr2_AD_TENSAO+4
0x0C6A	0x003A ;?ICS?lstr2_AD_TENSAO+6
; end of ?ICS?lstr2_AD_TENSAO
;__Lib_Conversions.c,0 :: ?ICS?lstr3___Lib_Conversions
0x0C6C	0x4E49 ;?ICS?lstr3___Lib_Conversions+0
0x0C6E	0x0046 ;?ICS?lstr3___Lib_Conversions+2
; end of ?ICS?lstr3___Lib_Conversions
Symbol List:
//** Routines locations **
//ADDRESS    SIZE    PROCEDURE
//----------------------------------------------
0x001C       [6]    _Delay_1us
0x0022      [22]    _Delay_5500us
0x0038      [10]    _Delay_50us
0x0042       [8]    _FIXSIGN32
0x004A      [26]    _SETFUN32
0x0064      [14]    _RES032
0x0072     [124]    _Lcd_Cmd
0x00EE      [24]    _SETFOV32
0x0106     [114]    _NRM3232
0x0178      [76]    _strcpy
0x01C4     [158]    _Div_8X8_S
0x0262     [288]    _Mul_32x32_FP
0x0382     [206]    _Compare_Double
0x0450      [12]    _Lcd_Chr_CP
0x045C      [12]    _Delay_22us
0x0468      [36]    _ADC_Init
0x048C     [150]    _Lcd_Init
0x0522      [20]    _config_io
0x0536      [16]    ___CC2DW
0x0546      [40]    _word2double
0x056E    [1048]    _FloatToStr
0x0986     [124]    _Lcd_Out
0x0A02      [62]    _ADC_Read
0x0A40     [520]    _main
//** Variables locations ** 
//ADDRESS    SIZE    VARIABLE
//----------------------------------------------
0x0000       [1]    R0
0x0001       [1]    __Lib_Conversions_Adjust_Hex_tmp_L0
0x0001       [1]    R1
0x0002       [2]    memset_pp_L0
0x0002       [2]    strlen_cp_L0
0x0002       [2]    memchr_s_L0
0x0002       [1]    R2
0x0002       [2]    memcpy_dd_L0
0x0003       [2]    Ltrim_original_L0
0x0003       [1]    R3
0x0003       [2]    memmove_tt_L0
0x0004       [1]    R4
0x0004       [2]    strncat_cp_L0
0x0004       [2]    strcat_cp_L0
0x0004       [2]    strncpy_cp_L0
0x0004       [2]    strcpy_cp_L0
0x0004       [2]    memcpy_ss_L0
0x0005       [2]    memmove_ff_L0
0x0005       [2]    LongWordToHex_input_half_L0
0x0005       [1]    R5
0x0005       [2]    LongIntToHex_input_half_L0
0x0005       [2]    Ltrim_p_L0
0x0006       [1]    R6
0x0007       [1]    R7
0x0008       [1]    R8
0x0009       [1]    R9
0x000A       [1]    R10
0x000B       [1]    R11
0x000C       [1]    R12
0x000D       [1]    R13
0x000E       [1]    R14
0x000F       [1]    R15
0x0010       [1]    R16
0x0011       [1]    R17
0x0012       [1]    R18
0x0013       [1]    R19
0x0014       [1]    R20
0x0015       [1]    _vref_mask
0x0016       [9]    ?lstr3_AD_TENSAO
0x001F       [2]    ?lstr2___Lib_Conversions
0x0021       [4]    ?lstr1___Lib_Conversions
0x0025      [12]    ?lstr1_AD_TENSAO
0x0031       [8]    ?lstr2_AD_TENSAO
0x0039       [4]    ?lstr3___Lib_Conversions
0x003D       [4]    _ADC_Get_Sample_Ptr
0x0041       [4]    _iAN0
0x0045       [4]    _iTensao
0x0049      [16]    _sTensao
0x0059       [0]    __Lib_Lcd_cmd_status
0x005A       [1]    FARG_Lcd_Out_row
0x005A       [1]    FARG_ADC_Read_channel
0x005A       [4]    FARG_FloatToStr_fnum
0x005B       [1]    FARG_Lcd_Out_column
0x005C       [2]    FARG_Lcd_Out_text
0x005E       [1]    Lcd_Out_i_L0
0x005E       [2]    FARG_FloatToStr_str
0x0060       [1]    FloatToStr_i_L0
0x0061       [1]    FloatToStr_d_L0
0x0062       [4]    FloatToStr_un_L0
0x0066       [1]    FloatToStr_bpoint_L0
0x0067       [1]    FloatToStr_dexpon_L0
0x0068       [2]    FARG_strcpy_to
0x0068       [1]    FARG_Lcd_Chr_CP_out_char
0x006A       [2]    FARG_strcpy_from
0x006C       [1]    FARG_Lcd_Cmd_out_char
0x0F82       [1]    PORTC
0x0F83       [0]    RD4_bit
0x0F83       [0]    RD7_bit
0x0F83       [0]    lcd_d7
0x0F83       [0]    lcd_d6
0x0F83       [1]    PORTD
0x0F83       [0]    RD6_bit
0x0F83       [0]    RD5_bit
0x0F83       [0]    lcd_d5
0x0F83       [0]    lcd_d4
0x0F84       [0]    RE2_bit
0x0F84       [1]    PORTE
0x0F84       [0]    lcd_en
0x0F84       [0]    lcd_rs
0x0F84       [0]    RE0_bit
0x0F94       [1]    TRISC
0x0F95       [0]    lcd_d6_direction
0x0F95       [0]    lcd_d7_direction
0x0F95       [1]    TRISD
0x0F95       [0]    lcd_d4_direction
0x0F95       [0]    lcd_d5_direction
0x0F95       [0]    TRISD5_bit
0x0F95       [0]    TRISD6_bit
0x0F95       [0]    TRISD7_bit
0x0F95       [0]    TRISD4_bit
0x0F96       [1]    TRISE
0x0F96       [0]    TRISE2_bit
0x0F96       [0]    lcd_rs_direction
0x0F96       [0]    lcd_en_direction
0x0F96       [0]    TRISE0_bit
0x0FC0       [1]    ADCON2
0x0FC1       [1]    ADCON1
0x0FC2       [1]    ADCON0
0x0FC3       [1]    ADRESL
0x0FC4       [1]    ADRESH
0x0FD8       [1]    STATUS
0x0FD9       [1]    FSR2L
0x0FDA       [1]    FSR2H
0x0FDE       [1]    POSTINC2
0x0FE0       [1]    BSR
0x0FE1       [1]    FSR1L
0x0FE2       [1]    FSR1H
0x0FE4       [1]    PREINC1
0x0FE6       [1]    POSTINC1
0x0FE7       [1]    INDF1
0x0FE8       [1]    WREG
0x0FE9       [1]    FSR0L
0x0FEA       [1]    FSR0H
0x0FEE       [1]    POSTINC0
0x0FF3       [1]    PRODL
0x0FF4       [1]    PRODH
0x0FF5       [1]    TABLAT
0x0FF6       [1]    TBLPTRL
0x0FF6       [3]    TBLPTR
0x0FF7       [1]    TBLPTRH
0x0FF8       [1]    TBLPTRU
//** Constants locations ** 
//ADDRESS    SIZE    CONSTANT
//----------------------------------------------
0x0C48       [1]    ?ICS_vref_mask
0x0C49       [9]    ?ICS?lstr3_AD_TENSAO
0x0C52       [2]    ?ICS?lstr2___Lib_Conversions
0x0C54       [4]    ?ICS?lstr1___Lib_Conversions
0x0C58      [12]    ?ICS?lstr1_AD_TENSAO
0x0C64       [8]    ?ICS?lstr2_AD_TENSAO
0x0C6C       [4]    ?ICS?lstr3___Lib_Conversions
