;  LST file generated by mikroListExporter - v.2.0 
; Date/Time: 29/09/2021 19:58:27
;----------------------------------------------

;Address Opcode 	ASM
0x0000	0xF002EF01  	GOTO        1026
0x0004	0x0000      	NOP
0x0006	0x0000      	NOP
0x0008	0xF000EF00  	GOTO        0
0x000C	0x0000      	NOP
0x000E	0x0000      	NOP
0x0010	0x0000      	NOP
0x0012	0x0000      	NOP
0x0014	0x0000      	NOP
0x0016	0x0000      	NOP
0x0018	0xD7F3      	BRA         0
_Delay_5500us:
;__Lib_Delays.c,31 :: 		void Delay_5500us() {
;__Lib_Delays.c,32 :: 		Delay_us(5500);
0x001C	0x0E0F      	MOVLW       15
0x001E	0x6E0C      	MOVWF       R12, 0
0x0020	0x0E47      	MOVLW       71
0x0022	0x6E0D      	MOVWF       R13, 0
L_Delay_5500us5:
0x0024	0x2E0D      	DECFSZ      R13, 1, 0
0x0026	0xD7FE      	BRA         L_Delay_5500us5
0x0028	0x2E0C      	DECFSZ      R12, 1, 0
0x002A	0xD7FC      	BRA         L_Delay_5500us5
0x002C	0x0000      	NOP
0x002E	0x0000      	NOP
;__Lib_Delays.c,33 :: 		}
L_end_Delay_5500us:
0x0030	0x0012      	RETURN      0
; end of _Delay_5500us
_Delay_50us:
;__Lib_Delays.c,19 :: 		void Delay_50us() {
;__Lib_Delays.c,20 :: 		Delay_us(50);
0x0032	0x0E21      	MOVLW       33
0x0034	0x6E0D      	MOVWF       R13, 0
L_Delay_50us2:
0x0036	0x2E0D      	DECFSZ      R13, 1, 0
0x0038	0xD7FE      	BRA         L_Delay_50us2
;__Lib_Delays.c,21 :: 		}
L_end_Delay_50us:
0x003A	0x0012      	RETURN      0
; end of _Delay_50us
_Delay_1us:
;__Lib_Delays.c,7 :: 		void Delay_1us() {
;__Lib_Delays.c,8 :: 		Delay_us(1);
0x003C	0x0000      	NOP
0x003E	0x0000      	NOP
;__Lib_Delays.c,9 :: 		}
L_end_Delay_1us:
0x0040	0x0012      	RETURN      0
; end of _Delay_1us
_Lcd_Cmd:
;__Lib_Lcd.c,18 :: 		
;__Lib_Lcd.c,20 :: 		
0x0042	0xBE54      	BTFSC       FARG_Lcd_Cmd_out_char, 7 
0x0044	0xD002      	BRA         L__Lcd_Cmd21
0x0046	0x9E83      	BCF         lcd_d7, BitPos(lcd_d7+0) 
0x0048	0xD001      	BRA         L__Lcd_Cmd22
L__Lcd_Cmd21:
0x004A	0x8E83      	BSF         lcd_d7, BitPos(lcd_d7+0) 
L__Lcd_Cmd22:
;__Lib_Lcd.c,21 :: 		
0x004C	0xBC54      	BTFSC       FARG_Lcd_Cmd_out_char, 6 
0x004E	0xD002      	BRA         L__Lcd_Cmd23
0x0050	0x9C83      	BCF         lcd_d6, BitPos(lcd_d6+0) 
0x0052	0xD001      	BRA         L__Lcd_Cmd24
L__Lcd_Cmd23:
0x0054	0x8C83      	BSF         lcd_d6, BitPos(lcd_d6+0) 
L__Lcd_Cmd24:
;__Lib_Lcd.c,22 :: 		
0x0056	0xBA54      	BTFSC       FARG_Lcd_Cmd_out_char, 5 
0x0058	0xD002      	BRA         L__Lcd_Cmd25
0x005A	0x9A83      	BCF         lcd_d5, BitPos(lcd_d5+0) 
0x005C	0xD001      	BRA         L__Lcd_Cmd26
L__Lcd_Cmd25:
0x005E	0x8A83      	BSF         lcd_d5, BitPos(lcd_d5+0) 
L__Lcd_Cmd26:
;__Lib_Lcd.c,23 :: 		
0x0060	0xB854      	BTFSC       FARG_Lcd_Cmd_out_char, 4 
0x0062	0xD002      	BRA         L__Lcd_Cmd27
0x0064	0x9883      	BCF         lcd_d4, BitPos(lcd_d4+0) 
0x0066	0xD001      	BRA         L__Lcd_Cmd28
L__Lcd_Cmd27:
0x0068	0x8883      	BSF         lcd_d4, BitPos(lcd_d4+0) 
L__Lcd_Cmd28:
;__Lib_Lcd.c,25 :: 		
0x006A	0xB042      	BTFSC       __Lib_Lcd_cmd_status, BitPos(__Lib_Lcd_cmd_status+0) 
0x006C	0xD002      	BRA         L__Lcd_Cmd29
0x006E	0x8084      	BSF         lcd_rs, BitPos(lcd_rs+0) 
0x0070	0xD001      	BRA         L__Lcd_Cmd30
L__Lcd_Cmd29:
0x0072	0x9084      	BCF         lcd_rs, BitPos(lcd_rs+0) 
L__Lcd_Cmd30:
;__Lib_Lcd.c,28 :: 		
0x0074	0x8484      	BSF         lcd_en, BitPos(lcd_en+0) 
;__Lib_Lcd.c,29 :: 		
0x0076	0xDFE2      	RCALL       _Delay_1us
;__Lib_Lcd.c,30 :: 		
0x0078	0x9484      	BCF         lcd_en, BitPos(lcd_en+0) 
;__Lib_Lcd.c,33 :: 		
0x007A	0xB654      	BTFSC       FARG_Lcd_Cmd_out_char, 3 
0x007C	0xD002      	BRA         L__Lcd_Cmd31
0x007E	0x9E83      	BCF         lcd_d7, BitPos(lcd_d7+0) 
0x0080	0xD001      	BRA         L__Lcd_Cmd32
L__Lcd_Cmd31:
0x0082	0x8E83      	BSF         lcd_d7, BitPos(lcd_d7+0) 
L__Lcd_Cmd32:
;__Lib_Lcd.c,34 :: 		
0x0084	0xB454      	BTFSC       FARG_Lcd_Cmd_out_char, 2 
0x0086	0xD002      	BRA         L__Lcd_Cmd33
0x0088	0x9C83      	BCF         lcd_d6, BitPos(lcd_d6+0) 
0x008A	0xD001      	BRA         L__Lcd_Cmd34
L__Lcd_Cmd33:
0x008C	0x8C83      	BSF         lcd_d6, BitPos(lcd_d6+0) 
L__Lcd_Cmd34:
;__Lib_Lcd.c,35 :: 		
0x008E	0xB254      	BTFSC       FARG_Lcd_Cmd_out_char, 1 
0x0090	0xD002      	BRA         L__Lcd_Cmd35
0x0092	0x9A83      	BCF         lcd_d5, BitPos(lcd_d5+0) 
0x0094	0xD001      	BRA         L__Lcd_Cmd36
L__Lcd_Cmd35:
0x0096	0x8A83      	BSF         lcd_d5, BitPos(lcd_d5+0) 
L__Lcd_Cmd36:
;__Lib_Lcd.c,36 :: 		
0x0098	0xB054      	BTFSC       FARG_Lcd_Cmd_out_char, 0 
0x009A	0xD002      	BRA         L__Lcd_Cmd37
0x009C	0x9883      	BCF         lcd_d4, BitPos(lcd_d4+0) 
0x009E	0xD001      	BRA         L__Lcd_Cmd38
L__Lcd_Cmd37:
0x00A0	0x8883      	BSF         lcd_d4, BitPos(lcd_d4+0) 
L__Lcd_Cmd38:
;__Lib_Lcd.c,38 :: 		
0x00A2	0xB042      	BTFSC       __Lib_Lcd_cmd_status, BitPos(__Lib_Lcd_cmd_status+0) 
0x00A4	0xD002      	BRA         L__Lcd_Cmd39
0x00A6	0x8084      	BSF         lcd_rs, BitPos(lcd_rs+0) 
0x00A8	0xD001      	BRA         L__Lcd_Cmd40
L__Lcd_Cmd39:
0x00AA	0x9084      	BCF         lcd_rs, BitPos(lcd_rs+0) 
L__Lcd_Cmd40:
;__Lib_Lcd.c,40 :: 		
0x00AC	0x8484      	BSF         lcd_en, BitPos(lcd_en+0) 
;__Lib_Lcd.c,41 :: 		
0x00AE	0xDFC6      	RCALL       _Delay_1us
;__Lib_Lcd.c,42 :: 		
0x00B0	0x9484      	BCF         lcd_en, BitPos(lcd_en+0) 
;__Lib_Lcd.c,44 :: 		
0x00B2	0xA042      	BTFSS       __Lib_Lcd_cmd_status, BitPos(__Lib_Lcd_cmd_status+0) 
0x00B4	0xD002      	BRA         L_Lcd_Cmd0
;__Lib_Lcd.c,45 :: 		
0x00B6	0xDFB2      	RCALL       _Delay_5500us
0x00B8	0xD001      	BRA         L_Lcd_Cmd1
L_Lcd_Cmd0:
;__Lib_Lcd.c,47 :: 		
0x00BA	0xDFBB      	RCALL       _Delay_50us
L_Lcd_Cmd1:
;__Lib_Lcd.c,48 :: 		
L_end_Lcd_Cmd:
0x00BC	0x0012      	RETURN      0
; end of _Lcd_Cmd
_Div_16X16_U:
;__Lib_Math.c,102 :: 		
;__Lib_Math.c,109 :: 		
0x00BE	0x6A08      	CLRF        R8, 0
;__Lib_Math.c,110 :: 		
0x00C0	0x6A09      	CLRF        R9, 0
;__Lib_Math.c,111 :: 		
0x00C2	0x0E10      	MOVLW       16
;__Lib_Math.c,112 :: 		
0x00C4	0x6E0C      	MOVWF       R12, 0
;__Lib_Math.c,113 :: 		
0x00C6	0x3401      	RLCF        R1, 0, 0
;__Lib_Math.c,114 :: 		
0x00C8	0x3608      	RLCF        R8, 1, 0
;__Lib_Math.c,115 :: 		
0x00CA	0x3609      	RLCF        R9, 1, 0
;__Lib_Math.c,116 :: 		
0x00CC	0x5004      	MOVF        R4, 0, 0
;__Lib_Math.c,117 :: 		
0x00CE	0x5E08      	SUBWF       R8, 1, 0
;__Lib_Math.c,118 :: 		
0x00D0	0x5005      	MOVF        R5, 0, 0
;__Lib_Math.c,119 :: 		
0x00D2	0xA0D8      	BTFSS       STATUS, 0, 0
;__Lib_Math.c,120 :: 		
0x00D4	0x3C05      	INCFSZ      R5, 0, 0
;__Lib_Math.c,121 :: 		
0x00D6	0x5E09      	SUBWF       R9, 1, 0
;__Lib_Math.c,122 :: 		
0x00D8	0xB0D8      	BTFSC       STATUS, 0, 0
;__Lib_Math.c,123 :: 		
0x00DA	0xD007      	BRA         $+16
;__Lib_Math.c,124 :: 		
0x00DC	0x5004      	MOVF        R4, 0, 0
;__Lib_Math.c,125 :: 		
0x00DE	0x2608      	ADDWF       R8, 1, 0
;__Lib_Math.c,126 :: 		
0x00E0	0x5005      	MOVF        R5, 0, 0
;__Lib_Math.c,127 :: 		
0x00E2	0xB0D8      	BTFSC       STATUS, 0, 0
;__Lib_Math.c,128 :: 		
0x00E4	0x3C05      	INCFSZ      R5, 0, 0
;__Lib_Math.c,129 :: 		
0x00E6	0x2609      	ADDWF       R9, 1, 0
;__Lib_Math.c,130 :: 		
0x00E8	0x90D8      	BCF         STATUS, 0, 0
;__Lib_Math.c,131 :: 		
0x00EA	0x3600      	RLCF        R0, 1, 0
;__Lib_Math.c,132 :: 		
0x00EC	0x3601      	RLCF        R1, 1, 0
;__Lib_Math.c,133 :: 		
0x00EE	0x2E0C      	DECFSZ      R12, 1, 0
;__Lib_Math.c,134 :: 		
0x00F0	0xD7EA      	BRA         $-42
;__Lib_Math.c,136 :: 		
L_end_Div_16X16_U:
0x00F2	0x0012      	RETURN      0
; end of _Div_16X16_U
_WordToStr:
;__Lib_Conversions.c,98 :: 		
;__Lib_Conversions.c,103 :: 		
0x00F4	0x6A51      	CLRF        WordToStr_len_L0 
L_WordToStr11:
0x00F6	0x0E05      	MOVLW       5
0x00F8	0x5C51      	SUBWF       WordToStr_len_L0, 0 
0x00FA	0xE20A      	BC          L_WordToStr12
;__Lib_Conversions.c,104 :: 		
0x00FC	0x5051      	MOVF        WordToStr_len_L0, 0 
0x00FE	0x244F      	ADDWF       FARG_WordToStr_output, 0 
0x0100	0x6EE1      	MOVWF       FSR1L 
0x0102	0x0E00      	MOVLW       0
0x0104	0x2050      	ADDWFC      FARG_WordToStr_output+1, 0 
0x0106	0x6EE2      	MOVWF       FSR1L+1 
0x0108	0x0E20      	MOVLW       32
0x010A	0x6EE6      	MOVWF       POSTINC1 
;__Lib_Conversions.c,103 :: 		
0x010C	0x2A51      	INCF        WordToStr_len_L0, 1 
;__Lib_Conversions.c,104 :: 		
0x010E	0xD7F3      	BRA         L_WordToStr11
L_WordToStr12:
;__Lib_Conversions.c,105 :: 		
0x0110	0x5051      	MOVF        WordToStr_len_L0, 0 
0x0112	0x244F      	ADDWF       FARG_WordToStr_output, 0 
0x0114	0x6EE1      	MOVWF       FSR1L 
0x0116	0x0E00      	MOVLW       0
0x0118	0x2050      	ADDWFC      FARG_WordToStr_output+1, 0 
0x011A	0x6EE2      	MOVWF       FSR1L+1 
0x011C	0x6AE6      	CLRF        POSTINC1 
0x011E	0x0651      	DECF        WordToStr_len_L0, 1 
;__Lib_Conversions.c,107 :: 		
L_WordToStr14:
;__Lib_Conversions.c,108 :: 		
0x0120	0x5051      	MOVF        WordToStr_len_L0, 0 
0x0122	0x244F      	ADDWF       FARG_WordToStr_output, 0 
0x0124	0x6E52      	MOVWF       FLOC__WordToStr 
0x0126	0x0E00      	MOVLW       0
0x0128	0x2050      	ADDWFC      FARG_WordToStr_output+1, 0 
0x012A	0x6E53      	MOVWF       FLOC__WordToStr+1 
0x012C	0x0E0A      	MOVLW       10
0x012E	0x6E04      	MOVWF       R4 
0x0130	0x0E00      	MOVLW       0
0x0132	0x6E05      	MOVWF       R5 
0x0134	0xF000C04D  	MOVFF       FARG_WordToStr_input, R0
0x0138	0xF001C04E  	MOVFF       FARG_WordToStr_input+1, R1
0x013C	0xDFC0      	RCALL       _Div_16X16_U
0x013E	0xF000C008  	MOVFF       R8, R0
0x0142	0xF001C009  	MOVFF       R9, R1
0x0146	0x0E30      	MOVLW       48
0x0148	0x2600      	ADDWF       R0, 1 
0x014A	0xFFE1C052  	MOVFF       FLOC__WordToStr, FSR1L
0x014E	0xFFE2C053  	MOVFF       FLOC__WordToStr+1, FSR1H
0x0152	0xFFE6C000  	MOVFF       R0, POSTINC1
;__Lib_Conversions.c,109 :: 		
0x0156	0x0E0A      	MOVLW       10
0x0158	0x6E04      	MOVWF       R4 
0x015A	0x0E00      	MOVLW       0
0x015C	0x6E05      	MOVWF       R5 
0x015E	0xF000C04D  	MOVFF       FARG_WordToStr_input, R0
0x0162	0xF001C04E  	MOVFF       FARG_WordToStr_input+1, R1
0x0166	0xDFAB      	RCALL       _Div_16X16_U
0x0168	0xF04DC000  	MOVFF       R0, FARG_WordToStr_input
0x016C	0xF04EC001  	MOVFF       R1, FARG_WordToStr_input+1
;__Lib_Conversions.c,110 :: 		
0x0170	0x0E00      	MOVLW       0
0x0172	0x1801      	XORWF       R1, 0 
0x0174	0xE102      	BNZ         L__WordToStr379
0x0176	0x0E00      	MOVLW       0
0x0178	0x1800      	XORWF       R0, 0 
L__WordToStr379:
0x017A	0xE101      	BNZ         L_WordToStr16
;__Lib_Conversions.c,111 :: 		
0x017C	0xD002      	BRA         L_WordToStr15
L_WordToStr16:
;__Lib_Conversions.c,112 :: 		
0x017E	0x0651      	DECF        WordToStr_len_L0, 1 
;__Lib_Conversions.c,113 :: 		
0x0180	0xD7CF      	BRA         L_WordToStr14
L_WordToStr15:
;__Lib_Conversions.c,114 :: 		
L_end_WordToStr:
0x0182	0x0012      	RETURN      0
; end of _WordToStr
_Lcd_Chr_CP:
;__Lib_Lcd.c,50 :: 		
;__Lib_Lcd.c,52 :: 		
0x0184	0x9042      	BCF         __Lib_Lcd_cmd_status, BitPos(__Lib_Lcd_cmd_status+0) 
;__Lib_Lcd.c,53 :: 		
0x0186	0xF054C04D  	MOVFF       FARG_Lcd_Chr_CP_out_char, FARG_Lcd_Cmd_out_char
0x018A	0xDF5B      	RCALL       _Lcd_Cmd
;__Lib_Lcd.c,54 :: 		
0x018C	0x8042      	BSF         __Lib_Lcd_cmd_status, BitPos(__Lib_Lcd_cmd_status+0) 
;__Lib_Lcd.c,55 :: 		
L_end_Lcd_Chr_CP:
0x018E	0x0012      	RETURN      0
; end of _Lcd_Chr_CP
_Delay_22us:
;__Lib_Delays.c,15 :: 		void Delay_22us() {
;__Lib_Delays.c,16 :: 		Delay_us(22);
0x0190	0x0E0E      	MOVLW       14
0x0192	0x6E0D      	MOVWF       R13, 0
L_Delay_22us1:
0x0194	0x2E0D      	DECFSZ      R13, 1, 0
0x0196	0xD7FE      	BRA         L_Delay_22us1
0x0198	0x0000      	NOP
;__Lib_Delays.c,17 :: 		}
L_end_Delay_22us:
0x019A	0x0012      	RETURN      0
; end of _Delay_22us
_ADC_Init:
;__Lib_ADC_A_D.c,13 :: 		
;__Lib_ADC_A_D.c,14 :: 		
0x019C	0x0EFF      	MOVLW       _ADC_Get_Sample
0x019E	0x6E3E      	MOVWF       _ADC_Get_Sample_Ptr 
0x01A0	0x0EFF      	MOVLW       hi_addr(_ADC_Get_Sample)
0x01A2	0x6E3F      	MOVWF       _ADC_Get_Sample_Ptr+1 
0x01A4	0x0EFF      	MOVLW       FARG_ADC_Get_Sample_channel
0x01A6	0x6E40      	MOVWF       _ADC_Get_Sample_Ptr+2 
0x01A8	0x0EFF      	MOVLW       hi_addr(FARG_ADC_Get_Sample_channel)
0x01AA	0x6E41      	MOVWF       _ADC_Get_Sample_Ptr+3 
;__Lib_ADC_A_D.c,16 :: 		
0x01AC	0x6AC2      	CLRF        ADCON0 
;__Lib_ADC_A_D.c,17 :: 		
0x01AE	0x1C2B      	COMF        _vref_mask, 0 
0x01B0	0x6E00      	MOVWF       R0 
0x01B2	0x5000      	MOVF        R0, 0 
0x01B4	0x16C1      	ANDWF       ADCON1, 1 
;__Lib_ADC_A_D.c,18 :: 		
0x01B6	0x0E07      	MOVLW       7
0x01B8	0x12C0      	IORWF       ADCON2, 1 
;__Lib_ADC_A_D.c,19 :: 		
0x01BA	0x8EC0      	BSF         ADCON2, 7 
;__Lib_ADC_A_D.c,20 :: 		
0x01BC	0x80C2      	BSF         ADCON0, 0 
;__Lib_ADC_A_D.c,21 :: 		
L_end_ADC_Init:
0x01BE	0x0012      	RETURN      0
; end of _ADC_Init
___CC2DW:
;__Lib_System.c,21 :: 		
;__Lib_System.c,23 :: 		
_CC2DL_Loop1:
;__Lib_System.c,24 :: 		
0x01C0	0x0009      	TBLRD*+
;__Lib_System.c,25 :: 		
0x01C2	0xFFE6CFF5  	MOVFF       TABLAT, POSTINC1
;__Lib_System.c,26 :: 		
0x01C6	0x0600      	DECF        R0, 1, 0
;__Lib_System.c,27 :: 		
0x01C8	0xE1FB      	BNZ         _CC2DL_Loop1
;__Lib_System.c,28 :: 		
0x01CA	0x0601      	DECF        R1, 1, 0
;__Lib_System.c,29 :: 		
0x01CC	0xE1F9      	BNZ         _CC2DL_Loop1
;__Lib_System.c,31 :: 		
L_end___CC2DW:
0x01CE	0x0012      	RETURN      0
; end of ___CC2DW
_config_io:
;AD_MOD.c,19 :: 		void config_io()
;AD_MOD.c,21 :: 		ADCON1=0x0E; // Configura o Pino (AN0) como canal analógico e o restante com digital
0x01D0	0x0E0E      	MOVLW       14
0x01D2	0x6EC1      	MOVWF       ADCON1 
;AD_MOD.c,22 :: 		TRISE=0x00; // Configura como Pinos de saída Digital
0x01D4	0x6A96      	CLRF        TRISE 
;AD_MOD.c,23 :: 		TRISD=0x00; // Configura como Pinos de saída Digital
0x01D6	0x6A95      	CLRF        TRISD 
;AD_MOD.c,24 :: 		PORTE.RE1=0; // Seleciona como '0' o pino RE1 (R/W do display de lCD)
0x01D8	0x9284      	BCF         PORTE, 1 
;AD_MOD.c,25 :: 		}
L_end_config_io:
0x01DA	0x0012      	RETURN      0
; end of _config_io
_Lcd_Init:
;__Lib_Lcd.c,84 :: 		
;__Lib_Lcd.c,86 :: 		
0x01DC	0x9496      	BCF         lcd_en_direction, BitPos(lcd_en_direction+0) 
;__Lib_Lcd.c,87 :: 		
0x01DE	0x9096      	BCF         lcd_rs_direction, BitPos(lcd_rs_direction+0) 
;__Lib_Lcd.c,88 :: 		
0x01E0	0x9895      	BCF         lcd_d4_direction, BitPos(lcd_d4_direction+0) 
;__Lib_Lcd.c,89 :: 		
0x01E2	0x9A95      	BCF         lcd_d5_direction, BitPos(lcd_d5_direction+0) 
;__Lib_Lcd.c,90 :: 		
0x01E4	0x9C95      	BCF         lcd_d6_direction, BitPos(lcd_d6_direction+0) 
;__Lib_Lcd.c,91 :: 		
0x01E6	0x9E95      	BCF         lcd_d7_direction, BitPos(lcd_d7_direction+0) 
;__Lib_Lcd.c,93 :: 		
0x01E8	0x9484      	BCF         lcd_en, BitPos(lcd_en+0) 
;__Lib_Lcd.c,94 :: 		
0x01EA	0x9084      	BCF         lcd_rs, BitPos(lcd_rs+0) 
;__Lib_Lcd.c,95 :: 		
0x01EC	0x9E83      	BCF         lcd_d7, BitPos(lcd_d7+0) 
;__Lib_Lcd.c,96 :: 		
0x01EE	0x9C83      	BCF         lcd_d6, BitPos(lcd_d6+0) 
;__Lib_Lcd.c,97 :: 		
0x01F0	0x9A83      	BCF         lcd_d5, BitPos(lcd_d5+0) 
;__Lib_Lcd.c,98 :: 		
0x01F2	0x9883      	BCF         lcd_d4, BitPos(lcd_d4+0) 
;__Lib_Lcd.c,100 :: 		
0x01F4	0xDF13      	RCALL       _Delay_5500us
;__Lib_Lcd.c,101 :: 		
0x01F6	0xDF12      	RCALL       _Delay_5500us
;__Lib_Lcd.c,102 :: 		
0x01F8	0xDF11      	RCALL       _Delay_5500us
;__Lib_Lcd.c,105 :: 		
0x01FA	0x8A83      	BSF         lcd_d5, BitPos(lcd_d5+0) 
;__Lib_Lcd.c,106 :: 		
0x01FC	0x8883      	BSF         lcd_d4, BitPos(lcd_d4+0) 
;__Lib_Lcd.c,107 :: 		
0x01FE	0x8484      	BSF         lcd_en, BitPos(lcd_en+0) 
;__Lib_Lcd.c,108 :: 		
0x0200	0xDF1D      	RCALL       _Delay_1us
;__Lib_Lcd.c,109 :: 		
0x0202	0x9484      	BCF         lcd_en, BitPos(lcd_en+0) 
;__Lib_Lcd.c,110 :: 		
0x0204	0xDF0B      	RCALL       _Delay_5500us
;__Lib_Lcd.c,112 :: 		
0x0206	0x8484      	BSF         lcd_en, BitPos(lcd_en+0) 
;__Lib_Lcd.c,113 :: 		
0x0208	0xDF19      	RCALL       _Delay_1us
;__Lib_Lcd.c,114 :: 		
0x020A	0x9484      	BCF         lcd_en, BitPos(lcd_en+0) 
;__Lib_Lcd.c,115 :: 		
0x020C	0xDF07      	RCALL       _Delay_5500us
;__Lib_Lcd.c,117 :: 		
0x020E	0x8484      	BSF         lcd_en, BitPos(lcd_en+0) 
;__Lib_Lcd.c,118 :: 		
0x0210	0xDF15      	RCALL       _Delay_1us
;__Lib_Lcd.c,119 :: 		
0x0212	0x9484      	BCF         lcd_en, BitPos(lcd_en+0) 
;__Lib_Lcd.c,120 :: 		
0x0214	0xDF03      	RCALL       _Delay_5500us
;__Lib_Lcd.c,123 :: 		
0x0216	0x9883      	BCF         lcd_d4, BitPos(lcd_d4+0) 
;__Lib_Lcd.c,124 :: 		
0x0218	0x8484      	BSF         lcd_en, BitPos(lcd_en+0) 
;__Lib_Lcd.c,125 :: 		
0x021A	0xDF10      	RCALL       _Delay_1us
;__Lib_Lcd.c,126 :: 		
0x021C	0x9484      	BCF         lcd_en, BitPos(lcd_en+0) 
;__Lib_Lcd.c,127 :: 		
0x021E	0xDEFE      	RCALL       _Delay_5500us
;__Lib_Lcd.c,130 :: 		
0x0220	0x8484      	BSF         lcd_en, BitPos(lcd_en+0) 
;__Lib_Lcd.c,131 :: 		
0x0222	0xDF0C      	RCALL       _Delay_1us
;__Lib_Lcd.c,132 :: 		
0x0224	0x9484      	BCF         lcd_en, BitPos(lcd_en+0) 
;__Lib_Lcd.c,134 :: 		
0x0226	0x9A83      	BCF         lcd_d5, BitPos(lcd_d5+0) 
;__Lib_Lcd.c,135 :: 		
0x0228	0x8E83      	BSF         lcd_d7, BitPos(lcd_d7+0) 
;__Lib_Lcd.c,136 :: 		
0x022A	0x8484      	BSF         lcd_en, BitPos(lcd_en+0) 
;__Lib_Lcd.c,137 :: 		
0x022C	0xDF07      	RCALL       _Delay_1us
;__Lib_Lcd.c,138 :: 		
0x022E	0x9484      	BCF         lcd_en, BitPos(lcd_en+0) 
;__Lib_Lcd.c,139 :: 		
0x0230	0xDEF5      	RCALL       _Delay_5500us
;__Lib_Lcd.c,142 :: 		
0x0232	0x9E83      	BCF         lcd_d7, BitPos(lcd_d7+0) 
;__Lib_Lcd.c,143 :: 		
0x0234	0x8883      	BSF         lcd_d4, BitPos(lcd_d4+0) 
;__Lib_Lcd.c,144 :: 		
0x0236	0x8484      	BSF         lcd_en, BitPos(lcd_en+0) 
;__Lib_Lcd.c,145 :: 		
0x0238	0xDF01      	RCALL       _Delay_1us
;__Lib_Lcd.c,146 :: 		
0x023A	0x9484      	BCF         lcd_en, BitPos(lcd_en+0) 
;__Lib_Lcd.c,148 :: 		
0x023C	0x9883      	BCF         lcd_d4, BitPos(lcd_d4+0) 
;__Lib_Lcd.c,149 :: 		
0x023E	0x8484      	BSF         lcd_en, BitPos(lcd_en+0) 
;__Lib_Lcd.c,150 :: 		
0x0240	0xDEFD      	RCALL       _Delay_1us
;__Lib_Lcd.c,151 :: 		
0x0242	0x9484      	BCF         lcd_en, BitPos(lcd_en+0) 
;__Lib_Lcd.c,152 :: 		
0x0244	0xDEEB      	RCALL       _Delay_5500us
;__Lib_Lcd.c,155 :: 		
0x0246	0x8484      	BSF         lcd_en, BitPos(lcd_en+0) 
;__Lib_Lcd.c,156 :: 		
0x0248	0xDEF9      	RCALL       _Delay_1us
;__Lib_Lcd.c,157 :: 		
0x024A	0x9484      	BCF         lcd_en, BitPos(lcd_en+0) 
;__Lib_Lcd.c,159 :: 		
0x024C	0x8883      	BSF         lcd_d4, BitPos(lcd_d4+0) 
;__Lib_Lcd.c,160 :: 		
0x024E	0x8484      	BSF         lcd_en, BitPos(lcd_en+0) 
;__Lib_Lcd.c,161 :: 		
0x0250	0xDEF5      	RCALL       _Delay_1us
;__Lib_Lcd.c,162 :: 		
0x0252	0x9484      	BCF         lcd_en, BitPos(lcd_en+0) 
;__Lib_Lcd.c,163 :: 		
0x0254	0xDEE3      	RCALL       _Delay_5500us
;__Lib_Lcd.c,166 :: 		
0x0256	0x9883      	BCF         lcd_d4, BitPos(lcd_d4+0) 
;__Lib_Lcd.c,167 :: 		
0x0258	0x8484      	BSF         lcd_en, BitPos(lcd_en+0) 
;__Lib_Lcd.c,168 :: 		
0x025A	0xDEF0      	RCALL       _Delay_1us
;__Lib_Lcd.c,169 :: 		
0x025C	0x9484      	BCF         lcd_en, BitPos(lcd_en+0) 
;__Lib_Lcd.c,171 :: 		
0x025E	0x8E83      	BSF         lcd_d7, BitPos(lcd_d7+0) 
;__Lib_Lcd.c,172 :: 		
0x0260	0x8C83      	BSF         lcd_d6, BitPos(lcd_d6+0) 
;__Lib_Lcd.c,173 :: 		
0x0262	0x8A83      	BSF         lcd_d5, BitPos(lcd_d5+0) 
;__Lib_Lcd.c,174 :: 		
0x0264	0x8883      	BSF         lcd_d4, BitPos(lcd_d4+0) 
;__Lib_Lcd.c,175 :: 		
0x0266	0x8484      	BSF         lcd_en, BitPos(lcd_en+0) 
;__Lib_Lcd.c,176 :: 		
0x0268	0xDEE9      	RCALL       _Delay_1us
;__Lib_Lcd.c,177 :: 		
0x026A	0x9484      	BCF         lcd_en, BitPos(lcd_en+0) 
;__Lib_Lcd.c,179 :: 		
0x026C	0xDED7      	RCALL       _Delay_5500us
;__Lib_Lcd.c,181 :: 		
0x026E	0x8042      	BSF         __Lib_Lcd_cmd_status, BitPos(__Lib_Lcd_cmd_status+0) 
;__Lib_Lcd.c,182 :: 		
L_end_Lcd_Init:
0x0270	0x0012      	RETURN      0
; end of _Lcd_Init
_ADC_Read:
;__Lib_ADC_A_D.c,51 :: 		
;__Lib_ADC_A_D.c,54 :: 		
0x0272	0x6AC2      	CLRF        ADCON0 
;__Lib_ADC_A_D.c,55 :: 		
0x0274	0x1C2B      	COMF        _vref_mask, 0 
0x0276	0x6E00      	MOVWF       R0 
0x0278	0x5000      	MOVF        R0, 0 
0x027A	0x16C1      	ANDWF       ADCON1, 1 
;__Lib_ADC_A_D.c,56 :: 		
0x027C	0x0E07      	MOVLW       7
0x027E	0x12C0      	IORWF       ADCON2, 1 
;__Lib_ADC_A_D.c,57 :: 		
0x0280	0x8EC0      	BSF         ADCON2, 7 
;__Lib_ADC_A_D.c,58 :: 		
0x0282	0xF000C043  	MOVFF       FARG_ADC_Read_channel, R0
0x0286	0x3600      	RLCF        R0, 1 
0x0288	0x9000      	BCF         R0, 0 
0x028A	0x3600      	RLCF        R0, 1 
0x028C	0x9000      	BCF         R0, 0 
0x028E	0x5000      	MOVF        R0, 0 
0x0290	0x12C2      	IORWF       ADCON0, 1 
;__Lib_ADC_A_D.c,59 :: 		
0x0292	0x80C2      	BSF         ADCON0, 0 
;__Lib_ADC_A_D.c,60 :: 		
0x0294	0xDF7D      	RCALL       _Delay_22us
;__Lib_ADC_A_D.c,61 :: 		
0x0296	0x82C2      	BSF         ADCON0, 1 
;__Lib_ADC_A_D.c,62 :: 		
L_ADC_Read2:
0x0298	0xA2C2      	BTFSS       ADCON0, 1 
0x029A	0xD001      	BRA         L_ADC_Read3
;__Lib_ADC_A_D.c,63 :: 		
0x029C	0xD7FD      	BRA         L_ADC_Read2
L_ADC_Read3:
;__Lib_ADC_A_D.c,64 :: 		
0x029E	0xF001CFC4  	MOVFF       ADRESH, R1
0x02A2	0x6A00      	CLRF        R0 
;__Lib_ADC_A_D.c,65 :: 		
0x02A4	0x50C3      	MOVF        ADRESL, 0 
0x02A6	0x1200      	IORWF       R0, 1 
0x02A8	0x0E00      	MOVLW       0
0x02AA	0x1201      	IORWF       R1, 1 
;__Lib_ADC_A_D.c,66 :: 		
0x02AC	0x90C2      	BCF         ADCON0, 0 
;__Lib_ADC_A_D.c,68 :: 		
;__Lib_ADC_A_D.c,69 :: 		
L_end_ADC_Read:
0x02AE	0x0012      	RETURN      0
; end of _ADC_Read
_IntToStr:
;__Lib_Conversions.c,195 :: 		
;__Lib_Conversions.c,201 :: 		
0x02B0	0x6A49      	CLRF        IntToStr_negative_L0 
0x02B2	0x6A4A      	CLRF        IntToStr_negative_L0+1 
;__Lib_Conversions.c,202 :: 		
0x02B4	0xF04BC043  	MOVFF       FARG_IntToStr_input, IntToStr_inword_L0
0x02B8	0xF04CC044  	MOVFF       FARG_IntToStr_input+1, IntToStr_inword_L0+1
;__Lib_Conversions.c,203 :: 		
0x02BC	0x0E80      	MOVLW       128
0x02BE	0x1844      	XORWF       FARG_IntToStr_input+1, 0 
0x02C0	0x6E00      	MOVWF       R0 
0x02C2	0x0E80      	MOVLW       128
0x02C4	0x5C00      	SUBWF       R0, 0 
0x02C6	0xE102      	BNZ         L__IntToStr387
0x02C8	0x0E00      	MOVLW       0
0x02CA	0x5C43      	SUBWF       FARG_IntToStr_input, 0 
L__IntToStr387:
0x02CC	0xE20B      	BC          L_IntToStr37
;__Lib_Conversions.c,204 :: 		
0x02CE	0x0E01      	MOVLW       1
0x02D0	0x6E49      	MOVWF       IntToStr_negative_L0 
0x02D2	0x0E00      	MOVLW       0
0x02D4	0x6E4A      	MOVWF       IntToStr_negative_L0+1 
;__Lib_Conversions.c,205 :: 		
0x02D6	0x5043      	MOVF        FARG_IntToStr_input, 0 
0x02D8	0x0800      	SUBLW       0
0x02DA	0x6E4B      	MOVWF       IntToStr_inword_L0 
0x02DC	0xF04CC044  	MOVFF       FARG_IntToStr_input+1, IntToStr_inword_L0+1
0x02E0	0x0E00      	MOVLW       0
0x02E2	0x564C      	SUBFWB      IntToStr_inword_L0+1, 1 
;__Lib_Conversions.c,206 :: 		
L_IntToStr37:
;__Lib_Conversions.c,207 :: 		
0x02E4	0xF04DC04B  	MOVFF       IntToStr_inword_L0, FARG_WordToStr_input
0x02E8	0xF04EC04C  	MOVFF       IntToStr_inword_L0+1, FARG_WordToStr_input+1
0x02EC	0xF04FC045  	MOVFF       FARG_IntToStr_output, FARG_WordToStr_output
0x02F0	0xF050C046  	MOVFF       FARG_IntToStr_output+1, FARG_WordToStr_output+1
0x02F4	0xDEFF      	RCALL       _WordToStr
;__Lib_Conversions.c,209 :: 		
0x02F6	0x0E06      	MOVLW       6
0x02F8	0x6E47      	MOVWF       IntToStr_i_L0 
0x02FA	0x0E00      	MOVLW       0
0x02FC	0x6E48      	MOVWF       IntToStr_i_L0+1 
;__Lib_Conversions.c,210 :: 		
L_IntToStr38:
0x02FE	0x0E00      	MOVLW       0
0x0300	0x6E00      	MOVWF       R0 
0x0302	0x5048      	MOVF        IntToStr_i_L0+1, 0 
0x0304	0x5C00      	SUBWF       R0, 0 
0x0306	0xE102      	BNZ         L__IntToStr388
0x0308	0x5047      	MOVF        IntToStr_i_L0, 0 
0x030A	0x0800      	SUBLW       0
L__IntToStr388:
0x030C	0xE219      	BC          L_IntToStr39
;__Lib_Conversions.c,211 :: 		
0x030E	0x5047      	MOVF        IntToStr_i_L0, 0 
0x0310	0x2445      	ADDWF       FARG_IntToStr_output, 0 
0x0312	0x6EE1      	MOVWF       FSR1L 
0x0314	0x5048      	MOVF        IntToStr_i_L0+1, 0 
0x0316	0x2046      	ADDWFC      FARG_IntToStr_output+1, 0 
0x0318	0x6EE2      	MOVWF       FSR1L+1 
0x031A	0x0E01      	MOVLW       1
0x031C	0x5C47      	SUBWF       IntToStr_i_L0, 0 
0x031E	0x6E00      	MOVWF       R0 
0x0320	0x0E00      	MOVLW       0
0x0322	0x5848      	SUBWFB      IntToStr_i_L0+1, 0 
0x0324	0x6E01      	MOVWF       R1 
0x0326	0x5000      	MOVF        R0, 0 
0x0328	0x2445      	ADDWF       FARG_IntToStr_output, 0 
0x032A	0x6EE9      	MOVWF       FSR0L 
0x032C	0x5001      	MOVF        R1, 0 
0x032E	0x2046      	ADDWFC      FARG_IntToStr_output+1, 0 
0x0330	0x6EEA      	MOVWF       FSR0L+1 
0x0332	0xFFE6CFEE  	MOVFF       POSTINC0, POSTINC1
;__Lib_Conversions.c,212 :: 		
0x0336	0x0E01      	MOVLW       1
0x0338	0x5E47      	SUBWF       IntToStr_i_L0, 1 
0x033A	0x0E00      	MOVLW       0
0x033C	0x5A48      	SUBWFB      IntToStr_i_L0+1, 1 
;__Lib_Conversions.c,213 :: 		
0x033E	0xD7DF      	BRA         L_IntToStr38
L_IntToStr39:
;__Lib_Conversions.c,214 :: 		
0x0340	0xFFE1C045  	MOVFF       FARG_IntToStr_output, FSR1L
0x0344	0xFFE2C046  	MOVFF       FARG_IntToStr_output+1, FSR1H
0x0348	0x0E20      	MOVLW       32
0x034A	0x6EE6      	MOVWF       POSTINC1 
;__Lib_Conversions.c,215 :: 		
0x034C	0x5049      	MOVF        IntToStr_negative_L0, 0 
0x034E	0x104A      	IORWF       IntToStr_negative_L0+1, 0 
0x0350	0xE01A      	BZ          L_IntToStr40
;__Lib_Conversions.c,216 :: 		
0x0352	0x6A47      	CLRF        IntToStr_i_L0 
0x0354	0x6A48      	CLRF        IntToStr_i_L0+1 
;__Lib_Conversions.c,217 :: 		
L_IntToStr41:
0x0356	0x5047      	MOVF        IntToStr_i_L0, 0 
0x0358	0x2445      	ADDWF       FARG_IntToStr_output, 0 
0x035A	0x6EE9      	MOVWF       FSR0L 
0x035C	0x5048      	MOVF        IntToStr_i_L0+1, 0 
0x035E	0x2046      	ADDWFC      FARG_IntToStr_output+1, 0 
0x0360	0x6EEA      	MOVWF       FSR0L+1 
0x0362	0x50EE      	MOVF        POSTINC0, 0 
0x0364	0x0A20      	XORLW       32
0x0366	0xE103      	BNZ         L_IntToStr42
0x0368	0x4A47      	INFSNZ      IntToStr_i_L0, 1 
0x036A	0x2A48      	INCF        IntToStr_i_L0+1, 1 
0x036C	0xD7F4      	BRA         L_IntToStr41
L_IntToStr42:
;__Lib_Conversions.c,218 :: 		
0x036E	0x0E01      	MOVLW       1
0x0370	0x5E47      	SUBWF       IntToStr_i_L0, 1 
0x0372	0x0E00      	MOVLW       0
0x0374	0x5A48      	SUBWFB      IntToStr_i_L0+1, 1 
;__Lib_Conversions.c,219 :: 		
0x0376	0x5047      	MOVF        IntToStr_i_L0, 0 
0x0378	0x2445      	ADDWF       FARG_IntToStr_output, 0 
0x037A	0x6EE1      	MOVWF       FSR1L 
0x037C	0x5048      	MOVF        IntToStr_i_L0+1, 0 
0x037E	0x2046      	ADDWFC      FARG_IntToStr_output+1, 0 
0x0380	0x6EE2      	MOVWF       FSR1L+1 
0x0382	0x0E2D      	MOVLW       45
0x0384	0x6EE6      	MOVWF       POSTINC1 
L_IntToStr40:
;__Lib_Conversions.c,220 :: 		
L_end_IntToStr:
0x0386	0x0012      	RETURN      0
; end of _IntToStr
_Lcd_Out:
;__Lib_Lcd.c,184 :: 		
;__Lib_Lcd.c,187 :: 		
0x0388	0xD00F      	BRA         L_Lcd_Out11
;__Lib_Lcd.c,188 :: 		
L_Lcd_Out13:
0x038A	0x0E80      	MOVLW       128
0x038C	0x6E43      	MOVWF       FARG_Lcd_Out_row 
0x038E	0xD019      	BRA         L_Lcd_Out12
;__Lib_Lcd.c,189 :: 		
L_Lcd_Out14:
0x0390	0x0EC0      	MOVLW       192
0x0392	0x6E43      	MOVWF       FARG_Lcd_Out_row 
0x0394	0xD016      	BRA         L_Lcd_Out12
;__Lib_Lcd.c,190 :: 		
L_Lcd_Out15:
0x0396	0x0E94      	MOVLW       148
0x0398	0x6E43      	MOVWF       FARG_Lcd_Out_row 
0x039A	0xD013      	BRA         L_Lcd_Out12
;__Lib_Lcd.c,191 :: 		
L_Lcd_Out16:
0x039C	0x0ED4      	MOVLW       212
0x039E	0x6E43      	MOVWF       FARG_Lcd_Out_row 
0x03A0	0xD010      	BRA         L_Lcd_Out12
;__Lib_Lcd.c,192 :: 		
L_Lcd_Out17:
0x03A2	0x0E80      	MOVLW       128
0x03A4	0x6E43      	MOVWF       FARG_Lcd_Out_row 
;__Lib_Lcd.c,193 :: 		
0x03A6	0xD00D      	BRA         L_Lcd_Out12
L_Lcd_Out11:
0x03A8	0x5043      	MOVF        FARG_Lcd_Out_row, 0 
0x03AA	0x0A01      	XORLW       1
0x03AC	0xE0EE      	BZ          L_Lcd_Out13
0x03AE	0x5043      	MOVF        FARG_Lcd_Out_row, 0 
0x03B0	0x0A02      	XORLW       2
0x03B2	0xE0EE      	BZ          L_Lcd_Out14
0x03B4	0x5043      	MOVF        FARG_Lcd_Out_row, 0 
0x03B6	0x0A03      	XORLW       3
0x03B8	0xE0EE      	BZ          L_Lcd_Out15
0x03BA	0x5043      	MOVF        FARG_Lcd_Out_row, 0 
0x03BC	0x0A04      	XORLW       4
0x03BE	0xE0EE      	BZ          L_Lcd_Out16
0x03C0	0xD7F0      	BRA         L_Lcd_Out17
L_Lcd_Out12:
;__Lib_Lcd.c,194 :: 		
0x03C2	0x0444      	DECF        FARG_Lcd_Out_column, 0 
0x03C4	0x6E00      	MOVWF       R0 
0x03C6	0x5043      	MOVF        FARG_Lcd_Out_row, 0 
0x03C8	0x2600      	ADDWF       R0, 1 
0x03CA	0xF043C000  	MOVFF       R0, FARG_Lcd_Out_row
;__Lib_Lcd.c,196 :: 		
0x03CE	0xF054C000  	MOVFF       R0, FARG_Lcd_Cmd_out_char
0x03D2	0xDE37      	RCALL       _Lcd_Cmd
;__Lib_Lcd.c,197 :: 		
0x03D4	0x9042      	BCF         __Lib_Lcd_cmd_status, BitPos(__Lib_Lcd_cmd_status+0) 
;__Lib_Lcd.c,198 :: 		
0x03D6	0x6A47      	CLRF        Lcd_Out_i_L0 
;__Lib_Lcd.c,199 :: 		
L_Lcd_Out18:
0x03D8	0x5047      	MOVF        Lcd_Out_i_L0, 0 
0x03DA	0x2445      	ADDWF       FARG_Lcd_Out_text, 0 
0x03DC	0x6EE9      	MOVWF       FSR0L 
0x03DE	0x0E00      	MOVLW       0
0x03E0	0x2046      	ADDWFC      FARG_Lcd_Out_text+1, 0 
0x03E2	0x6EEA      	MOVWF       FSR0L+1 
0x03E4	0x52EE      	MOVF        POSTINC0, 1 
0x03E6	0xE00B      	BZ          L_Lcd_Out19
;__Lib_Lcd.c,200 :: 		
0x03E8	0x5047      	MOVF        Lcd_Out_i_L0, 0 
0x03EA	0x2445      	ADDWF       FARG_Lcd_Out_text, 0 
0x03EC	0x6EE9      	MOVWF       FSR0L 
0x03EE	0x0E00      	MOVLW       0
0x03F0	0x2046      	ADDWFC      FARG_Lcd_Out_text+1, 0 
0x03F2	0x6EEA      	MOVWF       FSR0L+1 
0x03F4	0xF04DCFEE  	MOVFF       POSTINC0, FARG_Lcd_Chr_CP_out_char
0x03F8	0xDEC5      	RCALL       _Lcd_Chr_CP
0x03FA	0x2A47      	INCF        Lcd_Out_i_L0, 1 
0x03FC	0xD7ED      	BRA         L_Lcd_Out18
L_Lcd_Out19:
;__Lib_Lcd.c,201 :: 		
0x03FE	0x8042      	BSF         __Lib_Lcd_cmd_status, BitPos(__Lib_Lcd_cmd_status+0) 
;__Lib_Lcd.c,202 :: 		
L_end_Lcd_Out:
0x0400	0x0012      	RETURN      0
; end of _Lcd_Out
_main:
0x0402	0xF002EC44  	CALL        1160, 0
;AD_MOD.c,27 :: 		void main()
;AD_MOD.c,29 :: 		config_io(); // inicializa função de configuração dos pinos de IO
0x0406	0xDEE4      	RCALL       _config_io
;AD_MOD.c,30 :: 		ADC_Init(); // Inicia o canal analógico
0x0408	0xDEC9      	RCALL       _ADC_Init
;AD_MOD.c,31 :: 		Lcd_Init(); // Inicia o LCD
0x040A	0xDEE8      	RCALL       _Lcd_Init
;AD_MOD.c,32 :: 		Lcd_Cmd(_LCD_CLEAR); // Limpa o Display de LCD
0x040C	0x0E01      	MOVLW       1
0x040E	0x6E54      	MOVWF       FARG_Lcd_Cmd_out_char 
0x0410	0xDE18      	RCALL       _Lcd_Cmd
;AD_MOD.c,33 :: 		Lcd_Cmd(_LCD_CURSOR_OFF); // Desliga o cursor do LCD
0x0412	0x0E0C      	MOVLW       12
0x0414	0x6E54      	MOVWF       FARG_Lcd_Cmd_out_char 
0x0416	0xDE15      	RCALL       _Lcd_Cmd
;AD_MOD.c,35 :: 		LCD_Out(1,1,"Valor da A/D PIC");  // Texto inicial no display de lcd
0x0418	0x0E01      	MOVLW       1
0x041A	0x6E43      	MOVWF       FARG_Lcd_Out_row 
0x041C	0x0E01      	MOVLW       1
0x041E	0x6E44      	MOVWF       FARG_Lcd_Out_column 
0x0420	0x0E1A      	MOVLW       ?lstr1_AD_MOD
0x0422	0x6E45      	MOVWF       FARG_Lcd_Out_text 
0x0424	0x0E00      	MOVLW       hi_addr(?lstr1_AD_MOD)
0x0426	0x6E46      	MOVWF       FARG_Lcd_Out_text+1 
0x0428	0xDFAF      	RCALL       _Lcd_Out
;AD_MOD.c,37 :: 		while(1)
L_main0:
;AD_MOD.c,40 :: 		iAN0= ADC_Read(0); // realiza a leitura do canal analógico AN0
0x042A	0x6A43      	CLRF        FARG_ADC_Read_channel 
0x042C	0xDF22      	RCALL       _ADC_Read
0x042E	0xF03CC000  	MOVFF       R0, _iAN0
0x0432	0xF03DC001  	MOVFF       R1, _iAN0+1
;AD_MOD.c,41 :: 		IntToStr(iAN0,sText); // converte a variável do tipo inteiro para string para impressão no Display de LCD
0x0436	0xF043C000  	MOVFF       R0, FARG_IntToStr_input
0x043A	0xF044C001  	MOVFF       R1, FARG_IntToStr_input+1
0x043E	0x0E2C      	MOVLW       _sText
0x0440	0x6E45      	MOVWF       FARG_IntToStr_output 
0x0442	0x0E00      	MOVLW       hi_addr(_sText)
0x0444	0x6E46      	MOVWF       FARG_IntToStr_output+1 
0x0446	0xDF34      	RCALL       _IntToStr
;AD_MOD.c,42 :: 		LCD_Out(2,1,"A/D:"); // Texto no display de lcd
0x0448	0x0E02      	MOVLW       2
0x044A	0x6E43      	MOVWF       FARG_Lcd_Out_row 
0x044C	0x0E01      	MOVLW       1
0x044E	0x6E44      	MOVWF       FARG_Lcd_Out_column 
0x0450	0x0E15      	MOVLW       ?lstr2_AD_MOD
0x0452	0x6E45      	MOVWF       FARG_Lcd_Out_text 
0x0454	0x0E00      	MOVLW       hi_addr(?lstr2_AD_MOD)
0x0456	0x6E46      	MOVWF       FARG_Lcd_Out_text+1 
0x0458	0xDF97      	RCALL       _Lcd_Out
;AD_MOD.c,43 :: 		LCD_Out(2,5,sText+2); // Imprime o valor convertido da A/D em string no lCD e desloca 2 casas para esquerda na string
0x045A	0x0E02      	MOVLW       2
0x045C	0x6E43      	MOVWF       FARG_Lcd_Out_row 
0x045E	0x0E05      	MOVLW       5
0x0460	0x6E44      	MOVWF       FARG_Lcd_Out_column 
0x0462	0x0E2E      	MOVLW       _sText+2
0x0464	0x6E45      	MOVWF       FARG_Lcd_Out_text 
0x0466	0x0E00      	MOVLW       hi_addr(_sText+2)
0x0468	0x6E46      	MOVWF       FARG_Lcd_Out_text+1 
0x046A	0xDF8E      	RCALL       _Lcd_Out
;AD_MOD.c,45 :: 		}
0x046C	0xD7DE      	BRA         L_main0
;AD_MOD.c,46 :: 		}
L_end_main:
0x046E	0xD7FF      	BRA         $+0
; end of _main
0x0488	0xF015EE10  	LFSR        1, 21
0x048C	0x0E17      	MOVLW       23
0x048E	0x6E00      	MOVWF       R0 
0x0490	0x0E01      	MOVLW       1
0x0492	0x6E01      	MOVWF       R1 
0x0494	0x0E70      	MOVLW       112
0x0496	0x6EF6      	MOVWF       TBLPTR 
0x0498	0x0E04      	MOVLW       4
0x049A	0x6EF7      	MOVWF       TBLPTRH 
0x049C	0x0E00      	MOVLW       0
0x049E	0x6EF8      	MOVWF       TBLPTRU 
0x04A0	0xF000ECE0  	CALL        448, 0
0x04A4	0x0012      	RETURN      0
;AD_MOD.c,0 :: ?ICS?lstr2_AD_MOD
0x0470	0x2F41 ;?ICS?lstr2_AD_MOD+0
0x0472	0x3A44 ;?ICS?lstr2_AD_MOD+2
0x0474	0x00 ;?ICS?lstr2_AD_MOD+4
; end of ?ICS?lstr2_AD_MOD
;AD_MOD.c,0 :: ?ICS?lstr1_AD_MOD
0x0475	0x6156 ;?ICS?lstr1_AD_MOD+0
0x0477	0x6F6C ;?ICS?lstr1_AD_MOD+2
0x0479	0x2072 ;?ICS?lstr1_AD_MOD+4
0x047B	0x6164 ;?ICS?lstr1_AD_MOD+6
0x047D	0x4120 ;?ICS?lstr1_AD_MOD+8
0x047F	0x442F ;?ICS?lstr1_AD_MOD+10
0x0481	0x5020 ;?ICS?lstr1_AD_MOD+12
0x0483	0x4349 ;?ICS?lstr1_AD_MOD+14
0x0485	0x00 ;?ICS?lstr1_AD_MOD+16
; end of ?ICS?lstr1_AD_MOD
;__Lib_ADC_A_D.c,0 :: ?ICS_vref_mask
0x0486	0x30 ;?ICS_vref_mask+0
; end of ?ICS_vref_mask
Symbol List:
//** Routines locations **
//ADDRESS    SIZE    PROCEDURE
//----------------------------------------------
0x001C      [22]    _Delay_5500us
0x0032      [10]    _Delay_50us
0x003C       [6]    _Delay_1us
0x0042     [124]    _Lcd_Cmd
0x00BE      [54]    _Div_16X16_U
0x00F4     [144]    _WordToStr
0x0184      [12]    _Lcd_Chr_CP
0x0190      [12]    _Delay_22us
0x019C      [36]    _ADC_Init
0x01C0      [16]    ___CC2DW
0x01D0      [12]    _config_io
0x01DC     [150]    _Lcd_Init
0x0272      [62]    _ADC_Read
0x02B0     [216]    _IntToStr
0x0388     [122]    _Lcd_Out
0x0402     [110]    _main
//** Variables locations ** 
//ADDRESS    SIZE    VARIABLE
//----------------------------------------------
0x0000       [1]    R0
0x0001       [1]    __Lib_Conversions_Adjust_Hex_tmp_L0
0x0001       [1]    ispunct_rslt_L0
0x0001       [1]    R1
0x0002       [1]    R2
0x0002       [2]    memchr_s_L0
0x0002       [2]    memcpy_dd_L0
0x0002       [2]    strlen_cp_L0
0x0002       [2]    memset_pp_L0
0x0003       [1]    R3
0x0003       [2]    memmove_tt_L0
0x0003       [2]    Ltrim_original_L0
0x0004       [2]    memcpy_ss_L0
0x0004       [2]    strncpy_cp_L0
0x0004       [2]    strcat_cp_L0
0x0004       [2]    strncat_cp_L0
0x0004       [2]    strcpy_cp_L0
0x0004       [1]    R4
0x0005       [1]    R5
0x0005       [2]    LongWordToHex_input_half_L0
0x0005       [2]    memmove_ff_L0
0x0005       [2]    LongIntToHex_input_half_L0
0x0005       [2]    Ltrim_p_L0
0x0006       [1]    R6
0x0007       [1]    R7
0x0008       [1]    R8
0x0009       [1]    R9
0x000A       [1]    R10
0x000B       [1]    R11
0x000C       [1]    R12
0x000D       [1]    R13
0x000E       [1]    R14
0x000F       [1]    R15
0x0010       [1]    R16
0x0011       [1]    R17
0x0012       [1]    R18
0x0013       [1]    R19
0x0014       [1]    R20
0x0015       [5]    ?lstr2_AD_MOD
0x001A      [17]    ?lstr1_AD_MOD
0x002B       [1]    _vref_mask
0x002C      [16]    _sText
0x003C       [2]    _iAN0
0x003E       [4]    _ADC_Get_Sample_Ptr
0x0042       [0]    __Lib_Lcd_cmd_status
0x0043       [1]    FARG_ADC_Read_channel
0x0043       [2]    FARG_IntToStr_input
0x0043       [1]    FARG_Lcd_Out_row
0x0044       [1]    FARG_Lcd_Out_column
0x0045       [2]    FARG_IntToStr_output
0x0045       [2]    FARG_Lcd_Out_text
0x0047       [2]    IntToStr_i_L0
0x0047       [1]    Lcd_Out_i_L0
0x0049       [2]    IntToStr_negative_L0
0x004B       [2]    IntToStr_inword_L0
0x004D       [1]    FARG_Lcd_Chr_CP_out_char
0x004D       [2]    FARG_WordToStr_input
0x004F       [2]    FARG_WordToStr_output
0x0051       [1]    WordToStr_len_L0
0x0052       [2]    FLOC__WordToStr
0x0054       [1]    FARG_Lcd_Cmd_out_char
0x0F83       [0]    RD4_bit
0x0F83       [0]    lcd_d7
0x0F83       [0]    RD7_bit
0x0F83       [0]    RD6_bit
0x0F83       [0]    RD5_bit
0x0F83       [0]    lcd_d5
0x0F83       [0]    lcd_d4
0x0F83       [0]    lcd_d6
0x0F84       [0]    RE2_bit
0x0F84       [0]    RE0_bit
0x0F84       [0]    lcd_en
0x0F84       [0]    lcd_rs
0x0F84       [1]    PORTE
0x0F95       [1]    TRISD
0x0F95       [0]    lcd_d4_direction
0x0F95       [0]    lcd_d7_direction
0x0F95       [0]    lcd_d6_direction
0x0F95       [0]    lcd_d5_direction
0x0F95       [0]    TRISD5_bit
0x0F95       [0]    TRISD6_bit
0x0F95       [0]    TRISD7_bit
0x0F95       [0]    TRISD4_bit
0x0F96       [1]    TRISE
0x0F96       [0]    TRISE2_bit
0x0F96       [0]    TRISE0_bit
0x0F96       [0]    lcd_en_direction
0x0F96       [0]    lcd_rs_direction
0x0FC0       [1]    ADCON2
0x0FC1       [1]    ADCON1
0x0FC2       [1]    ADCON0
0x0FC3       [1]    ADRESL
0x0FC4       [1]    ADRESH
0x0FD8       [1]    STATUS
0x0FD9       [1]    FSR2L
0x0FDA       [1]    FSR2H
0x0FDE       [1]    POSTINC2
0x0FE0       [1]    BSR
0x0FE1       [1]    FSR1L
0x0FE2       [1]    FSR1H
0x0FE4       [1]    PREINC1
0x0FE6       [1]    POSTINC1
0x0FE7       [1]    INDF1
0x0FE8       [1]    WREG
0x0FE9       [1]    FSR0L
0x0FEA       [1]    FSR0H
0x0FEE       [1]    POSTINC0
0x0FF3       [1]    PRODL
0x0FF4       [1]    PRODH
0x0FF5       [1]    TABLAT
0x0FF6       [3]    TBLPTR
0x0FF6       [1]    TBLPTRL
0x0FF7       [1]    TBLPTRH
0x0FF8       [1]    TBLPTRU
//** Constants locations ** 
//ADDRESS    SIZE    CONSTANT
//----------------------------------------------
0x0470       [5]    ?ICS?lstr2_AD_MOD
0x0475      [17]    ?ICS?lstr1_AD_MOD
0x0486       [1]    ?ICS_vref_mask
